2016-04-27T12:25:10+08:00 INFO (6): 
2016-04-27 12:25:10:
**************start*************
{"CustomerCode":"1002","packageMessage":[{"ForecastNumber":"YT1655100008200001","ChannelCode":"DHLCN","Weight":"0.350","Length":"0.0","Width":"0.0","Height":"0.0","ShippingCountryCode":"US","ShippingCountryEnName":"UNITED STATES OF AMERICA","ShippingFirstName":"lucy","ShippingLastName":"","ShippingAddress1":"address1sdfsdfsdf","ShippingAddress2":"","ShippingAddress3":"","ShippingCity":"city","ShippingState":"shenz","ShippingStateCode":"shenz","ShippingPhone":"135623552201","ShippingTaxId":"","ShippingZip":"53620","SenderFirstName":"\u5f20\u4e09","SenderLastName":"","SenderCompany":"\u4e91\u9014\uff08\u6d4b\u8bd5\uff09","SenderAddress":"\u6d4b\u8bd5","SenderState":"\u6d4b\u8bd5","SenderCity":"\u6d4b\u8bd5","SenderPhone":"1300000000","SenderZip":"dsf","SenderCountryCode":null,"applicationInfos":[{"ApplicationEnName":"sljdu","ApplicationCnName":"\u9493\u9c7c\u7aff","UnitPrice":20,"Qty":"1","UnitWeight":"1.000","HSCode":"","SKU":"","Remark":"\u5907\u6ce8","Currency":"USD","SalesUrl":""},{"ApplicationEnName":"sljdu1","ApplicationCnName":"\u9493\u9c7c\u7aff1","UnitPrice":15,"Qty":"1","UnitWeight":"1.000","HSCode":"","SKU":"","Remark":"\u5907\u6ce81","Currency":"USD","SalesUrl":""}]}]}
Array
(
    [ResultCode] => 1009
    [ResultDesc] => The 'ConnectionString.Tms' key does not exist in the configuration file.
    [Item] => 
)
**************end*************
2016-04-27T12:25:10+08:00 INFO (6): 
2016-04-27 12:25:10:
**************start*************
Array
(
    [CustomerCode] => 1002
    [packageMessage] => Array
        (
            [0] => Array
                (
                    [ForecastNumber] => YT1655100008200001
                    [ChannelCode] => DHLCN
                    [Weight] => 0.350
                    [Length] => 0.0
                    [Width] => 0.0
                    [Height] => 0.0
                    [ShippingCountryCode] => US
                    [ShippingCountryEnName] => UNITED STATES OF AMERICA
                    [ShippingFirstName] => lucy
                    [ShippingLastName] => 
                    [ShippingAddress1] => address1sdfsdfsdf
                    [ShippingAddress2] => 
                    [ShippingAddress3] => 
                    [ShippingCity] => city
                    [ShippingState] => shenz
                    [ShippingStateCode] => shenz
                    [ShippingPhone] => 135623552201
                    [ShippingTaxId] => 
                    [ShippingZip] => 53620
                    [SenderFirstName] => 张三
                    [SenderLastName] => 
                    [SenderCompany] => 云途（测试）
                    [SenderAddress] => 测试
                    [SenderState] => 测试
                    [SenderCity] => 测试
                    [SenderPhone] => 1300000000
                    [SenderZip] => dsf
                    [SenderCountryCode] => 
                    [applicationInfos] => Array
                        (
                            [0] => Array
                                (
                                    [ApplicationEnName] => sljdu
                                    [ApplicationCnName] => 钓鱼竿
                                    [UnitPrice] => 20
                                    [Qty] => 1
                                    [UnitWeight] => 1.000
                                    [HSCode] => 
                                    [SKU] => 
                                    [Remark] => 备注
                                    [Currency] => USD
                                    [SalesUrl] => 
                                )

                            [1] => Array
                                (
                                    [ApplicationEnName] => sljdu1
                                    [ApplicationCnName] => 钓鱼竿1
                                    [UnitPrice] => 15
                                    [Qty] => 1
                                    [UnitWeight] => 1.000
                                    [HSCode] => 
                                    [SKU] => 
                                    [Remark] => 备注1
                                    [Currency] => USD
                                    [SalesUrl] => 
                                )

                        )

                )

        )

)

Array
(
    [ack] => 1
    [message] => 
    [data] => Array
        (
            [ResultCode] => 1009
            [ResultDesc] => The 'ConnectionString.Tms' key does not exist in the configuration file.
            [Item] => 
        )

)
**************end*************
2016-04-27T12:25:53+08:00 INFO (6): 
2016-04-27 12:25:53:
**************start*************
{"CustomerCode":"1002","packageMessage":[{"ForecastNumber":"YT1655100008200001","ChannelCode":"DHLCN","Weight":"0.350","Length":"0.0","Width":"0.0","Height":"0.0","ShippingCountryCode":"US","ShippingCountryEnName":"UNITED STATES OF AMERICA","ShippingFirstName":"lucy","ShippingLastName":"","ShippingAddress1":"address1sdfsdfsdf","ShippingAddress2":"","ShippingAddress3":"","ShippingCity":"city","ShippingState":"shenz","ShippingStateCode":"shenz","ShippingPhone":"135623552201","ShippingTaxId":"","ShippingZip":"53620","SenderFirstName":"\u5f20\u4e09","SenderLastName":"","SenderCompany":"\u4e91\u9014\uff08\u6d4b\u8bd5\uff09","SenderAddress":"\u6d4b\u8bd5","SenderState":"\u6d4b\u8bd5","SenderCity":"\u6d4b\u8bd5","SenderPhone":"1300000000","SenderZip":"dsf","SenderCountryCode":null,"applicationInfos":[{"ApplicationEnName":"sljdu","ApplicationCnName":"\u9493\u9c7c\u7aff","UnitPrice":20,"Qty":"1","UnitWeight":"1.000","HSCode":"","SKU":"","Remark":"\u5907\u6ce8","Currency":"USD","SalesUrl":""},{"ApplicationEnName":"sljdu1","ApplicationCnName":"\u9493\u9c7c\u7aff1","UnitPrice":15,"Qty":"1","UnitWeight":"1.000","HSCode":"","SKU":"","Remark":"\u5907\u6ce81","Currency":"USD","SalesUrl":""}]}]}
Array
(
    [ResultCode] => 1009
    [ResultDesc] => The 'ConnectionString.Tms' key does not exist in the configuration file.
    [Item] => 
)
**************end*************
2016-04-27T12:25:53+08:00 INFO (6): 
2016-04-27 12:25:53:
**************start*************
Array
(
    [CustomerCode] => 1002
    [packageMessage] => Array
        (
            [0] => Array
                (
                    [ForecastNumber] => YT1655100008200001
                    [ChannelCode] => DHLCN
                    [Weight] => 0.350
                    [Length] => 0.0
                    [Width] => 0.0
                    [Height] => 0.0
                    [ShippingCountryCode] => US
                    [ShippingCountryEnName] => UNITED STATES OF AMERICA
                    [ShippingFirstName] => lucy
                    [ShippingLastName] => 
                    [ShippingAddress1] => address1sdfsdfsdf
                    [ShippingAddress2] => 
                    [ShippingAddress3] => 
                    [ShippingCity] => city
                    [ShippingState] => shenz
                    [ShippingStateCode] => shenz
                    [ShippingPhone] => 135623552201
                    [ShippingTaxId] => 
                    [ShippingZip] => 53620
                    [SenderFirstName] => 张三
                    [SenderLastName] => 
                    [SenderCompany] => 云途（测试）
                    [SenderAddress] => 测试
                    [SenderState] => 测试
                    [SenderCity] => 测试
                    [SenderPhone] => 1300000000
                    [SenderZip] => dsf
                    [SenderCountryCode] => 
                    [applicationInfos] => Array
                        (
                            [0] => Array
                                (
                                    [ApplicationEnName] => sljdu
                                    [ApplicationCnName] => 钓鱼竿
                                    [UnitPrice] => 20
                                    [Qty] => 1
                                    [UnitWeight] => 1.000
                                    [HSCode] => 
                                    [SKU] => 
                                    [Remark] => 备注
                                    [Currency] => USD
                                    [SalesUrl] => 
                                )

                            [1] => Array
                                (
                                    [ApplicationEnName] => sljdu1
                                    [ApplicationCnName] => 钓鱼竿1
                                    [UnitPrice] => 15
                                    [Qty] => 1
                                    [UnitWeight] => 1.000
                                    [HSCode] => 
                                    [SKU] => 
                                    [Remark] => 备注1
                                    [Currency] => USD
                                    [SalesUrl] => 
                                )

                        )

                )

        )

)

Array
(
    [ack] => 1
    [message] => 
    [data] => Array
        (
            [ResultCode] => 1009
            [ResultDesc] => The 'ConnectionString.Tms' key does not exist in the configuration file.
            [Item] => 
        )

)
**************end*************
2016-04-27T12:26:38+08:00 INFO (6): 
2016-04-27 12:26:38:
**************start*************
{"CustomerCode":"1002","packageMessage":[{"ForecastNumber":"YT1655100008200001","ChannelCode":"DHLCN","Weight":"0.350","Length":"0.0","Width":"0.0","Height":"0.0","ShippingCountryCode":"US","ShippingCountryEnName":"UNITED STATES OF AMERICA","ShippingFirstName":"lucy","ShippingLastName":"","ShippingAddress1":"address1sdfsdfsdf","ShippingAddress2":"","ShippingAddress3":"","ShippingCity":"city","ShippingState":"shenz","ShippingStateCode":"shenz","ShippingPhone":"135623552201","ShippingTaxId":"","ShippingZip":"53620","SenderFirstName":"\u5f20\u4e09","SenderLastName":"","SenderCompany":"\u4e91\u9014\uff08\u6d4b\u8bd5\uff09","SenderAddress":"\u6d4b\u8bd5","SenderState":"\u6d4b\u8bd5","SenderCity":"\u6d4b\u8bd5","SenderPhone":"1300000000","SenderZip":"dsf","SenderCountryCode":null,"applicationInfos":[{"ApplicationEnName":"sljdu","ApplicationCnName":"\u9493\u9c7c\u7aff","UnitPrice":20,"Qty":"1","UnitWeight":"1.000","HSCode":"","SKU":"","Remark":"\u5907\u6ce8","Currency":"USD","SalesUrl":""},{"ApplicationEnName":"sljdu1","ApplicationCnName":"\u9493\u9c7c\u7aff1","UnitPrice":15,"Qty":"1","UnitWeight":"1.000","HSCode":"","SKU":"","Remark":"\u5907\u6ce81","Currency":"USD","SalesUrl":""}]}]}
Array
(
    [ResultCode] => 1009
    [ResultDesc] => The 'ConnectionString.Tms' key does not exist in the configuration file.
    [Item] => 
)
**************end*************
2016-04-27T12:26:38+08:00 INFO (6): 
2016-04-27 12:26:38:
**************start*************
Array
(
    [CustomerCode] => 1002
    [packageMessage] => Array
        (
            [0] => Array
                (
                    [ForecastNumber] => YT1655100008200001
                    [ChannelCode] => DHLCN
                    [Weight] => 0.350
                    [Length] => 0.0
                    [Width] => 0.0
                    [Height] => 0.0
                    [ShippingCountryCode] => US
                    [ShippingCountryEnName] => UNITED STATES OF AMERICA
                    [ShippingFirstName] => lucy
                    [ShippingLastName] => 
                    [ShippingAddress1] => address1sdfsdfsdf
                    [ShippingAddress2] => 
                    [ShippingAddress3] => 
                    [ShippingCity] => city
                    [ShippingState] => shenz
                    [ShippingStateCode] => shenz
                    [ShippingPhone] => 135623552201
                    [ShippingTaxId] => 
                    [ShippingZip] => 53620
                    [SenderFirstName] => 张三
                    [SenderLastName] => 
                    [SenderCompany] => 云途（测试）
                    [SenderAddress] => 测试
                    [SenderState] => 测试
                    [SenderCity] => 测试
                    [SenderPhone] => 1300000000
                    [SenderZip] => dsf
                    [SenderCountryCode] => 
                    [applicationInfos] => Array
                        (
                            [0] => Array
                                (
                                    [ApplicationEnName] => sljdu
                                    [ApplicationCnName] => 钓鱼竿
                                    [UnitPrice] => 20
                                    [Qty] => 1
                                    [UnitWeight] => 1.000
                                    [HSCode] => 
                                    [SKU] => 
                                    [Remark] => 备注
                                    [Currency] => USD
                                    [SalesUrl] => 
                                )

                            [1] => Array
                                (
                                    [ApplicationEnName] => sljdu1
                                    [ApplicationCnName] => 钓鱼竿1
                                    [UnitPrice] => 15
                                    [Qty] => 1
                                    [UnitWeight] => 1.000
                                    [HSCode] => 
                                    [SKU] => 
                                    [Remark] => 备注1
                                    [Currency] => USD
                                    [SalesUrl] => 
                                )

                        )

                )

        )

)

Array
(
    [ack] => 1
    [message] => 
    [data] => Array
        (
            [ResultCode] => 1009
            [ResultDesc] => The 'ConnectionString.Tms' key does not exist in the configuration file.
            [Item] => 
        )

)
**************end*************
2016-04-27T13:27:10+08:00 INFO (6): 
2016-04-27 13:27:10:
**************start*************
{"CustomerCode":"1002","packageMessage":[{"ForecastNumber":"YT1655100008200001","ChannelCode":"DHLCN","Weight":"0.350","Length":"0.0","Width":"0.0","Height":"0.0","ShippingCountryCode":"US","ShippingCountryEnName":"UNITED STATES OF AMERICA","ShippingFirstName":"lucy","ShippingLastName":"","ShippingAddress1":"address1sdfsdfsdf","ShippingAddress2":"","ShippingAddress3":"","ShippingCity":"city","ShippingState":"shenz","ShippingStateCode":"shenz","ShippingPhone":"135623552201","ShippingTaxId":"","ShippingZip":"53620","SenderFirstName":"\u5f20\u4e09","SenderLastName":"","SenderCompany":"\u4e91\u9014\uff08\u6d4b\u8bd5\uff09","SenderAddress":"\u6d4b\u8bd5","SenderState":"\u6d4b\u8bd5","SenderCity":"\u6d4b\u8bd5","SenderPhone":"1300000000","SenderZip":"dsf","SenderCountryCode":null,"applicationInfos":[{"ApplicationEnName":"sljdu","ApplicationCnName":"\u9493\u9c7c\u7aff","UnitPrice":20,"Qty":"1","UnitWeight":"1.000","HSCode":"","SKU":"","Remark":"\u5907\u6ce8","Currency":"USD","SalesUrl":""},{"ApplicationEnName":"sljdu1","ApplicationCnName":"\u9493\u9c7c\u7aff1","UnitPrice":15,"Qty":"1","UnitWeight":"1.000","HSCode":"","SKU":"","Remark":"\u5907\u6ce81","Currency":"USD","SalesUrl":""}]}]}
Array
(
    [ResultCode] => 1001
    [ResultDesc] => 成功
    [Item] => Array
        (
            [0] => Array
                (
                    [Result] => 1001
                    [CustomerCode] => 1002
                    [Message] => 全部上传成功
                    [ErrorPacketOrderList] => 
                    [ForecastNumber] => 
                )

        )

)
**************end*************
2016-04-27T13:27:10+08:00 INFO (6): 
2016-04-27 13:27:10:
**************start*************
Array
(
    [CustomerCode] => 1002
    [packageMessage] => Array
        (
            [0] => Array
                (
                    [ForecastNumber] => YT1655100008200001
                    [ChannelCode] => DHLCN
                    [Weight] => 0.350
                    [Length] => 0.0
                    [Width] => 0.0
                    [Height] => 0.0
                    [ShippingCountryCode] => US
                    [ShippingCountryEnName] => UNITED STATES OF AMERICA
                    [ShippingFirstName] => lucy
                    [ShippingLastName] => 
                    [ShippingAddress1] => address1sdfsdfsdf
                    [ShippingAddress2] => 
                    [ShippingAddress3] => 
                    [ShippingCity] => city
                    [ShippingState] => shenz
                    [ShippingStateCode] => shenz
                    [ShippingPhone] => 135623552201
                    [ShippingTaxId] => 
                    [ShippingZip] => 53620
                    [SenderFirstName] => 张三
                    [SenderLastName] => 
                    [SenderCompany] => 云途（测试）
                    [SenderAddress] => 测试
                    [SenderState] => 测试
                    [SenderCity] => 测试
                    [SenderPhone] => 1300000000
                    [SenderZip] => dsf
                    [SenderCountryCode] => 
                    [applicationInfos] => Array
                        (
                            [0] => Array
                                (
                                    [ApplicationEnName] => sljdu
                                    [ApplicationCnName] => 钓鱼竿
                                    [UnitPrice] => 20
                                    [Qty] => 1
                                    [UnitWeight] => 1.000
                                    [HSCode] => 
                                    [SKU] => 
                                    [Remark] => 备注
                                    [Currency] => USD
                                    [SalesUrl] => 
                                )

                            [1] => Array
                                (
                                    [ApplicationEnName] => sljdu1
                                    [ApplicationCnName] => 钓鱼竿1
                                    [UnitPrice] => 15
                                    [Qty] => 1
                                    [UnitWeight] => 1.000
                                    [HSCode] => 
                                    [SKU] => 
                                    [Remark] => 备注1
                                    [Currency] => USD
                                    [SalesUrl] => 
                                )

                        )

                )

        )

)

Array
(
    [ack] => 1
    [message] => 
    [data] => Array
        (
            [ResultCode] => 1001
            [ResultDesc] => 成功
            [Item] => Array
                (
                    [0] => Array
                        (
                            [Result] => 1001
                            [CustomerCode] => 1002
                            [Message] => 全部上传成功
                            [ErrorPacketOrderList] => 
                            [ForecastNumber] => 
                        )

                )

        )

)
**************end*************
2016-04-27T13:29:56+08:00 INFO (6): 
2016-04-27 13:29:56:
**************start*************
{"CustomerCode":"1002","packageMessage":[{"ForecastNumber":"YT1655100008200001","ChannelCode":"DHLCN","Weight":"0.350","Length":"0.0","Width":"0.0","Height":"0.0","ShippingCountryCode":"US","ShippingCountryEnName":"UNITED STATES OF AMERICA","ShippingFirstName":"lucy","ShippingLastName":"","ShippingAddress1":"address1sdfsdfsdf","ShippingAddress2":"","ShippingAddress3":"","ShippingCity":"city","ShippingState":"shenz","ShippingStateCode":"shenz","ShippingPhone":"135623552201","ShippingTaxId":"","ShippingZip":"53620","SenderFirstName":"\u5f20\u4e09","SenderLastName":"","SenderCompany":"\u4e91\u9014\uff08\u6d4b\u8bd5\uff09","SenderAddress":"\u6d4b\u8bd5","SenderState":"\u6d4b\u8bd5","SenderCity":"\u6d4b\u8bd5","SenderPhone":"1300000000","SenderZip":"dsf","SenderCountryCode":null,"applicationInfos":[{"ApplicationEnName":"sljdu","ApplicationCnName":"\u9493\u9c7c\u7aff","UnitPrice":20,"Qty":"1","UnitWeight":"1.000","HSCode":"","SKU":"","Remark":"\u5907\u6ce8","Currency":"USD","SalesUrl":""},{"ApplicationEnName":"sljdu1","ApplicationCnName":"\u9493\u9c7c\u7aff1","UnitPrice":15,"Qty":"1","UnitWeight":"1.000","HSCode":"","SKU":"","Remark":"\u5907\u6ce81","Currency":"USD","SalesUrl":""}]}]}
Array
(
    [ResultCode] => 1002
    [ResultDesc] => 部分订单失败
    [Item] => Array
        (
            [0] => Array
                (
                    [Result] => 1003
                    [CustomerCode] => 1002
                    [Message] => 部分订单失败
                    [ErrorPacketOrderList] => Array
                        (
                            [0] => YT1655100008200001
                        )

                    [ForecastNumber] => 
                )

        )

)
**************end*************
2016-04-27T13:29:56+08:00 INFO (6): 
2016-04-27 13:29:56:
**************start*************
Array
(
    [CustomerCode] => 1002
    [packageMessage] => Array
        (
            [0] => Array
                (
                    [ForecastNumber] => YT1655100008200001
                    [ChannelCode] => DHLCN
                    [Weight] => 0.350
                    [Length] => 0.0
                    [Width] => 0.0
                    [Height] => 0.0
                    [ShippingCountryCode] => US
                    [ShippingCountryEnName] => UNITED STATES OF AMERICA
                    [ShippingFirstName] => lucy
                    [ShippingLastName] => 
                    [ShippingAddress1] => address1sdfsdfsdf
                    [ShippingAddress2] => 
                    [ShippingAddress3] => 
                    [ShippingCity] => city
                    [ShippingState] => shenz
                    [ShippingStateCode] => shenz
                    [ShippingPhone] => 135623552201
                    [ShippingTaxId] => 
                    [ShippingZip] => 53620
                    [SenderFirstName] => 张三
                    [SenderLastName] => 
                    [SenderCompany] => 云途（测试）
                    [SenderAddress] => 测试
                    [SenderState] => 测试
                    [SenderCity] => 测试
                    [SenderPhone] => 1300000000
                    [SenderZip] => dsf
                    [SenderCountryCode] => 
                    [applicationInfos] => Array
                        (
                            [0] => Array
                                (
                                    [ApplicationEnName] => sljdu
                                    [ApplicationCnName] => 钓鱼竿
                                    [UnitPrice] => 20
                                    [Qty] => 1
                                    [UnitWeight] => 1.000
                                    [HSCode] => 
                                    [SKU] => 
                                    [Remark] => 备注
                                    [Currency] => USD
                                    [SalesUrl] => 
                                )

                            [1] => Array
                                (
                                    [ApplicationEnName] => sljdu1
                                    [ApplicationCnName] => 钓鱼竿1
                                    [UnitPrice] => 15
                                    [Qty] => 1
                                    [UnitWeight] => 1.000
                                    [HSCode] => 
                                    [SKU] => 
                                    [Remark] => 备注1
                                    [Currency] => USD
                                    [SalesUrl] => 
                                )

                        )

                )

        )

)

Array
(
    [ack] => 1
    [message] => 
    [data] => Array
        (
            [ResultCode] => 1002
            [ResultDesc] => 部分订单失败
            [Item] => Array
                (
                    [0] => Array
                        (
                            [Result] => 1003
                            [CustomerCode] => 1002
                            [Message] => 部分订单失败
                            [ErrorPacketOrderList] => Array
                                (
                                    [0] => YT1655100008200001
                                )

                            [ForecastNumber] => 
                        )

                )

        )

)
**************end*************
2016-04-27T17:26:33+08:00 INFO (6): 
2016-04-27 17:26:33:
**************start*************
{"CustomerCode":"1002","packageMessage":[{"ForecastNumber":"YT1655100008200001","ChannelCode":"DHLCN","Weight":"0.350","Length":"0.0","Width":"0.0","Height":"0.0","ShippingCountryCode":"US","ShippingCountryEnName":"UNITED STATES OF AMERICA","ShippingFirstName":"lucy","ShippingLastName":"","ShippingAddress1":"address1sdfsdfsdf","ShippingAddress2":"","ShippingAddress3":"","ShippingCity":"city","ShippingState":"shenz","ShippingStateCode":"shenz","ShippingPhone":"135623552201","ShippingTaxId":"","ShippingZip":"53620","SenderFirstName":"\u5f20\u4e09","SenderLastName":"","SenderCompany":"\u4e91\u9014\uff08\u6d4b\u8bd5\uff09","SenderAddress":"\u6d4b\u8bd5","SenderState":"\u6d4b\u8bd5","SenderCity":"\u6d4b\u8bd5","SenderPhone":"1300000000","SenderZip":"dsf","SenderCountryCode":null,"applicationInfos":[{"ApplicationEnName":"sljdu","ApplicationCnName":"\u9493\u9c7c\u7aff","UnitPrice":20,"Qty":"1","UnitWeight":"1.000","HSCode":"","SKU":"","Remark":"\u5907\u6ce8","Currency":"USD","SalesUrl":""},{"ApplicationEnName":"sljdu1","ApplicationCnName":"\u9493\u9c7c\u7aff1","UnitPrice":15,"Qty":"1","UnitWeight":"1.000","HSCode":"","SKU":"","Remark":"\u5907\u6ce81","Currency":"USD","SalesUrl":""}]}]}
Array
(
    [ResultCode] => 1002
    [ResultDesc] => 部分订单失败
    [Item] => Array
        (
            [0] => Array
                (
                    [Result] => 1003
                    [CustomerCode] => 1002
                    [Message] => 部分订单失败
                    [ErrorPacketOrderList] => Array
                        (
                            [0] => YT1655100008200001
                        )

                    [ForecastNumber] => 
                )

        )

)
**************end*************
2016-04-27T17:26:33+08:00 INFO (6): 
2016-04-27 17:26:33:
**************start*************
Array
(
    [CustomerCode] => 1002
    [packageMessage] => Array
        (
            [0] => Array
                (
                    [ForecastNumber] => YT1655100008200001
                    [ChannelCode] => DHLCN
                    [Weight] => 0.350
                    [Length] => 0.0
                    [Width] => 0.0
                    [Height] => 0.0
                    [ShippingCountryCode] => US
                    [ShippingCountryEnName] => UNITED STATES OF AMERICA
                    [ShippingFirstName] => lucy
                    [ShippingLastName] => 
                    [ShippingAddress1] => address1sdfsdfsdf
                    [ShippingAddress2] => 
                    [ShippingAddress3] => 
                    [ShippingCity] => city
                    [ShippingState] => shenz
                    [ShippingStateCode] => shenz
                    [ShippingPhone] => 135623552201
                    [ShippingTaxId] => 
                    [ShippingZip] => 53620
                    [SenderFirstName] => 张三
                    [SenderLastName] => 
                    [SenderCompany] => 云途（测试）
                    [SenderAddress] => 测试
                    [SenderState] => 测试
                    [SenderCity] => 测试
                    [SenderPhone] => 1300000000
                    [SenderZip] => dsf
                    [SenderCountryCode] => 
                    [applicationInfos] => Array
                        (
                            [0] => Array
                                (
                                    [ApplicationEnName] => sljdu
                                    [ApplicationCnName] => 钓鱼竿
                                    [UnitPrice] => 20
                                    [Qty] => 1
                                    [UnitWeight] => 1.000
                                    [HSCode] => 
                                    [SKU] => 
                                    [Remark] => 备注
                                    [Currency] => USD
                                    [SalesUrl] => 
                                )

                            [1] => Array
                                (
                                    [ApplicationEnName] => sljdu1
                                    [ApplicationCnName] => 钓鱼竿1
                                    [UnitPrice] => 15
                                    [Qty] => 1
                                    [UnitWeight] => 1.000
                                    [HSCode] => 
                                    [SKU] => 
                                    [Remark] => 备注1
                                    [Currency] => USD
                                    [SalesUrl] => 
                                )

                        )

                )

        )

)

Array
(
    [ack] => 1
    [message] => 
    [data] => Array
        (
            [ResultCode] => 1002
            [ResultDesc] => 部分订单失败
            [Item] => Array
                (
                    [0] => Array
                        (
                            [Result] => 1003
                            [CustomerCode] => 1002
                            [Message] => 部分订单失败
                            [ErrorPacketOrderList] => Array
                                (
                                    [0] => YT1655100008200001
                                )

                            [ForecastNumber] => 
                        )

                )

        )

)
**************end*************
2016-04-27T18:03:59+08:00 INFO (6): 
2016-04-27 18:03:59:
**************start*************
{"CustomerCode":"1002","packageMessage":[{"ForecastNumber":"YT1655100008200001","ChannelCode":"DHLCN","Weight":"0.350","Length":"0.0","Width":"0.0","Height":"0.0","ShippingCountryCode":"US","ShippingCountryEnName":"UNITED STATES OF AMERICA","ShippingFirstName":"lucy","ShippingLastName":"","ShippingAddress1":"address1sdfsdfsdf","ShippingAddress2":"","ShippingAddress3":"","ShippingCity":"city","ShippingState":"shenz","ShippingStateCode":"shenz","ShippingPhone":"135623552201","ShippingTaxId":"","ShippingZip":"53620","SenderFirstName":"\u5f20\u4e09","SenderLastName":"","SenderCompany":"\u4e91\u9014\uff08\u6d4b\u8bd5\uff09","SenderAddress":"\u6d4b\u8bd5","SenderState":"\u6d4b\u8bd5","SenderCity":"\u6d4b\u8bd5","SenderPhone":"1300000000","SenderZip":"dsf","SenderCountryCode":null,"applicationInfos":[{"ApplicationEnName":"sljdu","ApplicationCnName":"\u9493\u9c7c\u7aff","UnitPrice":20,"Qty":"1","UnitWeight":"1.000","HSCode":"","SKU":"","Remark":"\u5907\u6ce8","Currency":"USD","SalesUrl":""},{"ApplicationEnName":"sljdu1","ApplicationCnName":"\u9493\u9c7c\u7aff1","UnitPrice":15,"Qty":"1","UnitWeight":"1.000","HSCode":"","SKU":"","Remark":"\u5907\u6ce81","Currency":"USD","SalesUrl":""}]}]}
Array
(
    [ResultCode] => 1002
    [ResultDesc] => 部分订单失败
    [Item] => Array
        (
            [0] => Array
                (
                    [Result] => 1003
                    [CustomerCode] => 1002
                    [Message] => 部分订单失败
                    [ErrorPacketOrderList] => Array
                        (
                            [0] => YT1655100008200001
                        )

                    [ForecastNumber] => 
                )

        )

)
**************end*************
2016-04-27T18:03:59+08:00 INFO (6): 
2016-04-27 18:03:59:
**************start*************
Array
(
    [CustomerCode] => 1002
    [packageMessage] => Array
        (
            [0] => Array
                (
                    [ForecastNumber] => YT1655100008200001
                    [ChannelCode] => DHLCN
                    [Weight] => 0.350
                    [Length] => 0.0
                    [Width] => 0.0
                    [Height] => 0.0
                    [ShippingCountryCode] => US
                    [ShippingCountryEnName] => UNITED STATES OF AMERICA
                    [ShippingFirstName] => lucy
                    [ShippingLastName] => 
                    [ShippingAddress1] => address1sdfsdfsdf
                    [ShippingAddress2] => 
                    [ShippingAddress3] => 
                    [ShippingCity] => city
                    [ShippingState] => shenz
                    [ShippingStateCode] => shenz
                    [ShippingPhone] => 135623552201
                    [ShippingTaxId] => 
                    [ShippingZip] => 53620
                    [SenderFirstName] => 张三
                    [SenderLastName] => 
                    [SenderCompany] => 云途（测试）
                    [SenderAddress] => 测试
                    [SenderState] => 测试
                    [SenderCity] => 测试
                    [SenderPhone] => 1300000000
                    [SenderZip] => dsf
                    [SenderCountryCode] => 
                    [applicationInfos] => Array
                        (
                            [0] => Array
                                (
                                    [ApplicationEnName] => sljdu
                                    [ApplicationCnName] => 钓鱼竿
                                    [UnitPrice] => 20
                                    [Qty] => 1
                                    [UnitWeight] => 1.000
                                    [HSCode] => 
                                    [SKU] => 
                                    [Remark] => 备注
                                    [Currency] => USD
                                    [SalesUrl] => 
                                )

                            [1] => Array
                                (
                                    [ApplicationEnName] => sljdu1
                                    [ApplicationCnName] => 钓鱼竿1
                                    [UnitPrice] => 15
                                    [Qty] => 1
                                    [UnitWeight] => 1.000
                                    [HSCode] => 
                                    [SKU] => 
                                    [Remark] => 备注1
                                    [Currency] => USD
                                    [SalesUrl] => 
                                )

                        )

                )

        )

)

Array
(
    [ack] => 1
    [message] => 
    [data] => Array
        (
            [ResultCode] => 1002
            [ResultDesc] => 部分订单失败
            [Item] => Array
                (
                    [0] => Array
                        (
                            [Result] => 1003
                            [CustomerCode] => 1002
                            [Message] => 部分订单失败
                            [ErrorPacketOrderList] => Array
                                (
                                    [0] => YT1655100008200001
                                )

                            [ForecastNumber] => 
                        )

                )

        )

)
**************end*************
