2016-05-14T09:36:40+08:00 INFO (6): 
2016-05-14 09:36:40:
**************start*************
{"CustomerCode":"1002","ForecastNumber":"YT161341200001"}
Array
(
    [ResultCode] => 1001
    [ResultDesc] => 调用接口成功!
    [Item] => Array
        (
            [0] => Array
                (
                    [ForecastNumber] => YT161341200001
                    [DeleteForecastStatus] => 1003
                    [Message] => 不存在预报！
                )

        )

)
**************end*************
2016-05-14T09:36:40+08:00 INFO (6): 
2016-05-14 09:36:40:
**************start*************
{"CustomerCode":"1002","ForecastNumber":"YT161341200001"}
Array
(
    [ResultCode] => 1001
    [ResultDesc] => 调用接口成功!
    [Item] => Array
        (
            [0] => Array
                (
                    [ForecastNumber] => YT161341200001
                    [DeleteForecastStatus] => 1003
                    [Message] => 不存在预报！
                )

        )

)
**************end*************
2016-05-14T09:37:25+08:00 INFO (6): 
2016-05-14 09:37:25:
**************start*************
{"CustomerCode":"1002","ForecastNumber":"YT161341200001"}
Array
(
    [ResultCode] => 1001
    [ResultDesc] => 调用接口成功!
    [Item] => Array
        (
            [0] => Array
                (
                    [ForecastNumber] => YT161341200001
                    [DeleteForecastStatus] => 1003
                    [Message] => 不存在预报！
                )

        )

)
**************end*************
2016-05-14T09:46:45+08:00 INFO (6): 
2016-05-14 09:46:45:
**************start*************
{"CustomerCode":"1002","ForecastNumber":"YT161341200001"}
Array
(
    [ResultCode] => 1001
    [ResultDesc] => 调用接口成功!
    [Item] => Array
        (
            [0] => Array
                (
                    [ForecastNumber] => YT161341200001
                    [DeleteForecastStatus] => 1003
                    [Message] => 不存在预报！
                )

        )

)
**************end*************
2016-05-14T09:49:10+08:00 INFO (6): 
2016-05-14 09:49:10:
**************start*************
{"CustomerCode":"1002","ForecastNumber":"YT161341200001"}
Array
(
    [ResultCode] => 1001
    [ResultDesc] => 调用接口成功!
    [Item] => Array
        (
            [0] => Array
                (
                    [ForecastNumber] => YT161341200001
                    [DeleteForecastStatus] => 1003
                    [Message] => 不存在预报！
                )

        )

)
**************end*************
2016-05-14T09:49:13+08:00 INFO (6): 
2016-05-14 09:49:13:
**************start*************
{"CustomerCode":"1002","ForecastNumber":"YT161341200001"}
Array
(
    [ResultCode] => 1001
    [ResultDesc] => 调用接口成功!
    [Item] => Array
        (
            [0] => Array
                (
                    [ForecastNumber] => YT161341200001
                    [DeleteForecastStatus] => 1003
                    [Message] => 不存在预报！
                )

        )

)
**************end*************
2016-05-14T09:50:12+08:00 INFO (6): 
2016-05-14 09:50:12:
**************start*************
{"CustomerCode":"1002","ForecastNumber":"YT161341200001"}
Array
(
    [ResultCode] => 1001
    [ResultDesc] => 调用接口成功!
    [Item] => Array
        (
            [0] => Array
                (
                    [ForecastNumber] => YT161341200001
                    [DeleteForecastStatus] => 1003
                    [Message] => 不存在预报！
                )

        )

)
**************end*************
2016-05-14T09:50:34+08:00 INFO (6): 
2016-05-14 09:50:34:
**************start*************
{"CustomerCode":"1002","ForecastNumber":"YT161341200001"}
Array
(
    [ResultCode] => 1001
    [ResultDesc] => 调用接口成功!
    [Item] => Array
        (
            [0] => Array
                (
                    [ForecastNumber] => YT161341200001
                    [DeleteForecastStatus] => 1003
                    [Message] => 不存在预报！
                )

        )

)
**************end*************
