2016-05-16T09:21:20+08:00 INFO (6): 
2016-05-16 09:21:20:
**************start*************
{"Data":[""],"Version":"0.0.0.3","RequestTime":"2016-05-16 09:21:15","RequestId":"a2b23daa-a519-48cc-b5c6-e0ebbfeada2b"}
Array
(
    [Data] => 
    [Version] => 0.0.0.3
    [RequestId] => a2b23daa-a519-48cc-b5c6-e0ebbfeada2b
    [ResponseTime] => 2016-05-16T01:21:21.1568299Z
    [ResponseId] => 84d5c24c-d248-4a29-bf85-d845f296b211
    [ResponseResult] => 0
    [ResponseError] => Array
        (
            [Code] => 0x00001109
            [ShortMessage] => 跟踪号在TMS系统里不存在
            [LongMessage] => 
            [ErrorValue] => 4361
        )

)
**************end*************
2016-05-16T09:31:46+08:00 INFO (6): 
2016-05-16 09:31:46:
**************start*************
{"Data":[""],"Version":"0.0.0.3","RequestTime":"2016-05-16 09:31:46","RequestId":"a2b23daa-a519-48cc-b5c6-e0ebbfeada2b"}
Array
(
    [Data] => 
    [Version] => 0.0.0.3
    [RequestId] => a2b23daa-a519-48cc-b5c6-e0ebbfeada2b
    [ResponseTime] => 2016-05-16T01:31:47.9035308Z
    [ResponseId] => f2b96984-ccc0-4ec4-820b-4552eec44b25
    [ResponseResult] => 0
    [ResponseError] => Array
        (
            [Code] => 0x00001109
            [ShortMessage] => 跟踪号在TMS系统里不存在
            [LongMessage] => 
            [ErrorValue] => 4361
        )

)
**************end*************
2016-05-16T09:42:36+08:00 INFO (6): 
2016-05-16 09:42:36:
**************start*************
{"Data":[""],"Version":"0.0.0.3","RequestTime":"2016-05-16 09:42:36","RequestId":"a2b23daa-a519-48cc-b5c6-e0ebbfeada2b"}
Array
(
    [Data] => 
    [Version] => 0.0.0.3
    [RequestId] => a2b23daa-a519-48cc-b5c6-e0ebbfeada2b
    [ResponseTime] => 2016-05-16T01:42:37.4106716Z
    [ResponseId] => 0a4fb092-c041-48f3-b463-8c76fc135f94
    [ResponseResult] => 0
    [ResponseError] => Array
        (
            [Code] => 0x00001109
            [ShortMessage] => 跟踪号在TMS系统里不存在
            [LongMessage] => 
            [ErrorValue] => 4361
        )

)
**************end*************
2016-05-16T09:43:51+08:00 INFO (6): 
2016-05-16 09:43:51:
**************start*************
{"Data":[""],"Version":"0.0.0.3","RequestTime":"2016-05-16 09:43:51","RequestId":"a2b23daa-a519-48cc-b5c6-e0ebbfeada2b"}
Array
(
    [Data] => 
    [Version] => 0.0.0.3
    [RequestId] => a2b23daa-a519-48cc-b5c6-e0ebbfeada2b
    [ResponseTime] => 2016-05-16T01:43:52.6028036Z
    [ResponseId] => c0d0a1cd-601a-4291-b16f-0e09754c6240
    [ResponseResult] => 0
    [ResponseError] => Array
        (
            [Code] => 0x00001109
            [ShortMessage] => 跟踪号在TMS系统里不存在
            [LongMessage] => 
            [ErrorValue] => 4361
        )

)
**************end*************
2016-05-16T14:34:19+08:00 INFO (6): 
2016-05-16 14:34:19:
**************start*************
{"CustomerCode":"1002","ForecastNumber":"YT161341200001"}
Array
(
    [ResultCode] => 1001
    [ResultDesc] => 调用接口成功!
    [Item] => Array
        (
            [0] => Array
                (
                    [ForecastNumber] => YT161341200001
                    [DeleteForecastStatus] => 1003
                    [Message] => 不存在预报！
                )

        )

)
**************end*************
2016-05-16T14:35:22+08:00 INFO (6): 
2016-05-16 14:35:22:
**************start*************
{"CustomerCode":"1002","ForecastNumber":"YT161361200001"}
Array
(
    [ResultCode] => 1001
    [ResultDesc] => 调用接口成功!
    [Item] => Array
        (
            [0] => Array
                (
                    [ForecastNumber] => YT161361200001
                    [DeleteForecastStatus] => 1003
                    [Message] => 不存在预报！
                )

        )

)
**************end*************
2016-05-16T14:47:12+08:00 INFO (6): 
2016-05-16 14:47:12:
**************start*************
{"CustomerCode":"1002","ForecastNumber":"YT161361200001"}
Array
(
    [ResultCode] => 1001
    [ResultDesc] => 调用接口成功!
    [Item] => Array
        (
            [0] => Array
                (
                    [ForecastNumber] => YT161361200001
                    [DeleteForecastStatus] => 1003
                    [Message] => 不存在预报！
                )

        )

)
**************end*************
2016-05-16T15:21:43+08:00 INFO (6): 
2016-05-16 15:21:43:
**************start*************
{"CustomerCode":"1002","ForecastNumber":"YT161361200002"}
Array
(
    [ResultCode] => 1001
    [ResultDesc] => 调用接口成功!
    [Item] => Array
        (
            [0] => Array
                (
                    [ForecastNumber] => YT161361200002
                    [DeleteForecastStatus] => 1003
                    [Message] => 不存在预报！
                )

        )

)
**************end*************
