2016-04-28T17:29:24+08:00 INFO (6): 
2016-04-28 17:29:24:
**************start*************
Array
(
    [ForeCastNumber] => YT12456746749
    [NotifyType] => 1002
    [PushStatus] => 
    [Message] => jshdfjdshf
    [NotifyResult] => Array
        (
            [TrackingNumber] => 45646546464654
        )

)

Array
(
    [ack] => 0
    [message] => SQLSTATE[HY093]: Invalid parameter number: no parameters were bound
)
**************end*************
2016-04-28T17:30:50+08:00 INFO (6): 
2016-04-28 17:30:50:
**************start*************
Array
(
    [ForeCastNumber] => YT12456746749
    [NotifyType] => 1002
    [PushStatus] => 
    [Message] => jshdfjdshf
    [NotifyResult] => Array
        (
            [TrackingNumber] => 45646546464654
        )

)

Array
(
    [ack] => 0
    [message] => SQLSTATE[HY093]: Invalid parameter number: no parameters were bound
)
**************end*************
2016-04-28T17:31:11+08:00 INFO (6): 
2016-04-28 17:31:11:
**************start*************
Array
(
    [ForeCastNumber] => YT12456746749
    [NotifyType] => 1002
    [PushStatus] => 
    [Message] => jshdfjdshf
    [NotifyResult] => Array
        (
            [TrackingNumber] => 45646546464654
        )

)

Array
(
    [ack] => 0
    [message] => SQLSTATE[HY093]: Invalid parameter number: no parameters were bound
)
**************end*************
2016-04-28T17:32:49+08:00 INFO (6): 
2016-04-28 17:32:49:
**************start*************
Array
(
    [ForeCastNumber] => YT12456746749
    [NotifyType] => 1002
    [PushStatus] => 
    [Message] => jshdfjdshf
    [NotifyResult] => Array
        (
            [TrackingNumber] => 45646546464654
        )

)

Array
(
    [ack] => 0
    [message] => SQLSTATE[HY093]: Invalid parameter number: no parameters were bound
)
**************end*************
2016-04-28T17:38:48+08:00 INFO (6): 
2016-04-28 17:38:48:
**************start*************
Array
(
    [ForeCastNumber] => YT12456746749
    [NotifyType] => 1002
    [PushStatus] => 
    [Message] => jshdfjdshf
    [NotifyResult] => Array
        (
            [TrackingNumber] => 45646546464654
        )

)

Array
(
    [ack] => 0
    [message] => 预报数据不存在
)
**************end*************
2016-04-28T18:10:24+08:00 INFO (6): 
2016-04-28 18:10:24:
**************start*************
Array
(
    [ForeCastNumber] => YT12456746749
    [NotifyType] => 1002
    [PushStatus] => 
    [Message] => jshdfjdshf
    [NotifyResult] => Array
        (
            [TrackingNumber] => 45646546464654
        )

)

Array
(
    [ack] => 0
    [message] => 预报数据不存在
)
**************end*************
2016-04-28T18:10:44+08:00 INFO (6): 
2016-04-28 18:10:44:
**************start*************
Array
(
    [ForeCastNumber] => YT12456746749
    [NotifyType] => 1002
    [PushStatus] => 
    [Message] => jshdfjdshf
    [NotifyResult] => Array
        (
            [TrackingNumber] => 45646546464654
        )

)

Array
(
    [ack] => 0
    [message] => 预报数据不存在
)
**************end*************
2016-04-28T18:15:48+08:00 INFO (6): 
2016-04-28 18:15:48:
**************start*************
Array
(
    [ForeCastNumber] => YT12456746749
    [NotifyType] => 1002
    [PushStatus] => 
    [Message] => jshdfjdshf
    [NotifyResult] => Array
        (
            [TrackingNumber] => 45646546464654
        )

)

Array
(
    [ack] => 0
    [message] => 预报数据不存在
)
**************end*************
2016-04-28T19:16:09+08:00 INFO (6): 
2016-04-28 19:16:09:
**************start*************
Array
(
    [ForeCastNumber] => YT12456746749
    [NotifyType] => 1002
    [PushStatus] => 
    [Message] => jshdfjdshf
    [NotifyResult] => Array
        (
            [TrackingNumber] => 45646546464654
        )

)

Array
(
    [ack] => 0
    [message] => 预报数据不存在
)
**************end*************
2016-04-28T19:18:32+08:00 INFO (6): 
2016-04-28 19:18:32:
**************start*************
Array
(
    [ForeCastNumber] => YT1655100008200001
    [NotifyType] => 1002
    [PushStatus] => 
    [Message] => jshdfjdshf
    [NotifyResult] => Array
        (
            [TrackingNumber] => 45646546464654
        )

)

Array
(
    [ack] => 1
    [message] => 跟踪号结果处理完成
)
**************end*************
2016-04-28T19:25:36+08:00 INFO (6): 
2016-04-28 19:25:36:
**************start*************
Array
(
    [ForeCastNumber] => YT1655100008200001
    [NotifyType] => 1002
    [PushStatus] => 
    [Message] => jshdfjdshf
    [NotifyResult] => Array
        (
            [TrackNumber] => 45646546464654
        )

)

Array
(
    [ack] => 0
    [message] => 跟踪号不能为空
)
**************end*************
2016-04-28T19:32:39+08:00 INFO (6): 
2016-04-28 19:32:39:
**************start*************
Array
(
    [ForeCastNumber] => YT1655100008200001
    [NotifyType] => 1002
    [PushStatus] => 
    [Message] => jshdfjdshf
    [notifyResult] => Array
        (
            [TrackNumber] => 45646546464654
        )

)

Array
(
    [ack] => 1
    [message] => 跟踪号结果处理完成
)
**************end*************
