2016-05-10T11:11:25+08:00 INFO (6): 
2016-05-10 11:11:25:
result:Array
(
    [1] => Array
        (
            [invoice_enname] => 11
            [invoice_cnname] => 1
            [invoice_quantity] => 1
            [unit_code] => PCE
            [invoice_unitcharge] => 1
            [invoice_weight] => 1
            [sku] => 1
            [hs_code] => 
            [invoice_note] => 
            [invoice_url] => 
            [invoice_totalcharge] => 1
            [invoice_totalWeight] => 1
            [invoice_currencycode] => USD
        )

)
2016-05-10T11:12:57+08:00 INFO (6): 
2016-05-10 11:12:57:
result:Array
(
    [1] => Array
        (
            [invoice_enname] => 1
            [invoice_cnname] => 1
            [invoice_quantity] => 1
            [unit_code] => PCE
            [invoice_unitcharge] => 1
            [invoice_weight] => 1
            [sku] => 
            [hs_code] => 
            [invoice_note] => 
            [invoice_url] => 
            [invoice_totalcharge] => 1
            [invoice_totalWeight] => 1
            [invoice_currencycode] => USD
        )

)
2016-05-10T11:13:07+08:00 INFO (6): 
2016-05-10 11:13:07:
result:Array
(
    [1] => Array
        (
            [invoice_enname] => 1
            [invoice_cnname] => 1
            [invoice_quantity] => 1
            [unit_code] => PCE
            [invoice_unitcharge] => 1
            [invoice_weight] => 1
            [sku] => 
            [hs_code] => 
            [invoice_note] => 
            [invoice_url] => 
            [invoice_totalcharge] => 1
            [invoice_totalWeight] => 1
            [invoice_currencycode] => USD
        )

)
2016-05-10T11:44:46+08:00 INFO (6): 
2016-05-10 11:44:46:
result:Array
(
    [1] => Array
        (
            [invoice_enname] => 
            [invoice_cnname] => 
            [invoice_quantity] => 
            [unit_code] => PCE
            [invoice_unitcharge] => 0
            [invoice_weight] => 
            [sku] => 
            [hs_code] => 
            [invoice_note] => 
            [invoice_url] => 
            [invoice_totalcharge] => 0
            [invoice_totalWeight] => 0
            [invoice_currencycode] => USD
        )

)
2016-05-10T11:45:24+08:00 INFO (6): 
2016-05-10 11:45:24:
result:Array
(
    [1] => Array
        (
            [invoice_enname] => 1
            [invoice_cnname] => 1
            [invoice_quantity] => 1
            [unit_code] => PCE
            [invoice_unitcharge] => 1
            [invoice_weight] => 1
            [sku] => 
            [hs_code] => 
            [invoice_note] => 
            [invoice_url] => 
            [invoice_totalcharge] => 1
            [invoice_totalWeight] => 1
            [invoice_currencycode] => USD
        )

)
2016-05-10T13:29:38+08:00 INFO (6): 
2016-05-10 13:29:38:
result:Array
(
    [1] => Array
        (
            [invoice_enname] => 1
            [invoice_cnname] => 1
            [invoice_quantity] => 1
            [unit_code] => PCE
            [invoice_unitcharge] => 1
            [invoice_weight] => 1
            [sku] => 1
            [hs_code] => 1
            [invoice_note] => 1
            [invoice_url] => 1
            [invoice_totalcharge] => 1
            [invoice_totalWeight] => 1
            [invoice_currencycode] => USD
        )

)
2016-05-10T13:30:32+08:00 INFO (6): 
2016-05-10 13:30:32:
result:Array
(
    [1] => Array
        (
            [invoice_enname] => 1
            [invoice_cnname] => 1
            [invoice_quantity] => 1
            [unit_code] => PCE
            [invoice_unitcharge] => 1
            [invoice_weight] => 1
            [sku] => 1
            [hs_code] => 1
            [invoice_note] => 1
            [invoice_url] => 1
            [invoice_totalcharge] => 1
            [invoice_totalWeight] => 1
            [invoice_currencycode] => USD
        )

)
2016-05-10T13:30:42+08:00 INFO (6): 
2016-05-10 13:30:42:
result:Array
(
    [1] => Array
        (
            [invoice_enname] => 1
            [invoice_cnname] => 1
            [invoice_quantity] => 1
            [unit_code] => PCE
            [invoice_unitcharge] => 1
            [invoice_weight] => 1
            [sku] => 1
            [hs_code] => 1
            [invoice_note] => 1
            [invoice_url] => 1
            [invoice_totalcharge] => 1
            [invoice_totalWeight] => 1
            [invoice_currencycode] => USD
        )

)
2016-05-10T13:32:26+08:00 INFO (6): 
2016-05-10 13:32:26:
result:Array
(
    [1] => Array
        (
            [invoice_enname] => 1
            [invoice_cnname] => 1
            [invoice_quantity] => 1
            [unit_code] => PCE
            [invoice_unitcharge] => 1
            [invoice_weight] => 1
            [sku] => 
            [hs_code] => 
            [invoice_note] => 
            [invoice_url] => 
            [invoice_totalcharge] => 1
            [invoice_totalWeight] => 1
            [invoice_currencycode] => USD
        )

)
2016-05-10T13:34:49+08:00 INFO (6): 
2016-05-10 13:34:49:
result:Array
(
    [1] => Array
        (
            [invoice_enname] => 1
            [invoice_cnname] => 1
            [invoice_quantity] => 1
            [unit_code] => PCE
            [invoice_unitcharge] => 1
            [invoice_weight] => 1
            [sku] => 
            [hs_code] => 
            [invoice_note] => 
            [invoice_url] => 
            [invoice_totalcharge] => 1
            [invoice_totalWeight] => 1
            [invoice_currencycode] => USD
        )

)
2016-05-10T13:36:11+08:00 INFO (6): 
2016-05-10 13:36:11:
result:Array
(
    [1] => Array
        (
            [invoice_enname] => 1
            [invoice_cnname] => 1
            [invoice_quantity] => 1
            [unit_code] => PCE
            [invoice_unitcharge] => 1
            [invoice_weight] => 1
            [sku] => 1
            [hs_code] => 
            [invoice_note] => 
            [invoice_url] => 
            [invoice_totalcharge] => 1
            [invoice_totalWeight] => 1
            [invoice_currencycode] => USD
        )

)
