2016-05-09T10:08:21+08:00 INFO (6): 
2016-05-09 10:08:21:
result:Array
(
    [1] => Array
        (
            [invoice_enname] => iphone0000001
            [invoice_cnname] => 苹果手机00000001
            [invoice_quantity] => 1
            [unit_code] => PCE
            [invoice_unitcharge] => 999
            [invoice_weight] => 0.5
            [sku] => fsdgfs45646sdgfgds546
            [hs_code] => 
            [invoice_note] => 
            [invoice_url] => 
            [invoice_totalcharge] => 999
            [invoice_totalWeight] => 0.5
            [invoice_currencycode] => USD
        )

)
2016-05-09T10:13:06+08:00 INFO (6): 
2016-05-09 10:13:06:
result:Array
(
    [1] => Array
        (
            [invoice_enname] => 
            [invoice_cnname] => 
            [invoice_quantity] => 
            [unit_code] => PCE
            [invoice_unitcharge] => 
            [invoice_weight] => 
            [sku] => 
            [hs_code] => 
            [invoice_note] => 
            [invoice_url] => 
            [invoice_totalcharge] => 0
            [invoice_totalWeight] => 0
            [invoice_currencycode] => USD
        )

)
2016-05-09T10:23:06+08:00 INFO (6): 
2016-05-09 10:23:06:
result:Array
(
    [1] => Array
        (
            [invoice_enname] => 
            [invoice_cnname] => 
            [invoice_quantity] => 
            [unit_code] => PCE
            [invoice_unitcharge] => 
            [invoice_weight] => 
            [sku] => 
            [hs_code] => 
            [invoice_note] => 
            [invoice_url] => 
            [invoice_totalcharge] => 0
            [invoice_totalWeight] => 0
            [invoice_currencycode] => USD
        )

)
2016-05-09T10:24:01+08:00 INFO (6): 
2016-05-09 10:24:01:
result:Array
(
    [1] => Array
        (
            [invoice_enname] => 
            [invoice_cnname] => 
            [invoice_quantity] => 
            [unit_code] => PCE
            [invoice_unitcharge] => 
            [invoice_weight] => 
            [sku] => 
            [hs_code] => 
            [invoice_note] => 
            [invoice_url] => 
            [invoice_totalcharge] => 0
            [invoice_totalWeight] => 0
            [invoice_currencycode] => USD
        )

)
2016-05-09T10:24:25+08:00 INFO (6): 
2016-05-09 10:24:25:
result:Array
(
    [1] => Array
        (
            [invoice_enname] => 
            [invoice_cnname] => 
            [invoice_quantity] => 
            [unit_code] => PCE
            [invoice_unitcharge] => 
            [invoice_weight] => 
            [sku] => 
            [hs_code] => 
            [invoice_note] => 
            [invoice_url] => 
            [invoice_totalcharge] => 0
            [invoice_totalWeight] => 0
            [invoice_currencycode] => USD
        )

)
2016-05-09T10:25:16+08:00 INFO (6): 
2016-05-09 10:25:16:
result:Array
(
    [1] => Array
        (
            [invoice_enname] => 
            [invoice_cnname] => 
            [invoice_quantity] => 
            [unit_code] => PCE
            [invoice_unitcharge] => 
            [invoice_weight] => 
            [sku] => 
            [hs_code] => 
            [invoice_note] => 
            [invoice_url] => 
            [invoice_totalcharge] => 0
            [invoice_totalWeight] => 0
            [invoice_currencycode] => USD
        )

)
2016-05-09T10:25:38+08:00 INFO (6): 
2016-05-09 10:25:38:
result:Array
(
    [1] => Array
        (
            [invoice_enname] => 
            [invoice_cnname] => 
            [invoice_quantity] => 
            [unit_code] => PCE
            [invoice_unitcharge] => 
            [invoice_weight] => 
            [sku] => 
            [hs_code] => 
            [invoice_note] => 
            [invoice_url] => 
            [invoice_totalcharge] => 0
            [invoice_totalWeight] => 0
            [invoice_currencycode] => USD
        )

)
2016-05-09T10:29:51+08:00 INFO (6): 
2016-05-09 10:29:51:
result:Array
(
    [1] => Array
        (
            [invoice_enname] => 
            [invoice_cnname] => 
            [invoice_quantity] => 
            [unit_code] => PCE
            [invoice_unitcharge] => 
            [invoice_weight] => 
            [sku] => 
            [hs_code] => 
            [invoice_note] => 
            [invoice_url] => 
            [invoice_totalcharge] => 0
            [invoice_totalWeight] => 0
            [invoice_currencycode] => USD
        )

)
2016-05-09T10:40:17+08:00 INFO (6): 
2016-05-09 10:40:17:
result:Array
(
    [1] => Array
        (
            [invoice_enname] => 
            [invoice_cnname] => 
            [invoice_quantity] => 
            [unit_code] => PCE
            [invoice_unitcharge] => 
            [invoice_weight] => 
            [sku] => 
            [hs_code] => 
            [invoice_note] => 
            [invoice_url] => 
            [invoice_totalcharge] => 0
            [invoice_totalWeight] => 0
            [invoice_currencycode] => USD
        )

)
2016-05-09T10:41:08+08:00 INFO (6): 
2016-05-09 10:41:08:
result:Array
(
    [1] => Array
        (
            [invoice_enname] => 
            [invoice_cnname] => 
            [invoice_quantity] => 
            [unit_code] => PCE
            [invoice_unitcharge] => 
            [invoice_weight] => 
            [sku] => 
            [hs_code] => 
            [invoice_note] => 
            [invoice_url] => 
            [invoice_totalcharge] => 0
            [invoice_totalWeight] => 0
            [invoice_currencycode] => USD
        )

)
2016-05-09T10:41:52+08:00 INFO (6): 
2016-05-09 10:41:52:
result:Array
(
    [1] => Array
        (
            [invoice_enname] => 
            [invoice_cnname] => 
            [invoice_quantity] => 
            [unit_code] => PCE
            [invoice_unitcharge] => 
            [invoice_weight] => 
            [sku] => 
            [hs_code] => 
            [invoice_note] => 
            [invoice_url] => 
            [invoice_totalcharge] => 0
            [invoice_totalWeight] => 0
            [invoice_currencycode] => USD
        )

)
2016-05-09T10:43:02+08:00 INFO (6): 
2016-05-09 10:43:02:
result:Array
(
    [1] => Array
        (
            [invoice_enname] => 
            [invoice_cnname] => 
            [invoice_quantity] => 
            [unit_code] => PCE
            [invoice_unitcharge] => 
            [invoice_weight] => 
            [sku] => 
            [hs_code] => 
            [invoice_note] => 
            [invoice_url] => 
            [invoice_totalcharge] => 0
            [invoice_totalWeight] => 0
            [invoice_currencycode] => USD
        )

)
2016-05-09T10:44:15+08:00 INFO (6): 
2016-05-09 10:44:15:
result:Array
(
    [1] => Array
        (
            [invoice_enname] => 
            [invoice_cnname] => 
            [invoice_quantity] => 
            [unit_code] => PCE
            [invoice_unitcharge] => 
            [invoice_weight] => 
            [sku] => 
            [hs_code] => 
            [invoice_note] => 
            [invoice_url] => 
            [invoice_totalcharge] => 0
            [invoice_totalWeight] => 0
            [invoice_currencycode] => USD
        )

)
2016-05-09T10:46:48+08:00 INFO (6): 
2016-05-09 10:46:48:
result:Array
(
    [1] => Array
        (
            [invoice_enname] => 
            [invoice_cnname] => 
            [invoice_quantity] => 
            [unit_code] => PCE
            [invoice_unitcharge] => 
            [invoice_weight] => 
            [sku] => 
            [hs_code] => 
            [invoice_note] => 
            [invoice_url] => 
            [invoice_totalcharge] => 0
            [invoice_totalWeight] => 0
            [invoice_currencycode] => USD
        )

)
2016-05-09T10:48:01+08:00 INFO (6): 
2016-05-09 10:48:01:
result:Array
(
    [1] => Array
        (
            [invoice_enname] => 
            [invoice_cnname] => 
            [invoice_quantity] => 
            [unit_code] => PCE
            [invoice_unitcharge] => 
            [invoice_weight] => 
            [sku] => 
            [hs_code] => 
            [invoice_note] => 
            [invoice_url] => 
            [invoice_totalcharge] => 0
            [invoice_totalWeight] => 0
            [invoice_currencycode] => USD
        )

)
2016-05-09T11:26:49+08:00 INFO (6): 
2016-05-09 11:26:49:
result:Array
(
    [1] => Array
        (
            [invoice_enname] => iphone0000001
            [invoice_cnname] => 苹果手机00000001
            [invoice_quantity] => 1
            [unit_code] => PCE
            [invoice_unitcharge] => 999
            [invoice_weight] => 0.5
            [sku] => fsdgfs45646sdgfgds546
            [hs_code] => 
            [invoice_note] => 
            [invoice_url] => 
            [invoice_totalcharge] => 999
            [invoice_totalWeight] => 0.5
            [invoice_currencycode] => USD
        )

)
2016-05-09T11:28:26+08:00 INFO (6): 
2016-05-09 11:28:26:
result:Array
(
    [1] => Array
        (
            [invoice_enname] => iphone0000001
            [invoice_cnname] => 苹果手机00000001
            [invoice_quantity] => 1
            [unit_code] => PCE
            [invoice_unitcharge] => 999
            [invoice_weight] => 0.5
            [sku] => fsdgfs45646sdgfgds546
            [hs_code] => 
            [invoice_note] => 
            [invoice_url] => 
            [invoice_totalcharge] => 999
            [invoice_totalWeight] => 0.5
            [invoice_currencycode] => USD
        )

)
2016-05-09T16:10:33+08:00 INFO (6): 
2016-05-09 16:10:33:
result:Array
(
    [1] => Array
        (
            [invoice_quantity] => 1
            [invoice_weight] => 2
            [invoice_length] => 2
            [invoice_width] => 2
            [invoice_height] => 2
            [invoice_totalcharge] => 0
            [invoice_totalWeight] => 2
            [invoice_currencycode] => USD
        )

    [2] => Array
        (
            [invoice_quantity] => 1
            [invoice_weight] => 2
            [invoice_length] => 2
            [invoice_width] => 2
            [invoice_height] => 2
            [invoice_totalcharge] => 0
            [invoice_totalWeight] => 2
            [invoice_currencycode] => USD
        )

)
2016-05-09T16:10:33+08:00 INFO (6): 
2016-05-09 16:10:33:
result:Array
(
    [1] => Array
        (
            [invoice_quantity] => 1
            [invoice_weight] => 2
            [invoice_length] => 2
            [invoice_width] => 2
            [invoice_height] => 2
            [invoice_totalcharge] => 0
            [invoice_totalWeight] => 2
            [invoice_currencycode] => USD
        )

    [2] => Array
        (
            [invoice_quantity] => 1
            [invoice_weight] => 2
            [invoice_length] => 2
            [invoice_width] => 2
            [invoice_height] => 2
            [invoice_totalcharge] => 0
            [invoice_totalWeight] => 2
            [invoice_currencycode] => USD
        )

)
2016-05-09T16:16:27+08:00 INFO (6): 
2016-05-09 16:16:27:
result:Array
(
    [1] => Array
        (
            [invoice_quantity] => 1
            [invoice_weight] => 2
            [invoice_length] => 2
            [invoice_width] => 2
            [invoice_height] => 2
            [invoice_totalcharge] => 0
            [invoice_totalWeight] => 2
            [invoice_currencycode] => USD
        )

    [2] => Array
        (
            [invoice_quantity] => 1
            [invoice_weight] => 2
            [invoice_length] => 2
            [invoice_width] => 2
            [invoice_height] => 2
            [invoice_totalcharge] => 0
            [invoice_totalWeight] => 2
            [invoice_currencycode] => USD
        )

)
2016-05-09T16:16:27+08:00 INFO (6): 
2016-05-09 16:16:27:
result:Array
(
    [1] => Array
        (
            [invoice_quantity] => 1
            [invoice_weight] => 2
            [invoice_length] => 2
            [invoice_width] => 2
            [invoice_height] => 2
            [invoice_totalcharge] => 0
            [invoice_totalWeight] => 2
            [invoice_currencycode] => USD
        )

    [2] => Array
        (
            [invoice_quantity] => 1
            [invoice_weight] => 2
            [invoice_length] => 2
            [invoice_width] => 2
            [invoice_height] => 2
            [invoice_totalcharge] => 0
            [invoice_totalWeight] => 2
            [invoice_currencycode] => USD
        )

)
2016-05-09T16:19:02+08:00 INFO (6): 
2016-05-09 16:19:02:
result:Array
(
    [1] => Array
        (
            [invoice_quantity] => 1
            [invoice_weight] => 1
            [invoice_length] => 1
            [invoice_width] => 1
            [invoice_height] => 1
            [invoice_enname] => fdsa fdsafdsa
            [invoice_cnname] => fdsaf fdasfdsa
            [invoice_shippertax] => fdas
            [invoice_consigneetax] => fdas
            [invoice_totalcharge_all] => fdsafdas
            [sku] => fdsafdsa
            [invoice_totalcharge] => 0
            [invoice_totalWeight] => 1
            [invoice_currencycode] => USD
        )

    [2] => Array
        (
            [invoice_quantity] => 1
            [invoice_weight] => 1
            [invoice_length] => 1
            [invoice_width] => 1
            [invoice_height] => 1
            [invoice_totalcharge] => 0
            [invoice_totalWeight] => 1
            [invoice_currencycode] => USD
        )

    [3] => Array
        (
            [invoice_quantity] => 1
            [invoice_weight] => 
            [invoice_length] => 
            [invoice_width] => 
            [invoice_height] => 
            [invoice_totalcharge] => 0
            [invoice_totalWeight] => 0
            [invoice_currencycode] => USD
        )

)
2016-05-09T16:19:02+08:00 INFO (6): 
2016-05-09 16:19:02:
result:Array
(
    [1] => Array
        (
            [invoice_quantity] => 1
            [invoice_weight] => 1
            [invoice_length] => 1
            [invoice_width] => 1
            [invoice_height] => 1
            [invoice_enname] => fdsa fdsafdsa
            [invoice_cnname] => fdsaf fdasfdsa
            [invoice_shippertax] => fdas
            [invoice_consigneetax] => fdas
            [invoice_totalcharge_all] => fdsafdas
            [sku] => fdsafdsa
            [invoice_totalcharge] => 0
            [invoice_totalWeight] => 1
            [invoice_currencycode] => USD
        )

    [2] => Array
        (
            [invoice_quantity] => 1
            [invoice_weight] => 1
            [invoice_length] => 1
            [invoice_width] => 1
            [invoice_height] => 1
            [invoice_totalcharge] => 0
            [invoice_totalWeight] => 1
            [invoice_currencycode] => USD
        )

    [3] => Array
        (
            [invoice_quantity] => 1
            [invoice_weight] => 
            [invoice_length] => 
            [invoice_width] => 
            [invoice_height] => 
            [invoice_totalcharge] => 0
            [invoice_totalWeight] => 0
            [invoice_currencycode] => USD
        )

)
2016-05-09T16:19:02+08:00 INFO (6): 
2016-05-09 16:19:02:
result:Array
(
    [1] => Array
        (
            [invoice_quantity] => 1
            [invoice_weight] => 1
            [invoice_length] => 1
            [invoice_width] => 1
            [invoice_height] => 1
            [invoice_enname] => fdsa fdsafdsa
            [invoice_cnname] => fdsaf fdasfdsa
            [invoice_shippertax] => fdas
            [invoice_consigneetax] => fdas
            [invoice_totalcharge_all] => fdsafdas
            [sku] => fdsafdsa
            [invoice_totalcharge] => 0
            [invoice_totalWeight] => 1
            [invoice_currencycode] => USD
        )

    [2] => Array
        (
            [invoice_quantity] => 1
            [invoice_weight] => 1
            [invoice_length] => 1
            [invoice_width] => 1
            [invoice_height] => 1
            [invoice_totalcharge] => 0
            [invoice_totalWeight] => 1
            [invoice_currencycode] => USD
        )

    [3] => Array
        (
            [invoice_quantity] => 1
            [invoice_weight] => 
            [invoice_length] => 
            [invoice_width] => 
            [invoice_height] => 
            [invoice_totalcharge] => 0
            [invoice_totalWeight] => 0
            [invoice_currencycode] => USD
        )

)
2016-05-09T16:47:39+08:00 INFO (6): 
2016-05-09 16:47:39:
result:Array
(
    [1] => Array
        (
            [invoice_quantity] => 1
            [invoice_weight] => 1
            [invoice_length] => 1
            [invoice_width] => 1
            [invoice_height] => 1
            [invoice_enname] => fdsa fdsafdsa
            [invoice_cnname] => fdsaf fdasfdsa
            [invoice_shippertax] => fdas
            [invoice_consigneetax] => fdas
            [invoice_totalcharge_all] => fdsafdas
            [sku] => fdsafdsa
            [invoice_unitcharge] => 0
            [invoice_totalcharge] => 0
            [invoice_totalWeight] => 1
            [invoice_currencycode] => USD
        )

    [2] => Array
        (
            [invoice_quantity] => 1
            [invoice_weight] => 1
            [invoice_length] => 1
            [invoice_width] => 1
            [invoice_height] => 1
            [invoice_enname] => fdsa fdsafdsa
            [invoice_cnname] => fdsaf fdasfdsa
            [invoice_shippertax] => fdas
            [invoice_consigneetax] => fdas
            [invoice_totalcharge_all] => fdsafdas
            [sku] => fdsafdsa
            [invoice_unitcharge] => 0
            [invoice_totalcharge] => 0
            [invoice_totalWeight] => 1
            [invoice_currencycode] => USD
        )

)
2016-05-09T16:47:39+08:00 INFO (6): 
2016-05-09 16:47:39:
result:Array
(
    [1] => Array
        (
            [invoice_quantity] => 1
            [invoice_weight] => 1
            [invoice_length] => 1
            [invoice_width] => 1
            [invoice_height] => 1
            [invoice_enname] => fdsa fdsafdsa
            [invoice_cnname] => fdsaf fdasfdsa
            [invoice_shippertax] => fdas
            [invoice_consigneetax] => fdas
            [invoice_totalcharge_all] => fdsafdas
            [sku] => fdsafdsa
            [invoice_unitcharge] => 0
            [invoice_totalcharge] => 0
            [invoice_totalWeight] => 1
            [invoice_currencycode] => USD
        )

    [2] => Array
        (
            [invoice_quantity] => 1
            [invoice_weight] => 1
            [invoice_length] => 1
            [invoice_width] => 1
            [invoice_height] => 1
            [invoice_enname] => fdsa fdsafdsa
            [invoice_cnname] => fdsaf fdasfdsa
            [invoice_shippertax] => fdas
            [invoice_consigneetax] => fdas
            [invoice_totalcharge_all] => fdsafdas
            [sku] => fdsafdsa
            [invoice_unitcharge] => 0
            [invoice_totalcharge] => 0
            [invoice_totalWeight] => 1
            [invoice_currencycode] => USD
        )

)
2016-05-09T16:48:27+08:00 INFO (6): 
2016-05-09 16:48:27:
result:Array
(
    [1] => Array
        (
            [invoice_quantity] => 1
            [invoice_weight] => 1
            [invoice_length] => 1
            [invoice_width] => 1
            [invoice_height] => 1
            [invoice_enname] => fdsa fdsafdsa
            [invoice_cnname] => fdsaf fdasfdsa
            [invoice_shippertax] => fdas
            [invoice_consigneetax] => fdas
            [invoice_totalcharge_all] => fdsafdas
            [sku] => fdsafdsa
            [invoice_unitcharge] => 0
            [invoice_totalcharge] => 0
            [invoice_totalWeight] => 1
            [invoice_currencycode] => USD
        )

    [2] => Array
        (
            [invoice_quantity] => 1
            [invoice_weight] => 1
            [invoice_length] => 1
            [invoice_width] => 1
            [invoice_height] => 1
            [invoice_enname] => fdsa fdsafdsa
            [invoice_cnname] => fdsaf fdasfdsa
            [invoice_shippertax] => fdas
            [invoice_consigneetax] => fdas
            [invoice_totalcharge_all] => fdsafdas
            [sku] => fdsafdsa
            [invoice_unitcharge] => 0
            [invoice_totalcharge] => 0
            [invoice_totalWeight] => 1
            [invoice_currencycode] => USD
        )

)
2016-05-09T16:48:27+08:00 INFO (6): 
2016-05-09 16:48:27:
result:Array
(
    [1] => Array
        (
            [invoice_quantity] => 1
            [invoice_weight] => 1
            [invoice_length] => 1
            [invoice_width] => 1
            [invoice_height] => 1
            [invoice_enname] => fdsa fdsafdsa
            [invoice_cnname] => fdsaf fdasfdsa
            [invoice_shippertax] => fdas
            [invoice_consigneetax] => fdas
            [invoice_totalcharge_all] => fdsafdas
            [sku] => fdsafdsa
            [invoice_unitcharge] => 0
            [invoice_totalcharge] => 0
            [invoice_totalWeight] => 1
            [invoice_currencycode] => USD
        )

    [2] => Array
        (
            [invoice_quantity] => 1
            [invoice_weight] => 1
            [invoice_length] => 1
            [invoice_width] => 1
            [invoice_height] => 1
            [invoice_enname] => fdsa fdsafdsa
            [invoice_cnname] => fdsaf fdasfdsa
            [invoice_shippertax] => fdas
            [invoice_consigneetax] => fdas
            [invoice_totalcharge_all] => fdsafdas
            [sku] => fdsafdsa
            [invoice_unitcharge] => 0
            [invoice_totalcharge] => 0
            [invoice_totalWeight] => 1
            [invoice_currencycode] => USD
        )

)
2016-05-09T16:52:23+08:00 INFO (6): 
2016-05-09 16:52:23:
result:Array
(
    [1] => Array
        (
            [invoice_quantity] => 1
            [invoice_weight] => 1
            [invoice_length] => 1
            [invoice_width] => 1
            [invoice_height] => 1
            [invoice_enname] => fdsa fdsafdsa
            [invoice_cnname] => fdsaf fdasfdsa
            [invoice_shippertax] => fdas
            [invoice_consigneetax] => fdas
            [invoice_totalcharge_all] => fdsafdas
            [sku] => fdsafdsa
            [invoice_unitcharge] => 0
            [invoice_totalcharge] => 0
            [invoice_totalWeight] => 1
            [invoice_currencycode] => USD
        )

    [2] => Array
        (
            [invoice_quantity] => 1
            [invoice_weight] => 1
            [invoice_length] => 1
            [invoice_width] => 1
            [invoice_height] => 1
            [invoice_enname] => fdsa fdsafdsa
            [invoice_cnname] => fdsaf fdasfdsa
            [invoice_shippertax] => fdas
            [invoice_consigneetax] => fdas
            [invoice_totalcharge_all] => fdsafdas
            [sku] => fdsafdsa
            [invoice_unitcharge] => 0
            [invoice_totalcharge] => 0
            [invoice_totalWeight] => 1
            [invoice_currencycode] => USD
        )

)
2016-05-09T16:52:23+08:00 INFO (6): 
2016-05-09 16:52:23:
result:Array
(
    [1] => Array
        (
            [invoice_quantity] => 1
            [invoice_weight] => 1
            [invoice_length] => 1
            [invoice_width] => 1
            [invoice_height] => 1
            [invoice_enname] => fdsa fdsafdsa
            [invoice_cnname] => fdsaf fdasfdsa
            [invoice_shippertax] => fdas
            [invoice_consigneetax] => fdas
            [invoice_totalcharge_all] => fdsafdas
            [sku] => fdsafdsa
            [invoice_unitcharge] => 0
            [invoice_totalcharge] => 0
            [invoice_totalWeight] => 1
            [invoice_currencycode] => USD
        )

    [2] => Array
        (
            [invoice_quantity] => 1
            [invoice_weight] => 1
            [invoice_length] => 1
            [invoice_width] => 1
            [invoice_height] => 1
            [invoice_enname] => fdsa fdsafdsa
            [invoice_cnname] => fdsaf fdasfdsa
            [invoice_shippertax] => fdas
            [invoice_consigneetax] => fdas
            [invoice_totalcharge_all] => fdsafdas
            [sku] => fdsafdsa
            [invoice_unitcharge] => 0
            [invoice_totalcharge] => 0
            [invoice_totalWeight] => 1
            [invoice_currencycode] => USD
        )

)
2016-05-09T16:54:24+08:00 INFO (6): 
2016-05-09 16:54:24:
result:Array
(
    [1] => Array
        (
            [invoice_quantity] => 1
            [invoice_weight] => 1
            [invoice_length] => 1
            [invoice_width] => 1
            [invoice_height] => 1
            [invoice_enname] => fdsa fdsafdsa
            [invoice_cnname] => fdsaf fdasfdsa
            [invoice_shippertax] => fdas
            [invoice_consigneetax] => fdas
            [invoice_totalcharge_all] => fdsafdas
            [sku] => fdsafdsa
            [invoice_unitcharge] => 0
            [invoice_totalcharge] => 0
            [invoice_totalWeight] => 1
            [invoice_currencycode] => USD
        )

    [2] => Array
        (
            [invoice_quantity] => 1
            [invoice_weight] => 1
            [invoice_length] => 1
            [invoice_width] => 1
            [invoice_height] => 1
            [invoice_enname] => fdsa fdsafdsa
            [invoice_cnname] => fdsaf fdasfdsa
            [invoice_shippertax] => fdas
            [invoice_consigneetax] => fdas
            [invoice_totalcharge_all] => fdsafdas
            [sku] => fdsafdsa
            [invoice_unitcharge] => 0
            [invoice_totalcharge] => 0
            [invoice_totalWeight] => 1
            [invoice_currencycode] => USD
        )

)
2016-05-09T16:54:24+08:00 INFO (6): 
2016-05-09 16:54:24:
result:Array
(
    [1] => Array
        (
            [invoice_quantity] => 1
            [invoice_weight] => 1
            [invoice_length] => 1
            [invoice_width] => 1
            [invoice_height] => 1
            [invoice_enname] => fdsa fdsafdsa
            [invoice_cnname] => fdsaf fdasfdsa
            [invoice_shippertax] => fdas
            [invoice_consigneetax] => fdas
            [invoice_totalcharge_all] => fdsafdas
            [sku] => fdsafdsa
            [invoice_unitcharge] => 0
            [invoice_totalcharge] => 0
            [invoice_totalWeight] => 1
            [invoice_currencycode] => USD
        )

    [2] => Array
        (
            [invoice_quantity] => 1
            [invoice_weight] => 1
            [invoice_length] => 1
            [invoice_width] => 1
            [invoice_height] => 1
            [invoice_enname] => fdsa fdsafdsa
            [invoice_cnname] => fdsaf fdasfdsa
            [invoice_shippertax] => fdas
            [invoice_consigneetax] => fdas
            [invoice_totalcharge_all] => fdsafdas
            [sku] => fdsafdsa
            [invoice_unitcharge] => 0
            [invoice_totalcharge] => 0
            [invoice_totalWeight] => 1
            [invoice_currencycode] => USD
        )

)
2016-05-09T16:54:33+08:00 INFO (6): 
2016-05-09 16:54:33:
result:Array
(
    [1] => Array
        (
            [invoice_quantity] => 1
            [invoice_weight] => 1
            [invoice_length] => 1
            [invoice_width] => 1
            [invoice_height] => 1
            [invoice_enname] => fdsa fdsafdsa
            [invoice_cnname] => fdsaf fdasfdsa
            [invoice_shippertax] => fdas
            [invoice_consigneetax] => fdas
            [invoice_totalcharge_all] => fdsafdas
            [sku] => fdsafdsa
            [invoice_unitcharge] => 0
            [invoice_totalcharge] => 0
            [invoice_totalWeight] => 1
            [invoice_currencycode] => USD
        )

    [2] => Array
        (
            [invoice_quantity] => 1
            [invoice_weight] => 1
            [invoice_length] => 1
            [invoice_width] => 1
            [invoice_height] => 1
            [invoice_enname] => fdsa fdsafdsa
            [invoice_cnname] => fdsaf fdasfdsa
            [invoice_shippertax] => fdas
            [invoice_consigneetax] => fdas
            [invoice_totalcharge_all] => fdsafdas
            [sku] => fdsafdsa
            [invoice_unitcharge] => 0
            [invoice_totalcharge] => 0
            [invoice_totalWeight] => 1
            [invoice_currencycode] => USD
        )

)
2016-05-09T16:54:33+08:00 INFO (6): 
2016-05-09 16:54:33:
result:Array
(
    [1] => Array
        (
            [invoice_quantity] => 1
            [invoice_weight] => 1
            [invoice_length] => 1
            [invoice_width] => 1
            [invoice_height] => 1
            [invoice_enname] => fdsa fdsafdsa
            [invoice_cnname] => fdsaf fdasfdsa
            [invoice_shippertax] => fdas
            [invoice_consigneetax] => fdas
            [invoice_totalcharge_all] => fdsafdas
            [sku] => fdsafdsa
            [invoice_unitcharge] => 0
            [invoice_totalcharge] => 0
            [invoice_totalWeight] => 1
            [invoice_currencycode] => USD
        )

    [2] => Array
        (
            [invoice_quantity] => 1
            [invoice_weight] => 1
            [invoice_length] => 1
            [invoice_width] => 1
            [invoice_height] => 1
            [invoice_enname] => fdsa fdsafdsa
            [invoice_cnname] => fdsaf fdasfdsa
            [invoice_shippertax] => fdas
            [invoice_consigneetax] => fdas
            [invoice_totalcharge_all] => fdsafdas
            [sku] => fdsafdsa
            [invoice_unitcharge] => 0
            [invoice_totalcharge] => 0
            [invoice_totalWeight] => 1
            [invoice_currencycode] => USD
        )

)
2016-05-09T16:56:01+08:00 INFO (6): 
2016-05-09 16:56:01:
result:Array
(
    [1] => Array
        (
            [invoice_quantity] => 1
            [invoice_weight] => 1
            [invoice_length] => 1
            [invoice_width] => 1
            [invoice_height] => 1
            [invoice_enname] => fdsa fdsafdsa
            [invoice_cnname] => fdsaf fdasfdsa
            [invoice_shippertax] => fdas
            [invoice_consigneetax] => fdas
            [invoice_totalcharge_all] => fdsafdas
            [sku] => fdsafdsa
            [invoice_unitcharge] => 0
            [invoice_totalcharge] => 0
            [invoice_totalWeight] => 1
            [invoice_currencycode] => USD
        )

    [2] => Array
        (
            [invoice_quantity] => 1
            [invoice_weight] => 1
            [invoice_length] => 1
            [invoice_width] => 1
            [invoice_height] => 1
            [invoice_enname] => fdsa fdsafdsa
            [invoice_cnname] => fdsaf fdasfdsa
            [invoice_shippertax] => fdas
            [invoice_consigneetax] => fdas
            [invoice_totalcharge_all] => fdsafdas
            [sku] => fdsafdsa
            [invoice_unitcharge] => 0
            [invoice_totalcharge] => 0
            [invoice_totalWeight] => 1
            [invoice_currencycode] => USD
        )

)
2016-05-09T16:56:01+08:00 INFO (6): 
2016-05-09 16:56:01:
result:Array
(
    [1] => Array
        (
            [invoice_quantity] => 1
            [invoice_weight] => 1
            [invoice_length] => 1
            [invoice_width] => 1
            [invoice_height] => 1
            [invoice_enname] => fdsa fdsafdsa
            [invoice_cnname] => fdsaf fdasfdsa
            [invoice_shippertax] => fdas
            [invoice_consigneetax] => fdas
            [invoice_totalcharge_all] => fdsafdas
            [sku] => fdsafdsa
            [invoice_unitcharge] => 0
            [invoice_totalcharge] => 0
            [invoice_totalWeight] => 1
            [invoice_currencycode] => USD
        )

    [2] => Array
        (
            [invoice_quantity] => 1
            [invoice_weight] => 1
            [invoice_length] => 1
            [invoice_width] => 1
            [invoice_height] => 1
            [invoice_enname] => fdsa fdsafdsa
            [invoice_cnname] => fdsaf fdasfdsa
            [invoice_shippertax] => fdas
            [invoice_consigneetax] => fdas
            [invoice_totalcharge_all] => fdsafdas
            [sku] => fdsafdsa
            [invoice_unitcharge] => 0
            [invoice_totalcharge] => 0
            [invoice_totalWeight] => 1
            [invoice_currencycode] => USD
        )

)
2016-05-09T16:57:15+08:00 INFO (6): 
2016-05-09 16:57:15:
result:Array
(
    [1] => Array
        (
            [invoice_quantity] => 1
            [invoice_weight] => 1
            [invoice_length] => 1
            [invoice_width] => 1
            [invoice_height] => 1
            [invoice_enname] => fdsa fdsafdsa
            [invoice_cnname] => fdsaf fdasfdsa
            [invoice_shippertax] => fdas
            [invoice_consigneetax] => fdas
            [invoice_totalcharge_all] => fdsafdas
            [sku] => fdsafdsa
            [invoice_unitcharge] => 0
            [invoice_totalcharge] => 0
            [invoice_totalWeight] => 1
            [invoice_currencycode] => USD
        )

    [2] => Array
        (
            [invoice_quantity] => 1
            [invoice_weight] => 1
            [invoice_length] => 1
            [invoice_width] => 1
            [invoice_height] => 1
            [invoice_enname] => fdsa fdsafdsa
            [invoice_cnname] => fdsaf fdasfdsa
            [invoice_shippertax] => fdas
            [invoice_consigneetax] => fdas
            [invoice_totalcharge_all] => fdsafdas
            [sku] => fdsafdsa
            [invoice_unitcharge] => 0
            [invoice_totalcharge] => 0
            [invoice_totalWeight] => 1
            [invoice_currencycode] => USD
        )

)
2016-05-09T16:57:15+08:00 INFO (6): 
2016-05-09 16:57:15:
result:Array
(
    [1] => Array
        (
            [invoice_quantity] => 1
            [invoice_weight] => 1
            [invoice_length] => 1
            [invoice_width] => 1
            [invoice_height] => 1
            [invoice_enname] => fdsa fdsafdsa
            [invoice_cnname] => fdsaf fdasfdsa
            [invoice_shippertax] => fdas
            [invoice_consigneetax] => fdas
            [invoice_totalcharge_all] => fdsafdas
            [sku] => fdsafdsa
            [invoice_unitcharge] => 0
            [invoice_totalcharge] => 0
            [invoice_totalWeight] => 1
            [invoice_currencycode] => USD
        )

    [2] => Array
        (
            [invoice_quantity] => 1
            [invoice_weight] => 1
            [invoice_length] => 1
            [invoice_width] => 1
            [invoice_height] => 1
            [invoice_enname] => fdsa fdsafdsa
            [invoice_cnname] => fdsaf fdasfdsa
            [invoice_shippertax] => fdas
            [invoice_consigneetax] => fdas
            [invoice_totalcharge_all] => fdsafdas
            [sku] => fdsafdsa
            [invoice_unitcharge] => 0
            [invoice_totalcharge] => 0
            [invoice_totalWeight] => 1
            [invoice_currencycode] => USD
        )

)
2016-05-09T16:58:29+08:00 INFO (6): 
2016-05-09 16:58:29:
result:Array
(
    [1] => Array
        (
            [invoice_quantity] => 1
            [invoice_weight] => 1
            [invoice_length] => 1
            [invoice_width] => 1
            [invoice_height] => 1
            [invoice_enname] => fdsa fdsafdsa
            [invoice_cnname] => fdsaf fdasfdsa
            [invoice_shippertax] => fdas
            [invoice_consigneetax] => fdas
            [invoice_totalcharge_all] => fdsafdas
            [sku] => fdsafdsa
            [invoice_unitcharge] => 0
            [invoice_totalcharge] => 0
            [invoice_totalWeight] => 1
            [invoice_currencycode] => USD
        )

    [2] => Array
        (
            [invoice_quantity] => 1
            [invoice_weight] => 1
            [invoice_length] => 1
            [invoice_width] => 1
            [invoice_height] => 1
            [invoice_enname] => fdsa fdsafdsa
            [invoice_cnname] => fdsaf fdasfdsa
            [invoice_shippertax] => fdas
            [invoice_consigneetax] => fdas
            [invoice_totalcharge_all] => fdsafdas
            [sku] => fdsafdsa
            [invoice_unitcharge] => 0
            [invoice_totalcharge] => 0
            [invoice_totalWeight] => 1
            [invoice_currencycode] => USD
        )

)
2016-05-09T16:58:29+08:00 INFO (6): 
2016-05-09 16:58:29:
result:Array
(
    [1] => Array
        (
            [invoice_quantity] => 1
            [invoice_weight] => 1
            [invoice_length] => 1
            [invoice_width] => 1
            [invoice_height] => 1
            [invoice_enname] => fdsa fdsafdsa
            [invoice_cnname] => fdsaf fdasfdsa
            [invoice_shippertax] => fdas
            [invoice_consigneetax] => fdas
            [invoice_totalcharge_all] => fdsafdas
            [sku] => fdsafdsa
            [invoice_unitcharge] => 0
            [invoice_totalcharge] => 0
            [invoice_totalWeight] => 1
            [invoice_currencycode] => USD
        )

    [2] => Array
        (
            [invoice_quantity] => 1
            [invoice_weight] => 1
            [invoice_length] => 1
            [invoice_width] => 1
            [invoice_height] => 1
            [invoice_enname] => fdsa fdsafdsa
            [invoice_cnname] => fdsaf fdasfdsa
            [invoice_shippertax] => fdas
            [invoice_consigneetax] => fdas
            [invoice_totalcharge_all] => fdsafdas
            [sku] => fdsafdsa
            [invoice_unitcharge] => 0
            [invoice_totalcharge] => 0
            [invoice_totalWeight] => 1
            [invoice_currencycode] => USD
        )

)
2016-05-09T16:59:25+08:00 INFO (6): 
2016-05-09 16:59:25:
result:Array
(
    [1] => Array
        (
            [invoice_quantity] => 1
            [invoice_weight] => 1
            [invoice_length] => 1
            [invoice_width] => 1
            [invoice_height] => 1
            [invoice_enname] => fdsa fdsafdsa
            [invoice_cnname] => fdsaf fdasfdsa
            [invoice_shippertax] => fdas
            [invoice_consigneetax] => fdas
            [invoice_totalcharge_all] => fdsafdas
            [sku] => fdsafdsa
            [invoice_unitcharge] => 0
            [invoice_totalcharge] => 0
            [invoice_totalWeight] => 1
            [invoice_currencycode] => USD
        )

    [2] => Array
        (
            [invoice_quantity] => 1
            [invoice_weight] => 1
            [invoice_length] => 1
            [invoice_width] => 1
            [invoice_height] => 1
            [invoice_enname] => fdsa fdsafdsa
            [invoice_cnname] => fdsaf fdasfdsa
            [invoice_shippertax] => fdas
            [invoice_consigneetax] => fdas
            [invoice_totalcharge_all] => fdsafdas
            [sku] => fdsafdsa
            [invoice_unitcharge] => 0
            [invoice_totalcharge] => 0
            [invoice_totalWeight] => 1
            [invoice_currencycode] => USD
        )

)
2016-05-09T16:59:25+08:00 INFO (6): 
2016-05-09 16:59:25:
result:Array
(
    [1] => Array
        (
            [invoice_quantity] => 1
            [invoice_weight] => 1
            [invoice_length] => 1
            [invoice_width] => 1
            [invoice_height] => 1
            [invoice_enname] => fdsa fdsafdsa
            [invoice_cnname] => fdsaf fdasfdsa
            [invoice_shippertax] => fdas
            [invoice_consigneetax] => fdas
            [invoice_totalcharge_all] => fdsafdas
            [sku] => fdsafdsa
            [invoice_unitcharge] => 0
            [invoice_totalcharge] => 0
            [invoice_totalWeight] => 1
            [invoice_currencycode] => USD
        )

    [2] => Array
        (
            [invoice_quantity] => 1
            [invoice_weight] => 1
            [invoice_length] => 1
            [invoice_width] => 1
            [invoice_height] => 1
            [invoice_enname] => fdsa fdsafdsa
            [invoice_cnname] => fdsaf fdasfdsa
            [invoice_shippertax] => fdas
            [invoice_consigneetax] => fdas
            [invoice_totalcharge_all] => fdsafdas
            [sku] => fdsafdsa
            [invoice_unitcharge] => 0
            [invoice_totalcharge] => 0
            [invoice_totalWeight] => 1
            [invoice_currencycode] => USD
        )

)
2016-05-09T16:59:50+08:00 INFO (6): 
2016-05-09 16:59:50:
result:Array
(
    [1] => Array
        (
            [invoice_quantity] => 1
            [invoice_weight] => 1
            [invoice_length] => 1
            [invoice_width] => 1
            [invoice_height] => 1
            [invoice_enname] => fdsa fdsafdsa
            [invoice_cnname] => fdsaf fdasfdsa
            [invoice_shippertax] => fdas
            [invoice_consigneetax] => fdas
            [invoice_totalcharge_all] => fdsafdas
            [sku] => fdsafdsa
            [invoice_unitcharge] => 0
            [invoice_totalcharge] => 0
            [invoice_totalWeight] => 1
            [invoice_currencycode] => USD
        )

    [2] => Array
        (
            [invoice_quantity] => 1
            [invoice_weight] => 1
            [invoice_length] => 1
            [invoice_width] => 1
            [invoice_height] => 1
            [invoice_enname] => fdsa fdsafdsa
            [invoice_cnname] => fdsaf fdasfdsa
            [invoice_shippertax] => fdas
            [invoice_consigneetax] => fdas
            [invoice_totalcharge_all] => fdsafdas
            [sku] => fdsafdsa
            [invoice_unitcharge] => 0
            [invoice_totalcharge] => 0
            [invoice_totalWeight] => 1
            [invoice_currencycode] => USD
        )

)
2016-05-09T16:59:50+08:00 INFO (6): 
2016-05-09 16:59:50:
result:Array
(
    [1] => Array
        (
            [invoice_quantity] => 1
            [invoice_weight] => 1
            [invoice_length] => 1
            [invoice_width] => 1
            [invoice_height] => 1
            [invoice_enname] => fdsa fdsafdsa
            [invoice_cnname] => fdsaf fdasfdsa
            [invoice_shippertax] => fdas
            [invoice_consigneetax] => fdas
            [invoice_totalcharge_all] => fdsafdas
            [sku] => fdsafdsa
            [invoice_unitcharge] => 0
            [invoice_totalcharge] => 0
            [invoice_totalWeight] => 1
            [invoice_currencycode] => USD
        )

    [2] => Array
        (
            [invoice_quantity] => 1
            [invoice_weight] => 1
            [invoice_length] => 1
            [invoice_width] => 1
            [invoice_height] => 1
            [invoice_enname] => fdsa fdsafdsa
            [invoice_cnname] => fdsaf fdasfdsa
            [invoice_shippertax] => fdas
            [invoice_consigneetax] => fdas
            [invoice_totalcharge_all] => fdsafdas
            [sku] => fdsafdsa
            [invoice_unitcharge] => 0
            [invoice_totalcharge] => 0
            [invoice_totalWeight] => 1
            [invoice_currencycode] => USD
        )

)
2016-05-09T17:00:51+08:00 INFO (6): 
2016-05-09 17:00:51:
result:Array
(
    [1] => Array
        (
            [invoice_quantity] => 1
            [invoice_weight] => 1
            [invoice_length] => 1
            [invoice_width] => 1
            [invoice_height] => 1
            [invoice_enname] => fdsa fdsafdsa
            [invoice_cnname] => fdsaf fdasfdsa
            [invoice_shippertax] => fdas
            [invoice_consigneetax] => fdas
            [invoice_totalcharge_all] => fdsafdas
            [sku] => fdsafdsa
            [invoice_unitcharge] => 0
            [invoice_totalcharge] => 0
            [invoice_totalWeight] => 1
            [invoice_currencycode] => USD
        )

    [2] => Array
        (
            [invoice_quantity] => 1
            [invoice_weight] => 1
            [invoice_length] => 1
            [invoice_width] => 1
            [invoice_height] => 1
            [invoice_enname] => fdsa fdsafdsa
            [invoice_cnname] => fdsaf fdasfdsa
            [invoice_shippertax] => fdas
            [invoice_consigneetax] => fdas
            [invoice_totalcharge_all] => fdsafdas
            [sku] => fdsafdsa
            [invoice_unitcharge] => 0
            [invoice_totalcharge] => 0
            [invoice_totalWeight] => 1
            [invoice_currencycode] => USD
        )

)
2016-05-09T17:00:51+08:00 INFO (6): 
2016-05-09 17:00:51:
result:Array
(
    [1] => Array
        (
            [invoice_quantity] => 1
            [invoice_weight] => 1
            [invoice_length] => 1
            [invoice_width] => 1
            [invoice_height] => 1
            [invoice_enname] => fdsa fdsafdsa
            [invoice_cnname] => fdsaf fdasfdsa
            [invoice_shippertax] => fdas
            [invoice_consigneetax] => fdas
            [invoice_totalcharge_all] => fdsafdas
            [sku] => fdsafdsa
            [invoice_unitcharge] => 0
            [invoice_totalcharge] => 0
            [invoice_totalWeight] => 1
            [invoice_currencycode] => USD
        )

    [2] => Array
        (
            [invoice_quantity] => 1
            [invoice_weight] => 1
            [invoice_length] => 1
            [invoice_width] => 1
            [invoice_height] => 1
            [invoice_enname] => fdsa fdsafdsa
            [invoice_cnname] => fdsaf fdasfdsa
            [invoice_shippertax] => fdas
            [invoice_consigneetax] => fdas
            [invoice_totalcharge_all] => fdsafdas
            [sku] => fdsafdsa
            [invoice_unitcharge] => 0
            [invoice_totalcharge] => 0
            [invoice_totalWeight] => 1
            [invoice_currencycode] => USD
        )

)
2016-05-09T17:02:35+08:00 INFO (6): 
2016-05-09 17:02:35:
result:Array
(
    [1] => Array
        (
            [invoice_quantity] => 1
            [invoice_weight] => 1
            [invoice_length] => 1
            [invoice_width] => 1
            [invoice_height] => 1
            [invoice_enname] => fdsa fdsafdsa
            [invoice_cnname] => fdsaf fdasfdsa
            [invoice_shippertax] => fdas
            [invoice_consigneetax] => fdas
            [invoice_totalcharge_all] => fdsafdas
            [sku] => fdsafdsa
            [invoice_unitcharge] => 0
            [invoice_totalcharge] => 0
            [invoice_totalWeight] => 1
            [invoice_currencycode] => USD
        )

    [2] => Array
        (
            [invoice_quantity] => 1
            [invoice_weight] => 1
            [invoice_length] => 1
            [invoice_width] => 1
            [invoice_height] => 1
            [invoice_enname] => fdsa fdsafdsa
            [invoice_cnname] => fdsaf fdasfdsa
            [invoice_shippertax] => fdas
            [invoice_consigneetax] => fdas
            [invoice_totalcharge_all] => fdsafdas
            [sku] => fdsafdsa
            [invoice_unitcharge] => 0
            [invoice_totalcharge] => 0
            [invoice_totalWeight] => 1
            [invoice_currencycode] => USD
        )

)
2016-05-09T17:02:35+08:00 INFO (6): 
2016-05-09 17:02:35:
result:Array
(
    [1] => Array
        (
            [invoice_quantity] => 1
            [invoice_weight] => 1
            [invoice_length] => 1
            [invoice_width] => 1
            [invoice_height] => 1
            [invoice_enname] => fdsa fdsafdsa
            [invoice_cnname] => fdsaf fdasfdsa
            [invoice_shippertax] => fdas
            [invoice_consigneetax] => fdas
            [invoice_totalcharge_all] => fdsafdas
            [sku] => fdsafdsa
            [invoice_unitcharge] => 0
            [invoice_totalcharge] => 0
            [invoice_totalWeight] => 1
            [invoice_currencycode] => USD
        )

    [2] => Array
        (
            [invoice_quantity] => 1
            [invoice_weight] => 1
            [invoice_length] => 1
            [invoice_width] => 1
            [invoice_height] => 1
            [invoice_enname] => fdsa fdsafdsa
            [invoice_cnname] => fdsaf fdasfdsa
            [invoice_shippertax] => fdas
            [invoice_consigneetax] => fdas
            [invoice_totalcharge_all] => fdsafdas
            [sku] => fdsafdsa
            [invoice_unitcharge] => 0
            [invoice_totalcharge] => 0
            [invoice_totalWeight] => 1
            [invoice_currencycode] => USD
        )

)
2016-05-09T17:37:44+08:00 INFO (6): 
2016-05-09 17:37:44:
result:Array
(
    [1] => Array
        (
            [invoice_quantity] => 1
            [invoice_weight] => 2
            [invoice_length] => 3
            [invoice_width] => 4
            [invoice_height] => 5
            [invoice_enname] => c1,c2
            [invoice_cnname] => c1_e,c2_e
            [invoice_shippertax] => fjrzzs
            [invoice_consigneetax] => sjrzzs
            [invoice_totalcharge_all] => 100
            [sku] => 100
            [invoice_unitcharge] => 0
            [invoice_totalcharge] => 0
            [invoice_totalWeight] => 2
            [invoice_currencycode] => USD
        )

    [2] => Array
        (
            [invoice_quantity] => 6
            [invoice_weight] => 7
            [invoice_length] => 8
            [invoice_width] => 9
            [invoice_height] => 10
            [invoice_enname] => c1,c2
            [invoice_cnname] => c1_e,c2_e
            [invoice_shippertax] => fjrzzs
            [invoice_consigneetax] => sjrzzs
            [invoice_totalcharge_all] => 100
            [sku] => 100
            [invoice_unitcharge] => 0
            [invoice_totalcharge] => 0
            [invoice_totalWeight] => 42
            [invoice_currencycode] => USD
        )

)
2016-05-09T17:37:44+08:00 INFO (6): 
2016-05-09 17:37:44:
result:Array
(
    [1] => Array
        (
            [invoice_quantity] => 1
            [invoice_weight] => 2
            [invoice_length] => 3
            [invoice_width] => 4
            [invoice_height] => 5
            [invoice_enname] => c1,c2
            [invoice_cnname] => c1_e,c2_e
            [invoice_shippertax] => fjrzzs
            [invoice_consigneetax] => sjrzzs
            [invoice_totalcharge_all] => 100
            [sku] => 100
            [invoice_unitcharge] => 0
            [invoice_totalcharge] => 0
            [invoice_totalWeight] => 2
            [invoice_currencycode] => USD
        )

    [2] => Array
        (
            [invoice_quantity] => 6
            [invoice_weight] => 7
            [invoice_length] => 8
            [invoice_width] => 9
            [invoice_height] => 10
            [invoice_enname] => c1,c2
            [invoice_cnname] => c1_e,c2_e
            [invoice_shippertax] => fjrzzs
            [invoice_consigneetax] => sjrzzs
            [invoice_totalcharge_all] => 100
            [sku] => 100
            [invoice_unitcharge] => 0
            [invoice_totalcharge] => 0
            [invoice_totalWeight] => 42
            [invoice_currencycode] => USD
        )

)
2016-05-09T17:44:18+08:00 INFO (6): 
2016-05-09 17:44:18:
result:Array
(
    [1] => Array
        (
            [invoice_quantity] => 1
            [invoice_weight] => 2
            [invoice_length] => 3
            [invoice_width] => 4
            [invoice_height] => 5
            [invoice_enname] => c1,c2
            [invoice_cnname] => c1_e,c2_e
            [invoice_shippertax] => fjrzzs
            [invoice_consigneetax] => sjrzzs
            [invoice_totalcharge_all] => 100
            [sku] => 100
            [invoice_unitcharge] => 0
            [invoice_totalcharge] => 0
            [invoice_totalWeight] => 2
            [invoice_currencycode] => USD
        )

    [2] => Array
        (
            [invoice_quantity] => 6
            [invoice_weight] => 7
            [invoice_length] => 8
            [invoice_width] => 9
            [invoice_height] => 10
            [invoice_enname] => c1,c2
            [invoice_cnname] => c1_e,c2_e
            [invoice_shippertax] => fjrzzs
            [invoice_consigneetax] => sjrzzs
            [invoice_totalcharge_all] => 100
            [sku] => 100
            [invoice_unitcharge] => 0
            [invoice_totalcharge] => 0
            [invoice_totalWeight] => 42
            [invoice_currencycode] => USD
        )

)
2016-05-09T17:44:18+08:00 INFO (6): 
2016-05-09 17:44:18:
result:Array
(
    [1] => Array
        (
            [invoice_quantity] => 1
            [invoice_weight] => 2
            [invoice_length] => 3
            [invoice_width] => 4
            [invoice_height] => 5
            [invoice_enname] => c1,c2
            [invoice_cnname] => c1_e,c2_e
            [invoice_shippertax] => fjrzzs
            [invoice_consigneetax] => sjrzzs
            [invoice_totalcharge_all] => 100
            [sku] => 100
            [invoice_unitcharge] => 0
            [invoice_totalcharge] => 0
            [invoice_totalWeight] => 2
            [invoice_currencycode] => USD
        )

    [2] => Array
        (
            [invoice_quantity] => 6
            [invoice_weight] => 7
            [invoice_length] => 8
            [invoice_width] => 9
            [invoice_height] => 10
            [invoice_enname] => c1,c2
            [invoice_cnname] => c1_e,c2_e
            [invoice_shippertax] => fjrzzs
            [invoice_consigneetax] => sjrzzs
            [invoice_totalcharge_all] => 100
            [sku] => 100
            [invoice_unitcharge] => 0
            [invoice_totalcharge] => 0
            [invoice_totalWeight] => 42
            [invoice_currencycode] => USD
        )

)
2016-05-09T17:46:25+08:00 INFO (6): 
2016-05-09 17:46:25:
result:Array
(
    [1] => Array
        (
            [invoice_quantity] => 1
            [invoice_weight] => 2
            [invoice_length] => 3
            [invoice_width] => 4
            [invoice_height] => 5
            [invoice_enname] => cz1,cz2
            [invoice_cnname] => cz2,cz2
            [invoice_shippertax] => fdas
            [invoice_consigneetax] => fdas
            [invoice_totalcharge_all] => 111
            [sku] => 111
            [invoice_unitcharge] => 0
            [invoice_totalcharge] => 0
            [invoice_totalWeight] => 2
            [invoice_currencycode] => USD
        )

    [2] => Array
        (
            [invoice_quantity] => 1
            [invoice_weight] => 6
            [invoice_length] => 7
            [invoice_width] => 8
            [invoice_height] => 9
            [invoice_enname] => cz1,cz2
            [invoice_cnname] => cz2,cz2
            [invoice_shippertax] => fdas
            [invoice_consigneetax] => fdas
            [invoice_totalcharge_all] => 111
            [sku] => 111
            [invoice_unitcharge] => 0
            [invoice_totalcharge] => 0
            [invoice_totalWeight] => 6
            [invoice_currencycode] => USD
        )

)
2016-05-09T17:46:25+08:00 INFO (6): 
2016-05-09 17:46:25:
result:Array
(
    [1] => Array
        (
            [invoice_quantity] => 1
            [invoice_weight] => 2
            [invoice_length] => 3
            [invoice_width] => 4
            [invoice_height] => 5
            [invoice_enname] => cz1,cz2
            [invoice_cnname] => cz2,cz2
            [invoice_shippertax] => fdas
            [invoice_consigneetax] => fdas
            [invoice_totalcharge_all] => 111
            [sku] => 111
            [invoice_unitcharge] => 0
            [invoice_totalcharge] => 0
            [invoice_totalWeight] => 2
            [invoice_currencycode] => USD
        )

    [2] => Array
        (
            [invoice_quantity] => 1
            [invoice_weight] => 6
            [invoice_length] => 7
            [invoice_width] => 8
            [invoice_height] => 9
            [invoice_enname] => cz1,cz2
            [invoice_cnname] => cz2,cz2
            [invoice_shippertax] => fdas
            [invoice_consigneetax] => fdas
            [invoice_totalcharge_all] => 111
            [sku] => 111
            [invoice_unitcharge] => 0
            [invoice_totalcharge] => 0
            [invoice_totalWeight] => 6
            [invoice_currencycode] => USD
        )

)
2016-05-09T17:46:32+08:00 INFO (6): 
2016-05-09 17:46:32:
result:Array
(
    [1] => Array
        (
            [invoice_quantity] => 1
            [invoice_weight] => 2
            [invoice_length] => 3
            [invoice_width] => 4
            [invoice_height] => 5
            [invoice_enname] => cz1,cz2
            [invoice_cnname] => cz2,cz2
            [invoice_shippertax] => fdas
            [invoice_consigneetax] => fdas
            [invoice_totalcharge_all] => 111
            [sku] => 111
            [invoice_unitcharge] => 0
            [invoice_totalcharge] => 0
            [invoice_totalWeight] => 2
            [invoice_currencycode] => USD
        )

    [2] => Array
        (
            [invoice_quantity] => 1
            [invoice_weight] => 6
            [invoice_length] => 7
            [invoice_width] => 8
            [invoice_height] => 9
            [invoice_enname] => cz1,cz2
            [invoice_cnname] => cz2,cz2
            [invoice_shippertax] => fdas
            [invoice_consigneetax] => fdas
            [invoice_totalcharge_all] => 111
            [sku] => 111
            [invoice_unitcharge] => 0
            [invoice_totalcharge] => 0
            [invoice_totalWeight] => 6
            [invoice_currencycode] => USD
        )

)
2016-05-09T17:46:32+08:00 INFO (6): 
2016-05-09 17:46:32:
result:Array
(
    [1] => Array
        (
            [invoice_quantity] => 1
            [invoice_weight] => 2
            [invoice_length] => 3
            [invoice_width] => 4
            [invoice_height] => 5
            [invoice_enname] => cz1,cz2
            [invoice_cnname] => cz2,cz2
            [invoice_shippertax] => fdas
            [invoice_consigneetax] => fdas
            [invoice_totalcharge_all] => 111
            [sku] => 111
            [invoice_unitcharge] => 0
            [invoice_totalcharge] => 0
            [invoice_totalWeight] => 2
            [invoice_currencycode] => USD
        )

    [2] => Array
        (
            [invoice_quantity] => 1
            [invoice_weight] => 6
            [invoice_length] => 7
            [invoice_width] => 8
            [invoice_height] => 9
            [invoice_enname] => cz1,cz2
            [invoice_cnname] => cz2,cz2
            [invoice_shippertax] => fdas
            [invoice_consigneetax] => fdas
            [invoice_totalcharge_all] => 111
            [sku] => 111
            [invoice_unitcharge] => 0
            [invoice_totalcharge] => 0
            [invoice_totalWeight] => 6
            [invoice_currencycode] => USD
        )

)
2016-05-09T17:49:04+08:00 INFO (6): 
2016-05-09 17:49:04:
result:Array
(
    [1] => Array
        (
            [invoice_quantity] => 1
            [invoice_weight] => 1
            [invoice_length] => 1
            [invoice_width] => 1
            [invoice_height] => 1
            [invoice_enname] => fdsafsa,fdsafdsa
            [invoice_cnname] => fdsa,fdas
            [invoice_shippertax] => fdas
            [invoice_consigneetax] => fdsa
            [invoice_totalcharge_all] => fdas
            [sku] => fdsa
            [invoice_unitcharge] => 0
            [invoice_totalcharge] => 0
            [invoice_totalWeight] => 1
            [invoice_currencycode] => USD
        )

    [2] => Array
        (
            [invoice_quantity] => 1
            [invoice_weight] => 1
            [invoice_length] => 1
            [invoice_width] => 1
            [invoice_height] => 1
            [invoice_enname] => fdsafsa,fdsafdsa
            [invoice_cnname] => fdsa,fdas
            [invoice_shippertax] => fdas
            [invoice_consigneetax] => fdsa
            [invoice_totalcharge_all] => fdas
            [sku] => fdsa
            [invoice_unitcharge] => 0
            [invoice_totalcharge] => 0
            [invoice_totalWeight] => 1
            [invoice_currencycode] => USD
        )

)
2016-05-09T17:49:04+08:00 INFO (6): 
2016-05-09 17:49:04:
result:Array
(
    [1] => Array
        (
            [invoice_quantity] => 1
            [invoice_weight] => 1
            [invoice_length] => 1
            [invoice_width] => 1
            [invoice_height] => 1
            [invoice_enname] => fdsafsa,fdsafdsa
            [invoice_cnname] => fdsa,fdas
            [invoice_shippertax] => fdas
            [invoice_consigneetax] => fdsa
            [invoice_totalcharge_all] => fdas
            [sku] => fdsa
            [invoice_unitcharge] => 0
            [invoice_totalcharge] => 0
            [invoice_totalWeight] => 1
            [invoice_currencycode] => USD
        )

    [2] => Array
        (
            [invoice_quantity] => 1
            [invoice_weight] => 1
            [invoice_length] => 1
            [invoice_width] => 1
            [invoice_height] => 1
            [invoice_enname] => fdsafsa,fdsafdsa
            [invoice_cnname] => fdsa,fdas
            [invoice_shippertax] => fdas
            [invoice_consigneetax] => fdsa
            [invoice_totalcharge_all] => fdas
            [sku] => fdsa
            [invoice_unitcharge] => 0
            [invoice_totalcharge] => 0
            [invoice_totalWeight] => 1
            [invoice_currencycode] => USD
        )

)
2016-05-09T17:53:55+08:00 INFO (6): 
2016-05-09 17:53:55:
result:Array
(
    [1] => Array
        (
            [invoice_quantity] => 1
            [invoice_weight] => 1
            [invoice_length] => 1
            [invoice_width] => 1
            [invoice_height] => 1
            [invoice_enname] => fdsafsa,fdsafdsa
            [invoice_cnname] => fdsa,fdas
            [invoice_shippertax] => fdas
            [invoice_consigneetax] => fdsa
            [invoice_totalcharge_all] => fdas
            [sku] => fdsa
            [invoice_unitcharge] => 0
            [invoice_totalcharge] => 0
            [invoice_totalWeight] => 1
            [invoice_currencycode] => USD
        )

    [2] => Array
        (
            [invoice_quantity] => 1
            [invoice_weight] => 1
            [invoice_length] => 1
            [invoice_width] => 1
            [invoice_height] => 1
            [invoice_enname] => fdsafsa,fdsafdsa
            [invoice_cnname] => fdsa,fdas
            [invoice_shippertax] => fdas
            [invoice_consigneetax] => fdsa
            [invoice_totalcharge_all] => fdas
            [sku] => fdsa
            [invoice_unitcharge] => 0
            [invoice_totalcharge] => 0
            [invoice_totalWeight] => 1
            [invoice_currencycode] => USD
        )

)
2016-05-09T17:53:55+08:00 INFO (6): 
2016-05-09 17:53:55:
result:Array
(
    [1] => Array
        (
            [invoice_quantity] => 1
            [invoice_weight] => 1
            [invoice_length] => 1
            [invoice_width] => 1
            [invoice_height] => 1
            [invoice_enname] => fdsafsa,fdsafdsa
            [invoice_cnname] => fdsa,fdas
            [invoice_shippertax] => fdas
            [invoice_consigneetax] => fdsa
            [invoice_totalcharge_all] => fdas
            [sku] => fdsa
            [invoice_unitcharge] => 0
            [invoice_totalcharge] => 0
            [invoice_totalWeight] => 1
            [invoice_currencycode] => USD
        )

    [2] => Array
        (
            [invoice_quantity] => 1
            [invoice_weight] => 1
            [invoice_length] => 1
            [invoice_width] => 1
            [invoice_height] => 1
            [invoice_enname] => fdsafsa,fdsafdsa
            [invoice_cnname] => fdsa,fdas
            [invoice_shippertax] => fdas
            [invoice_consigneetax] => fdsa
            [invoice_totalcharge_all] => fdas
            [sku] => fdsa
            [invoice_unitcharge] => 0
            [invoice_totalcharge] => 0
            [invoice_totalWeight] => 1
            [invoice_currencycode] => USD
        )

)
2016-05-09T18:41:45+08:00 INFO (6): 
2016-05-09 18:41:45:
result:Array
(
    [1] => Array
        (
            [invoice_enname] => iphone0000001
            [invoice_cnname] => 苹果手机00000001
            [invoice_quantity] => 1
            [unit_code] => PCE
            [invoice_unitcharge] => 999
            [invoice_weight] => 0.5
            [sku] => fsdgfs45646sdgfgds546
            [hs_code] => 
            [invoice_note] => 
            [invoice_url] => 
            [invoice_totalcharge] => 999
            [invoice_totalWeight] => 0.5
            [invoice_currencycode] => USD
        )

)
2016-05-09T18:55:04+08:00 INFO (6): 
2016-05-09 18:55:04:
result:Array
(
    [1] => Array
        (
            [invoice_quantity] => 1
            [invoice_weight] => 1
            [invoice_length] => 1
            [invoice_width] => 1
            [invoice_height] => 1
            [invoice_enname] => fdsa
            [invoice_cnname] => fdsa
            [invoice_shippertax] => fdas
            [invoice_consigneetax] => fdas
            [invoice_totalcharge_all] => fdsa
            [sku] => fdsa
            [invoice_unitcharge] => 0
            [invoice_totalcharge] => 0
            [invoice_totalWeight] => 1
            [invoice_currencycode] => USD
        )

)
2016-05-09T18:55:23+08:00 INFO (6): 
2016-05-09 18:55:23:
result:Array
(
    [1] => Array
        (
            [invoice_quantity] => 1
            [invoice_weight] => 1
            [invoice_length] => 1
            [invoice_width] => 1
            [invoice_height] => 1
            [invoice_enname] => fdsa
            [invoice_cnname] => fdsa
            [invoice_shippertax] => fdas
            [invoice_consigneetax] => fdas
            [invoice_totalcharge_all] => fdsa
            [sku] => fdsa
            [invoice_unitcharge] => 0
            [invoice_totalcharge] => 0
            [invoice_totalWeight] => 1
            [invoice_currencycode] => USD
        )

)
2016-05-09T18:58:14+08:00 INFO (6): 
2016-05-09 18:58:14:
result:Array
(
    [1] => Array
        (
            [invoice_quantity] => 1
            [invoice_weight] => 1
            [invoice_length] => 1
            [invoice_width] => 1
            [invoice_height] => 1
            [invoice_enname] => fdas
            [invoice_cnname] => fdas
            [invoice_shippertax] => fdsa
            [invoice_consigneetax] => fdas
            [invoice_totalcharge_all] => fdas
            [sku] => fdas
            [invoice_unitcharge] => 0
            [invoice_totalcharge] => 0
            [invoice_totalWeight] => 1
            [invoice_currencycode] => USD
        )

)
