2016-05-12T09:32:56+08:00 INFO (6): 
2016-05-12 09:32:56:
result:Array
(
    [1] => Array
        (
            [invoice_quantity] => 1
            [invoice_weight] => 1
            [invoice_length] => 1
            [invoice_width] => 1
            [invoice_height] => 1
            [invoice_enname] => fdsa fdsa
            [invoice_cnname] => fdsafdsa
            [invoice_shippertax] => fdsafdsa
            [invoice_consigneetax] => fdsafdsa
            [invoice_totalcharge_all] => 132121
            [sku] => fdas
            [invoice_unitcharge] => 0
            [invoice_totalcharge] => 0
            [invoice_totalWeight] => 1
            [invoice_currencycode] => USD
        )

)
2016-05-12T10:35:17+08:00 INFO (6): 
2016-05-12 10:35:17:
result:Array
(
    [1] => Array
        (
            [invoice_quantity] => 
            [invoice_weight] => 
            [invoice_length] => 
            [invoice_width] => 
            [invoice_height] => 
            [invoice_enname] => 
            [invoice_cnname] => 
            [invoice_unitcharge] => 0
            [invoice_totalcharge] => 0
            [invoice_totalWeight] => 0
            [invoice_currencycode] => USD
        )

    [2] => Array
        (
            [invoice_quantity] => 
            [invoice_weight] => 
            [invoice_length] => 
            [invoice_width] => 
            [invoice_height] => 
            [invoice_unitcharge] => 0
            [invoice_totalcharge] => 0
            [invoice_totalWeight] => 0
            [invoice_currencycode] => USD
        )

)
2016-05-12T10:35:17+08:00 INFO (6): 
2016-05-12 10:35:17:
result:Array
(
    [1] => Array
        (
            [invoice_quantity] => 
            [invoice_weight] => 
            [invoice_length] => 
            [invoice_width] => 
            [invoice_height] => 
            [invoice_enname] => 
            [invoice_cnname] => 
            [invoice_unitcharge] => 0
            [invoice_totalcharge] => 0
            [invoice_totalWeight] => 0
            [invoice_currencycode] => USD
        )

    [2] => Array
        (
            [invoice_quantity] => 
            [invoice_weight] => 
            [invoice_length] => 
            [invoice_width] => 
            [invoice_height] => 
            [invoice_unitcharge] => 0
            [invoice_totalcharge] => 0
            [invoice_totalWeight] => 0
            [invoice_currencycode] => USD
        )

)
2016-05-12T11:44:14+08:00 INFO (6): 
2016-05-12 11:44:14:
result:Array
(
    [1] => Array
        (
            [invoice_quantity] => 1
            [invoice_weight] => 1
            [invoice_length] => 
            [invoice_width] => 
            [invoice_height] => 
            [invoice_enname] => 签字费1000张
            [invoice_cnname] => ediotcode
            [invoice_unitcharge] => 0
            [invoice_totalcharge] => 0
            [invoice_totalWeight] => 1
            [invoice_currencycode] => USD
        )

)
2016-05-12T11:44:31+08:00 INFO (6): 
2016-05-12 11:44:31:
result:Array
(
    [1] => Array
        (
            [invoice_quantity] => 1
            [invoice_weight] => 1
            [invoice_length] => 
            [invoice_width] => 
            [invoice_height] => 
            [invoice_enname] => 签字费1000张
            [invoice_cnname] => ediotcode
            [invoice_unitcharge] => 0
            [invoice_totalcharge] => 0
            [invoice_totalWeight] => 1
            [invoice_currencycode] => USD
        )

)
2016-05-12T11:45:44+08:00 INFO (6): 
2016-05-12 11:45:44:
result:Array
(
    [1] => Array
        (
            [invoice_quantity] => 1
            [invoice_weight] => 1
            [invoice_length] => 
            [invoice_width] => 
            [invoice_height] => 
            [invoice_enname] => 
            [invoice_cnname] => ediotcode
            [invoice_unitcharge] => 0
            [invoice_totalcharge] => 0
            [invoice_totalWeight] => 1
            [invoice_currencycode] => USD
        )

)
2016-05-12T12:56:14+08:00 INFO (6): 
2016-05-12 12:56:14:
result:Array
(
    [1] => Array
        (
            [invoice_quantity] => 1
            [invoice_weight] => 1
            [invoice_length] => 
            [invoice_width] => 
            [invoice_height] => 
            [invoice_enname] => 
            [invoice_cnname] => ediotcode
            [invoice_shippertax] => 
            [invoice_consigneetax] => 
            [invoice_totalcharge_all] => 
            [sku] => 
            [invoice_unitcharge] => 0
            [invoice_totalcharge] => 0
            [invoice_totalWeight] => 1
            [invoice_currencycode] => USD
        )

)
2016-05-12T12:56:23+08:00 INFO (6): 
2016-05-12 12:56:23:
result:Array
(
    [1] => Array
        (
            [invoice_quantity] => 1
            [invoice_weight] => 1
            [invoice_length] => 
            [invoice_width] => 
            [invoice_height] => 
            [invoice_enname] => 
            [invoice_cnname] => ediotcode
            [invoice_shippertax] => 
            [invoice_consigneetax] => 
            [invoice_totalcharge_all] => 
            [sku] => 
            [invoice_unitcharge] => 0
            [invoice_totalcharge] => 0
            [invoice_totalWeight] => 1
            [invoice_currencycode] => USD
        )

    [2] => Array
        (
            [invoice_quantity] => 1
            [invoice_weight] => 2
            [invoice_length] => 
            [invoice_width] => 
            [invoice_height] => 
            [invoice_enname] => 
            [invoice_cnname] => ediotcode
            [invoice_shippertax] => 
            [invoice_consigneetax] => 
            [invoice_totalcharge_all] => 
            [sku] => 
            [invoice_unitcharge] => 0
            [invoice_totalcharge] => 0
            [invoice_totalWeight] => 2
            [invoice_currencycode] => USD
        )

)
2016-05-12T12:56:23+08:00 INFO (6): 
2016-05-12 12:56:23:
result:Array
(
    [1] => Array
        (
            [invoice_quantity] => 1
            [invoice_weight] => 1
            [invoice_length] => 
            [invoice_width] => 
            [invoice_height] => 
            [invoice_enname] => 
            [invoice_cnname] => ediotcode
            [invoice_shippertax] => 
            [invoice_consigneetax] => 
            [invoice_totalcharge_all] => 
            [sku] => 
            [invoice_unitcharge] => 0
            [invoice_totalcharge] => 0
            [invoice_totalWeight] => 1
            [invoice_currencycode] => USD
        )

    [2] => Array
        (
            [invoice_quantity] => 1
            [invoice_weight] => 2
            [invoice_length] => 
            [invoice_width] => 
            [invoice_height] => 
            [invoice_enname] => 
            [invoice_cnname] => ediotcode
            [invoice_shippertax] => 
            [invoice_consigneetax] => 
            [invoice_totalcharge_all] => 
            [sku] => 
            [invoice_unitcharge] => 0
            [invoice_totalcharge] => 0
            [invoice_totalWeight] => 2
            [invoice_currencycode] => USD
        )

)
2016-05-12T12:56:29+08:00 INFO (6): 
2016-05-12 12:56:29:
result:Array
(
    [1] => Array
        (
            [invoice_quantity] => 1
            [invoice_weight] => 1
            [invoice_length] => 
            [invoice_width] => 
            [invoice_height] => 
            [invoice_enname] => fdsa
            [invoice_cnname] => ediotcode
            [invoice_unitcharge] => 0
            [invoice_totalcharge] => 0
            [invoice_totalWeight] => 1
            [invoice_currencycode] => USD
        )

    [2] => Array
        (
            [invoice_quantity] => 1
            [invoice_weight] => 2
            [invoice_length] => 
            [invoice_width] => 
            [invoice_height] => 
            [invoice_enname] => fdsa
            [invoice_cnname] => ediotcode
            [invoice_shippertax] => 
            [invoice_consigneetax] => 
            [invoice_totalcharge_all] => 
            [sku] => 
            [invoice_unitcharge] => 0
            [invoice_totalcharge] => 0
            [invoice_totalWeight] => 2
            [invoice_currencycode] => USD
        )

)
2016-05-12T12:56:29+08:00 INFO (6): 
2016-05-12 12:56:29:
result:Array
(
    [1] => Array
        (
            [invoice_quantity] => 1
            [invoice_weight] => 1
            [invoice_length] => 
            [invoice_width] => 
            [invoice_height] => 
            [invoice_enname] => fdsa
            [invoice_cnname] => ediotcode
            [invoice_unitcharge] => 0
            [invoice_totalcharge] => 0
            [invoice_totalWeight] => 1
            [invoice_currencycode] => USD
        )

    [2] => Array
        (
            [invoice_quantity] => 1
            [invoice_weight] => 2
            [invoice_length] => 
            [invoice_width] => 
            [invoice_height] => 
            [invoice_enname] => fdsa
            [invoice_cnname] => ediotcode
            [invoice_shippertax] => 
            [invoice_consigneetax] => 
            [invoice_totalcharge_all] => 
            [sku] => 
            [invoice_unitcharge] => 0
            [invoice_totalcharge] => 0
            [invoice_totalWeight] => 2
            [invoice_currencycode] => USD
        )

)
2016-05-12T12:58:44+08:00 INFO (6): 
2016-05-12 12:58:44:
result:Array
(
    [1] => Array
        (
            [invoice_quantity] => 1
            [invoice_weight] => 1
            [invoice_length] => 
            [invoice_width] => 
            [invoice_height] => 
            [invoice_enname] => fdsa
            [invoice_cnname] => fdsa
            [invoice_shippertax] => fdsa
            [invoice_consigneetax] => 
            [invoice_totalcharge_all] => 12321321
            [sku] => 
            [invoice_unitcharge] => 0
            [invoice_totalcharge] => 0
            [invoice_totalWeight] => 1
            [invoice_currencycode] => USD
        )

)
2016-05-12T12:59:26+08:00 INFO (6): 
2016-05-12 12:59:26:
result:Array
(
    [1] => Array
        (
            [invoice_quantity] => 1
            [invoice_weight] => 1
            [invoice_length] => 
            [invoice_width] => 
            [invoice_height] => 
            [invoice_enname] => fdsa
            [invoice_cnname] => fdsa
            [invoice_shippertax] => fdsa
            [invoice_consigneetax] => 
            [invoice_totalcharge_all] => 12321321
            [sku] => 
            [invoice_unitcharge] => 0
            [invoice_totalcharge] => 0
            [invoice_totalWeight] => 1
            [invoice_currencycode] => USD
        )

    [2] => Array
        (
            [invoice_quantity] => 1
            [invoice_weight] => 1
            [invoice_length] => 
            [invoice_width] => 
            [invoice_height] => 
            [invoice_enname] => fdsa
            [invoice_cnname] => fdsa
            [invoice_shippertax] => fdsa
            [invoice_consigneetax] => 
            [invoice_totalcharge_all] => 12321321
            [sku] => 
            [invoice_unitcharge] => 0
            [invoice_totalcharge] => 0
            [invoice_totalWeight] => 1
            [invoice_currencycode] => USD
        )

)
2016-05-12T12:59:26+08:00 INFO (6): 
2016-05-12 12:59:26:
result:Array
(
    [1] => Array
        (
            [invoice_quantity] => 1
            [invoice_weight] => 1
            [invoice_length] => 
            [invoice_width] => 
            [invoice_height] => 
            [invoice_enname] => fdsa
            [invoice_cnname] => fdsa
            [invoice_shippertax] => fdsa
            [invoice_consigneetax] => 
            [invoice_totalcharge_all] => 12321321
            [sku] => 
            [invoice_unitcharge] => 0
            [invoice_totalcharge] => 0
            [invoice_totalWeight] => 1
            [invoice_currencycode] => USD
        )

    [2] => Array
        (
            [invoice_quantity] => 1
            [invoice_weight] => 1
            [invoice_length] => 
            [invoice_width] => 
            [invoice_height] => 
            [invoice_enname] => fdsa
            [invoice_cnname] => fdsa
            [invoice_shippertax] => fdsa
            [invoice_consigneetax] => 
            [invoice_totalcharge_all] => 12321321
            [sku] => 
            [invoice_unitcharge] => 0
            [invoice_totalcharge] => 0
            [invoice_totalWeight] => 1
            [invoice_currencycode] => USD
        )

)
2016-05-12T13:09:12+08:00 INFO (6): 
2016-05-12 13:09:12:
result:Array
(
    [1] => Array
        (
            [invoice_quantity] => 1
            [invoice_weight] => 1
            [invoice_length] => 
            [invoice_width] => 
            [invoice_height] => 
            [invoice_enname] => fdsa
            [invoice_cnname] => fdsa
            [invoice_shippertax] => fdsa
            [invoice_consigneetax] => 
            [invoice_totalcharge_all] => 12321321
            [sku] => 
            [invoice_unitcharge] => 0
            [invoice_totalcharge] => 0
            [invoice_totalWeight] => 1
            [invoice_currencycode] => USD
        )

    [2] => Array
        (
            [invoice_quantity] => 1
            [invoice_weight] => 1
            [invoice_length] => 
            [invoice_width] => 
            [invoice_height] => 
            [invoice_enname] => fdsa
            [invoice_cnname] => fdsa
            [invoice_shippertax] => fdsa
            [invoice_consigneetax] => 
            [invoice_totalcharge_all] => 12321321
            [sku] => 
            [invoice_unitcharge] => 0
            [invoice_totalcharge] => 0
            [invoice_totalWeight] => 1
            [invoice_currencycode] => USD
        )

)
2016-05-12T13:09:12+08:00 INFO (6): 
2016-05-12 13:09:12:
result:Array
(
    [1] => Array
        (
            [invoice_quantity] => 1
            [invoice_weight] => 1
            [invoice_length] => 
            [invoice_width] => 
            [invoice_height] => 
            [invoice_enname] => fdsa
            [invoice_cnname] => fdsa
            [invoice_shippertax] => fdsa
            [invoice_consigneetax] => 
            [invoice_totalcharge_all] => 12321321
            [sku] => 
            [invoice_unitcharge] => 0
            [invoice_totalcharge] => 0
            [invoice_totalWeight] => 1
            [invoice_currencycode] => USD
        )

    [2] => Array
        (
            [invoice_quantity] => 1
            [invoice_weight] => 1
            [invoice_length] => 
            [invoice_width] => 
            [invoice_height] => 
            [invoice_enname] => fdsa
            [invoice_cnname] => fdsa
            [invoice_shippertax] => fdsa
            [invoice_consigneetax] => 
            [invoice_totalcharge_all] => 12321321
            [sku] => 
            [invoice_unitcharge] => 0
            [invoice_totalcharge] => 0
            [invoice_totalWeight] => 1
            [invoice_currencycode] => USD
        )

)
2016-05-12T13:09:56+08:00 INFO (6): 
2016-05-12 13:09:56:
result:Array
(
    [1] => Array
        (
            [invoice_quantity] => 1
            [invoice_weight] => 1
            [invoice_length] => 
            [invoice_width] => 
            [invoice_height] => 
            [invoice_enname] => fdsa
            [invoice_cnname] => fdas
            [invoice_unitcharge] => 0
            [invoice_totalcharge] => 0
            [invoice_totalWeight] => 1
            [invoice_currencycode] => USD
        )

)
2016-05-12T14:44:16+08:00 INFO (6): 
2016-05-12 14:44:16:
result:Array
(
    [1] => Array
        (
            [invoice_enname] => in1
            [invoice_cnname] => in1
            [hs_code] => 12321
            [invoice_quantity] => 13
            [invoice_weight] => 11
            [invoice_unitcharge] => 0
            [invoice_totalcharge] => 0
            [invoice_totalWeight] => 143
            [invoice_currencycode] => USD
        )

    [2] => Array
        (
            [invoice_enname] => in2
            [invoice_unitcharge] => 0
            [invoice_totalcharge] => 0
            [invoice_totalWeight] => 0
            [invoice_currencycode] => USD
        )

)
2016-05-12T14:44:16+08:00 INFO (6): 
2016-05-12 14:44:16:
result:Array
(
    [1] => Array
        (
            [invoice_enname] => in1
            [invoice_cnname] => in1
            [hs_code] => 12321
            [invoice_quantity] => 13
            [invoice_weight] => 11
            [invoice_unitcharge] => 0
            [invoice_totalcharge] => 0
            [invoice_totalWeight] => 143
            [invoice_currencycode] => USD
        )

    [2] => Array
        (
            [invoice_enname] => in2
            [invoice_unitcharge] => 0
            [invoice_totalcharge] => 0
            [invoice_totalWeight] => 0
            [invoice_currencycode] => USD
        )

)
2016-05-12T14:44:40+08:00 INFO (6): 
2016-05-12 14:44:40:
result:Array
(
    [1] => Array
        (
            [invoice_enname] => in1
            [invoice_cnname] => in1
            [hs_code] => 12321
            [invoice_quantity] => 13
            [invoice_weight] => 11
            [invoice_unitcharge] => 0
            [invoice_totalcharge] => 0
            [invoice_totalWeight] => 143
            [invoice_currencycode] => USD
        )

    [2] => Array
        (
            [invoice_enname] => in2
            [invoice_unitcharge] => 0
            [invoice_totalcharge] => 0
            [invoice_totalWeight] => 0
            [invoice_currencycode] => USD
        )

)
2016-05-12T14:44:40+08:00 INFO (6): 
2016-05-12 14:44:40:
result:Array
(
    [1] => Array
        (
            [invoice_enname] => in1
            [invoice_cnname] => in1
            [hs_code] => 12321
            [invoice_quantity] => 13
            [invoice_weight] => 11
            [invoice_unitcharge] => 0
            [invoice_totalcharge] => 0
            [invoice_totalWeight] => 143
            [invoice_currencycode] => USD
        )

    [2] => Array
        (
            [invoice_enname] => in2
            [invoice_unitcharge] => 0
            [invoice_totalcharge] => 0
            [invoice_totalWeight] => 0
            [invoice_currencycode] => USD
        )

)
2016-05-12T14:47:03+08:00 INFO (6): 
2016-05-12 14:47:03:
result:Array
(
    [1] => Array
        (
            [invoice_enname] => in1
            [invoice_cnname] => in1
            [hs_code] => 12321
            [invoice_quantity] => 13
            [invoice_weight] => 11
            [invoice_unitcharge] => 0
            [invoice_totalcharge] => 0
            [invoice_totalWeight] => 143
            [invoice_currencycode] => USD
        )

    [2] => Array
        (
            [invoice_enname] => in2
            [invoice_unitcharge] => 0
            [invoice_totalcharge] => 0
            [invoice_totalWeight] => 0
            [invoice_currencycode] => USD
        )

)
2016-05-12T14:47:03+08:00 INFO (6): 
2016-05-12 14:47:03:
result:Array
(
    [1] => Array
        (
            [invoice_enname] => in1
            [invoice_cnname] => in1
            [hs_code] => 12321
            [invoice_quantity] => 13
            [invoice_weight] => 11
            [invoice_unitcharge] => 0
            [invoice_totalcharge] => 0
            [invoice_totalWeight] => 143
            [invoice_currencycode] => USD
        )

    [2] => Array
        (
            [invoice_enname] => in2
            [invoice_unitcharge] => 0
            [invoice_totalcharge] => 0
            [invoice_totalWeight] => 0
            [invoice_currencycode] => USD
        )

)
2016-05-12T14:48:09+08:00 INFO (6): 
2016-05-12 14:48:09:
result:Array
(
    [1] => Array
        (
            [invoice_enname] => in1
            [invoice_cnname] => in1
            [hs_code] => 12321
            [invoice_quantity] => 13
            [invoice_weight] => 11
            [invoice_unitcharge] => 0
            [invoice_totalcharge] => 0
            [invoice_totalWeight] => 143
            [invoice_currencycode] => USD
        )

    [2] => Array
        (
            [invoice_enname] => in2
            [invoice_unitcharge] => 0
            [invoice_totalcharge] => 0
            [invoice_totalWeight] => 0
            [invoice_currencycode] => USD
        )

)
2016-05-12T14:48:09+08:00 INFO (6): 
2016-05-12 14:48:09:
result:Array
(
    [1] => Array
        (
            [invoice_enname] => in1
            [invoice_cnname] => in1
            [hs_code] => 12321
            [invoice_quantity] => 13
            [invoice_weight] => 11
            [invoice_unitcharge] => 0
            [invoice_totalcharge] => 0
            [invoice_totalWeight] => 143
            [invoice_currencycode] => USD
        )

    [2] => Array
        (
            [invoice_enname] => in2
            [invoice_unitcharge] => 0
            [invoice_totalcharge] => 0
            [invoice_totalWeight] => 0
            [invoice_currencycode] => USD
        )

)
2016-05-12T14:48:54+08:00 INFO (6): 
2016-05-12 14:48:54:
result:Array
(
    [1] => Array
        (
            [invoice_enname] => in1
            [invoice_cnname] => in1
            [hs_code] => 12321
            [invoice_quantity] => 13
            [invoice_weight] => 11
            [invoice_unitcharge] => 0
            [invoice_totalcharge] => 0
            [invoice_totalWeight] => 143
            [invoice_currencycode] => USD
        )

    [2] => Array
        (
            [invoice_enname] => in2
            [invoice_unitcharge] => 0
            [invoice_totalcharge] => 0
            [invoice_totalWeight] => 0
            [invoice_currencycode] => USD
        )

)
2016-05-12T14:48:54+08:00 INFO (6): 
2016-05-12 14:48:54:
result:Array
(
    [1] => Array
        (
            [invoice_enname] => in1
            [invoice_cnname] => in1
            [hs_code] => 12321
            [invoice_quantity] => 13
            [invoice_weight] => 11
            [invoice_unitcharge] => 0
            [invoice_totalcharge] => 0
            [invoice_totalWeight] => 143
            [invoice_currencycode] => USD
        )

    [2] => Array
        (
            [invoice_enname] => in2
            [invoice_unitcharge] => 0
            [invoice_totalcharge] => 0
            [invoice_totalWeight] => 0
            [invoice_currencycode] => USD
        )

)
2016-05-12T15:00:44+08:00 INFO (6): 
2016-05-12 15:00:44:
result:Array
(
    [1] => Array
        (
            [invoice_enname] => in1
            [invoice_cnname] => in1
            [hs_code] => 12321
            [invoice_quantity] => 13
            [invoice_unitcharge] => 123
            [invoice_weight] => 11
            [invoice_totalcharge] => 1599
            [invoice_totalWeight] => 143
            [invoice_currencycode] => USD
        )

    [2] => Array
        (
            [invoice_enname] => in2
            [invoice_unitcharge] => 0
            [invoice_totalcharge] => 0
            [invoice_totalWeight] => 0
            [invoice_currencycode] => USD
        )

)
2016-05-12T15:00:44+08:00 INFO (6): 
2016-05-12 15:00:44:
result:Array
(
    [1] => Array
        (
            [invoice_enname] => in1
            [invoice_cnname] => in1
            [hs_code] => 12321
            [invoice_quantity] => 13
            [invoice_unitcharge] => 123
            [invoice_weight] => 11
            [invoice_totalcharge] => 1599
            [invoice_totalWeight] => 143
            [invoice_currencycode] => USD
        )

    [2] => Array
        (
            [invoice_enname] => in2
            [invoice_unitcharge] => 0
            [invoice_totalcharge] => 0
            [invoice_totalWeight] => 0
            [invoice_currencycode] => USD
        )

)
2016-05-12T15:05:22+08:00 INFO (6): 
2016-05-12 15:05:22:
result:Array
(
    [1] => Array
        (
            [invoice_enname] => in1
            [invoice_cnname] => in1
            [hs_code] => 12321
            [invoice_quantity] => 13
            [invoice_unitcharge] => 123
            [invoice_weight] => 11
            [invoice_totalcharge] => 1599
            [invoice_totalWeight] => 143
            [invoice_currencycode] => USD
        )

    [2] => Array
        (
            [invoice_enname] => ln2
            [invoice_cnname] => ln2
            [hs_code] => fdsaf
            [invoice_quantity] => 2
            [invoice_unitcharge] => 2
            [invoice_weight] => 2
            [invoice_totalcharge] => 4
            [invoice_totalWeight] => 4
            [invoice_currencycode] => USD
        )

)
2016-05-12T15:05:22+08:00 INFO (6): 
2016-05-12 15:05:22:
result:Array
(
    [1] => Array
        (
            [invoice_enname] => in1
            [invoice_cnname] => in1
            [hs_code] => 12321
            [invoice_quantity] => 13
            [invoice_unitcharge] => 123
            [invoice_weight] => 11
            [invoice_totalcharge] => 1599
            [invoice_totalWeight] => 143
            [invoice_currencycode] => USD
        )

    [2] => Array
        (
            [invoice_enname] => ln2
            [invoice_cnname] => ln2
            [hs_code] => fdsaf
            [invoice_quantity] => 2
            [invoice_unitcharge] => 2
            [invoice_weight] => 2
            [invoice_totalcharge] => 4
            [invoice_totalWeight] => 4
            [invoice_currencycode] => USD
        )

)
2016-05-12T15:07:45+08:00 INFO (6): 
2016-05-12 15:07:45:
result:Array
(
    [1] => Array
        (
            [invoice_enname] => in1
            [invoice_cnname] => in1
            [hs_code] => 12321
            [invoice_quantity] => 13
            [invoice_unitcharge] => 123
            [invoice_weight] => 11
            [invoice_totalcharge] => 1599
            [invoice_totalWeight] => 143
            [invoice_currencycode] => USD
        )

    [2] => Array
        (
            [invoice_enname] => ln2
            [invoice_cnname] => ln2
            [hs_code] => fdsaf
            [invoice_quantity] => 2
            [invoice_unitcharge] => 2
            [invoice_weight] => 2
            [invoice_totalcharge] => 4
            [invoice_totalWeight] => 4
            [invoice_currencycode] => USD
        )

)
2016-05-12T15:07:45+08:00 INFO (6): 
2016-05-12 15:07:45:
result:Array
(
    [1] => Array
        (
            [invoice_enname] => in1
            [invoice_cnname] => in1
            [hs_code] => 12321
            [invoice_quantity] => 13
            [invoice_unitcharge] => 123
            [invoice_weight] => 11
            [invoice_totalcharge] => 1599
            [invoice_totalWeight] => 143
            [invoice_currencycode] => USD
        )

    [2] => Array
        (
            [invoice_enname] => ln2
            [invoice_cnname] => ln2
            [hs_code] => fdsaf
            [invoice_quantity] => 2
            [invoice_unitcharge] => 2
            [invoice_weight] => 2
            [invoice_totalcharge] => 4
            [invoice_totalWeight] => 4
            [invoice_currencycode] => USD
        )

)
2016-05-12T15:10:03+08:00 INFO (6): 
2016-05-12 15:10:03:
result:Array
(
    [1] => Array
        (
            [invoice_enname] => in1
            [invoice_cnname] => in1
            [hs_code] => 12321
            [invoice_quantity] => 13
            [invoice_unitcharge] => 123
            [invoice_weight] => 11
            [invoice_totalcharge] => 1599
            [invoice_totalWeight] => 143
            [invoice_currencycode] => USD
        )

    [2] => Array
        (
            [invoice_enname] => ln2
            [invoice_cnname] => ln2
            [hs_code] => fdsaf
            [invoice_quantity] => 2
            [invoice_unitcharge] => 2
            [invoice_weight] => 2
            [invoice_totalcharge] => 4
            [invoice_totalWeight] => 4
            [invoice_currencycode] => USD
        )

)
2016-05-12T15:10:03+08:00 INFO (6): 
2016-05-12 15:10:03:
result:Array
(
    [1] => Array
        (
            [invoice_enname] => in1
            [invoice_cnname] => in1
            [hs_code] => 12321
            [invoice_quantity] => 13
            [invoice_unitcharge] => 123
            [invoice_weight] => 11
            [invoice_totalcharge] => 1599
            [invoice_totalWeight] => 143
            [invoice_currencycode] => USD
        )

    [2] => Array
        (
            [invoice_enname] => ln2
            [invoice_cnname] => ln2
            [hs_code] => fdsaf
            [invoice_quantity] => 2
            [invoice_unitcharge] => 2
            [invoice_weight] => 2
            [invoice_totalcharge] => 4
            [invoice_totalWeight] => 4
            [invoice_currencycode] => USD
        )

)
2016-05-12T15:23:01+08:00 INFO (6): 
2016-05-12 15:23:01:
result:Array
(
    [1] => Array
        (
            [invoice_enname] => in1
            [invoice_cnname] => in1
            [hs_code] => 12321
            [invoice_quantity] => 1
            [invoice_unitcharge] => 13
            [invoice_weight] => 123
            [invoice_totalcharge] => 13
            [invoice_totalWeight] => 123
            [invoice_currencycode] => USD
        )

    [2] => Array
        (
            [invoice_enname] => fdsa
            [invoice_cnname] => ln2
            [hs_code] => ln2
            [invoice_quantity] => 1
            [invoice_unitcharge] => 2
            [invoice_weight] => 2
            [invoice_totalcharge] => 2
            [invoice_totalWeight] => 2
            [invoice_currencycode] => USD
        )

)
2016-05-12T15:23:01+08:00 INFO (6): 
2016-05-12 15:23:01:
result:Array
(
    [1] => Array
        (
            [invoice_enname] => in1
            [invoice_cnname] => in1
            [hs_code] => 12321
            [invoice_quantity] => 1
            [invoice_unitcharge] => 13
            [invoice_weight] => 123
            [invoice_totalcharge] => 13
            [invoice_totalWeight] => 123
            [invoice_currencycode] => USD
        )

    [2] => Array
        (
            [invoice_enname] => fdsa
            [invoice_cnname] => ln2
            [hs_code] => ln2
            [invoice_quantity] => 1
            [invoice_unitcharge] => 2
            [invoice_weight] => 2
            [invoice_totalcharge] => 2
            [invoice_totalWeight] => 2
            [invoice_currencycode] => USD
        )

)
2016-05-12T15:24:22+08:00 INFO (6): 
2016-05-12 15:24:22:
result:Array
(
    [1] => Array
        (
            [invoice_enname] => in1
            [invoice_cnname] => in1
            [hs_code] => 12321
            [invoice_quantity] => 1
            [invoice_unitcharge] => 13
            [invoice_weight] => 123
            [invoice_totalcharge] => 13
            [invoice_totalWeight] => 123
            [invoice_currencycode] => USD
        )

    [2] => Array
        (
            [invoice_enname] => fdsa
            [invoice_cnname] => ln2
            [hs_code] => ln2
            [invoice_quantity] => 1
            [invoice_unitcharge] => 2
            [invoice_weight] => 2
            [invoice_totalcharge] => 2
            [invoice_totalWeight] => 2
            [invoice_currencycode] => USD
        )

)
2016-05-12T15:24:22+08:00 INFO (6): 
2016-05-12 15:24:22:
result:Array
(
    [1] => Array
        (
            [invoice_enname] => in1
            [invoice_cnname] => in1
            [hs_code] => 12321
            [invoice_quantity] => 1
            [invoice_unitcharge] => 13
            [invoice_weight] => 123
            [invoice_totalcharge] => 13
            [invoice_totalWeight] => 123
            [invoice_currencycode] => USD
        )

    [2] => Array
        (
            [invoice_enname] => fdsa
            [invoice_cnname] => ln2
            [hs_code] => ln2
            [invoice_quantity] => 1
            [invoice_unitcharge] => 2
            [invoice_weight] => 2
            [invoice_totalcharge] => 2
            [invoice_totalWeight] => 2
            [invoice_currencycode] => USD
        )

)
2016-05-12T15:27:05+08:00 INFO (6): 
2016-05-12 15:27:05:
result:Array
(
    [1] => Array
        (
            [invoice_enname] => in1
            [invoice_cnname] => in1
            [hs_code] => 12321
            [invoice_quantity] => 1
            [invoice_unitcharge] => 13
            [invoice_weight] => 123
            [invoice_totalcharge] => 13
            [invoice_totalWeight] => 123
            [invoice_currencycode] => USD
        )

    [2] => Array
        (
            [invoice_enname] => fdsa
            [invoice_cnname] => ln2
            [hs_code] => ln2
            [invoice_quantity] => 1
            [invoice_unitcharge] => 2
            [invoice_weight] => 2
            [invoice_totalcharge] => 2
            [invoice_totalWeight] => 2
            [invoice_currencycode] => USD
        )

)
2016-05-12T15:27:05+08:00 INFO (6): 
2016-05-12 15:27:05:
result:Array
(
    [1] => Array
        (
            [invoice_enname] => in1
            [invoice_cnname] => in1
            [hs_code] => 12321
            [invoice_quantity] => 1
            [invoice_unitcharge] => 13
            [invoice_weight] => 123
            [invoice_totalcharge] => 13
            [invoice_totalWeight] => 123
            [invoice_currencycode] => USD
        )

    [2] => Array
        (
            [invoice_enname] => fdsa
            [invoice_cnname] => ln2
            [hs_code] => ln2
            [invoice_quantity] => 1
            [invoice_unitcharge] => 2
            [invoice_weight] => 2
            [invoice_totalcharge] => 2
            [invoice_totalWeight] => 2
            [invoice_currencycode] => USD
        )

)
2016-05-12T15:58:30+08:00 INFO (6): 
2016-05-12 15:58:30:
result:Array
(
    [1] => Array
        (
            [invoice_enname] => in1
            [invoice_cnname] => in1
            [hs_code] => 12321
            [invoice_quantity] => 1
            [invoice_unitcharge] => 13
            [invoice_weight] => 123
            [invoice_totalcharge] => 13
            [invoice_totalWeight] => 123
            [invoice_currencycode] => USD
        )

    [2] => Array
        (
            [invoice_enname] => fdsa
            [invoice_cnname] => ln2
            [hs_code] => ln2
            [invoice_quantity] => 1
            [invoice_unitcharge] => 2
            [invoice_weight] => 2
            [invoice_totalcharge] => 2
            [invoice_totalWeight] => 2
            [invoice_currencycode] => USD
        )

)
2016-05-12T15:58:30+08:00 INFO (6): 
2016-05-12 15:58:30:
result:Array
(
    [1] => Array
        (
            [invoice_enname] => in1
            [invoice_cnname] => in1
            [hs_code] => 12321
            [invoice_quantity] => 1
            [invoice_unitcharge] => 13
            [invoice_weight] => 123
            [invoice_totalcharge] => 13
            [invoice_totalWeight] => 123
            [invoice_currencycode] => USD
        )

    [2] => Array
        (
            [invoice_enname] => fdsa
            [invoice_cnname] => ln2
            [hs_code] => ln2
            [invoice_quantity] => 1
            [invoice_unitcharge] => 2
            [invoice_weight] => 2
            [invoice_totalcharge] => 2
            [invoice_totalWeight] => 2
            [invoice_currencycode] => USD
        )

)
2016-05-12T15:58:58+08:00 INFO (6): 
2016-05-12 15:58:58:
result:Array
(
    [1] => Array
        (
            [invoice_enname] => in1
            [invoice_cnname] => in1
            [hs_code] => 12321
            [invoice_quantity] => 1
            [invoice_unitcharge] => 13
            [invoice_weight] => 123
            [invoice_totalcharge] => 13
            [invoice_totalWeight] => 123
            [invoice_currencycode] => USD
        )

    [2] => Array
        (
            [invoice_enname] => fdsa
            [invoice_cnname] => ln2
            [hs_code] => ln2
            [invoice_quantity] => 1
            [invoice_unitcharge] => 2
            [invoice_weight] => 2
            [invoice_totalcharge] => 2
            [invoice_totalWeight] => 2
            [invoice_currencycode] => USD
        )

)
2016-05-12T15:58:58+08:00 INFO (6): 
2016-05-12 15:58:58:
result:Array
(
    [1] => Array
        (
            [invoice_enname] => in1
            [invoice_cnname] => in1
            [hs_code] => 12321
            [invoice_quantity] => 1
            [invoice_unitcharge] => 13
            [invoice_weight] => 123
            [invoice_totalcharge] => 13
            [invoice_totalWeight] => 123
            [invoice_currencycode] => USD
        )

    [2] => Array
        (
            [invoice_enname] => fdsa
            [invoice_cnname] => ln2
            [hs_code] => ln2
            [invoice_quantity] => 1
            [invoice_unitcharge] => 2
            [invoice_weight] => 2
            [invoice_totalcharge] => 2
            [invoice_totalWeight] => 2
            [invoice_currencycode] => USD
        )

)
2016-05-12T18:09:34+08:00 INFO (6): 
2016-05-12 18:09:34:
result:Array
(
    [1] => Array
        (
            [invoice_enname] => in1
            [invoice_cnname] => in1
            [hs_code] => 12321
            [invoice_quantity] => 1
            [invoice_unitcharge] => 13
            [invoice_weight] => 123
            [invoice_totalcharge] => 13
            [invoice_totalWeight] => 123
            [invoice_currencycode] => USD
        )

    [2] => Array
        (
            [invoice_enname] => fdsa
            [invoice_cnname] => ln2
            [hs_code] => ln2
            [invoice_quantity] => 1
            [invoice_unitcharge] => 2
            [invoice_weight] => 2
            [invoice_totalcharge] => 2
            [invoice_totalWeight] => 2
            [invoice_currencycode] => USD
        )

)
2016-05-12T18:09:34+08:00 INFO (6): 
2016-05-12 18:09:34:
result:Array
(
    [1] => Array
        (
            [invoice_enname] => in1
            [invoice_cnname] => in1
            [hs_code] => 12321
            [invoice_quantity] => 1
            [invoice_unitcharge] => 13
            [invoice_weight] => 123
            [invoice_totalcharge] => 13
            [invoice_totalWeight] => 123
            [invoice_currencycode] => USD
        )

    [2] => Array
        (
            [invoice_enname] => fdsa
            [invoice_cnname] => ln2
            [hs_code] => ln2
            [invoice_quantity] => 1
            [invoice_unitcharge] => 2
            [invoice_weight] => 2
            [invoice_totalcharge] => 2
            [invoice_totalWeight] => 2
            [invoice_currencycode] => USD
        )

)
2016-05-12T18:10:16+08:00 INFO (6): 
2016-05-12 18:10:16:
result:Array
(
    [1] => Array
        (
            [invoice_enname] => in1
            [invoice_cnname] => in1
            [hs_code] => 12321
            [invoice_quantity] => 1
            [invoice_unitcharge] => 13
            [invoice_weight] => 123
            [invoice_totalcharge] => 13
            [invoice_totalWeight] => 123
            [invoice_currencycode] => USD
        )

    [2] => Array
        (
            [invoice_enname] => fdsa
            [invoice_cnname] => ln2
            [hs_code] => ln2
            [invoice_quantity] => 1
            [invoice_unitcharge] => 2
            [invoice_weight] => 2
            [invoice_totalcharge] => 2
            [invoice_totalWeight] => 2
            [invoice_currencycode] => USD
        )

)
2016-05-12T18:10:16+08:00 INFO (6): 
2016-05-12 18:10:16:
result:Array
(
    [1] => Array
        (
            [invoice_enname] => in1
            [invoice_cnname] => in1
            [hs_code] => 12321
            [invoice_quantity] => 1
            [invoice_unitcharge] => 13
            [invoice_weight] => 123
            [invoice_totalcharge] => 13
            [invoice_totalWeight] => 123
            [invoice_currencycode] => USD
        )

    [2] => Array
        (
            [invoice_enname] => fdsa
            [invoice_cnname] => ln2
            [hs_code] => ln2
            [invoice_quantity] => 1
            [invoice_unitcharge] => 2
            [invoice_weight] => 2
            [invoice_totalcharge] => 2
            [invoice_totalWeight] => 2
            [invoice_currencycode] => USD
        )

)
