2016-05-14T09:19:13+08:00 INFO (6): 
2016-05-14 09:19:13:
result:Array
(
    [1] => Array
        (
            [invoice_quantity] => 1
            [invoice_weight] => 1
            [invoice_length] => 
            [invoice_width] => 
            [invoice_height] => 
            [invoice_enname] => com
            [invoice_cnname] => com
            [invoice_shippertax] => fdas
            [invoice_consigneetax] => fdas1
            [invoice_totalcharge_all] => 200
            [hs_code] => fdsafdsa2
            [invoice_unitcharge] => 0
            [invoice_totalcharge] => 0
            [invoice_totalWeight] => 1
            [invoice_currencycode] => USD
        )

)
2016-05-14T10:20:22+08:00 INFO (6): 
2016-05-14 10:20:22:
result:Array
(
    [1] => Array
        (
            [invoice_quantity] => 1
            [invoice_weight] => 1
            [invoice_length] => 
            [invoice_width] => 
            [invoice_height] => 
            [invoice_enname] => 签字
            [invoice_cnname] => qz
            [invoice_unitcharge] => 0
            [invoice_totalcharge] => 0
            [invoice_totalWeight] => 1
            [invoice_currencycode] => USD
        )

)
2016-05-14T10:21:38+08:00 INFO (6): 
2016-05-14 10:21:38:
result:Array
(
    [1] => Array
        (
            [invoice_quantity] => 1
            [invoice_weight] => 1
            [invoice_length] => 
            [invoice_width] => 
            [invoice_height] => 
            [invoice_enname] => ffda
            [invoice_cnname] => fdsa
            [invoice_unitcharge] => 0
            [invoice_totalcharge] => 0
            [invoice_totalWeight] => 1
            [invoice_currencycode] => USD
        )

)
2016-05-14T13:08:34+08:00 INFO (6): 
2016-05-14 13:08:34:
result:Array
(
    [1] => Array
        (
            [invoice_cnname] => comp1
            [invoice_enname] => comp1
            [invoice_totalcharge_all] => 1000
            [invoice_quantity] => 1
            [invoice_weight] => 1
            [invoice_unitcharge] => 0
            [invoice_totalcharge] => 0
            [invoice_totalWeight] => 1
            [invoice_currencycode] => USD
        )

    [2] => Array
        (
            [invoice_quantity] => 2
            [invoice_weight] => 2
            [invoice_enname] => comp1
            [invoice_cnname] => comp1
            [invoice_shippertax] => 
            [invoice_consigneetax] => 
            [invoice_totalcharge_all] => 1000
            [hs_code] => 
            [invoice_unitcharge] => 0
            [invoice_totalcharge] => 0
            [invoice_totalWeight] => 4
            [invoice_currencycode] => USD
        )

)
2016-05-14T13:08:34+08:00 INFO (6): 
2016-05-14 13:08:34:
result:Array
(
    [1] => Array
        (
            [invoice_cnname] => comp1
            [invoice_enname] => comp1
            [invoice_totalcharge_all] => 1000
            [invoice_quantity] => 1
            [invoice_weight] => 1
            [invoice_unitcharge] => 0
            [invoice_totalcharge] => 0
            [invoice_totalWeight] => 1
            [invoice_currencycode] => USD
        )

    [2] => Array
        (
            [invoice_quantity] => 2
            [invoice_weight] => 2
            [invoice_enname] => comp1
            [invoice_cnname] => comp1
            [invoice_shippertax] => 
            [invoice_consigneetax] => 
            [invoice_totalcharge_all] => 1000
            [hs_code] => 
            [invoice_unitcharge] => 0
            [invoice_totalcharge] => 0
            [invoice_totalWeight] => 4
            [invoice_currencycode] => USD
        )

)
2016-05-14T13:08:37+08:00 INFO (6): 
2016-05-14 13:08:37:
result:Array
(
    [1] => Array
        (
            [invoice_cnname] => comp1
            [invoice_enname] => comp1
            [invoice_totalcharge_all] => 1000
            [invoice_quantity] => 1
            [invoice_weight] => 1
            [invoice_unitcharge] => 0
            [invoice_totalcharge] => 0
            [invoice_totalWeight] => 1
            [invoice_currencycode] => USD
        )

    [2] => Array
        (
            [invoice_quantity] => 2
            [invoice_weight] => 2
            [invoice_enname] => comp1
            [invoice_cnname] => comp1
            [invoice_shippertax] => 
            [invoice_consigneetax] => 
            [invoice_totalcharge_all] => 1000
            [hs_code] => 
            [invoice_unitcharge] => 0
            [invoice_totalcharge] => 0
            [invoice_totalWeight] => 4
            [invoice_currencycode] => USD
        )

    [3] => Array
        (
            [invoice_quantity] => 3
            [invoice_weight] => 3
            [invoice_enname] => comp1
            [invoice_cnname] => comp1
            [invoice_shippertax] => 
            [invoice_consigneetax] => 
            [invoice_totalcharge_all] => 1000
            [hs_code] => 
            [invoice_unitcharge] => 0
            [invoice_totalcharge] => 0
            [invoice_totalWeight] => 9
            [invoice_currencycode] => USD
        )

)
2016-05-14T13:08:37+08:00 INFO (6): 
2016-05-14 13:08:37:
result:Array
(
    [1] => Array
        (
            [invoice_cnname] => comp1
            [invoice_enname] => comp1
            [invoice_totalcharge_all] => 1000
            [invoice_quantity] => 1
            [invoice_weight] => 1
            [invoice_unitcharge] => 0
            [invoice_totalcharge] => 0
            [invoice_totalWeight] => 1
            [invoice_currencycode] => USD
        )

    [2] => Array
        (
            [invoice_quantity] => 2
            [invoice_weight] => 2
            [invoice_enname] => comp1
            [invoice_cnname] => comp1
            [invoice_shippertax] => 
            [invoice_consigneetax] => 
            [invoice_totalcharge_all] => 1000
            [hs_code] => 
            [invoice_unitcharge] => 0
            [invoice_totalcharge] => 0
            [invoice_totalWeight] => 4
            [invoice_currencycode] => USD
        )

    [3] => Array
        (
            [invoice_quantity] => 3
            [invoice_weight] => 3
            [invoice_enname] => comp1
            [invoice_cnname] => comp1
            [invoice_shippertax] => 
            [invoice_consigneetax] => 
            [invoice_totalcharge_all] => 1000
            [hs_code] => 
            [invoice_unitcharge] => 0
            [invoice_totalcharge] => 0
            [invoice_totalWeight] => 9
            [invoice_currencycode] => USD
        )

)
2016-05-14T13:08:37+08:00 INFO (6): 
2016-05-14 13:08:37:
result:Array
(
    [1] => Array
        (
            [invoice_cnname] => comp1
            [invoice_enname] => comp1
            [invoice_totalcharge_all] => 1000
            [invoice_quantity] => 1
            [invoice_weight] => 1
            [invoice_unitcharge] => 0
            [invoice_totalcharge] => 0
            [invoice_totalWeight] => 1
            [invoice_currencycode] => USD
        )

    [2] => Array
        (
            [invoice_quantity] => 2
            [invoice_weight] => 2
            [invoice_enname] => comp1
            [invoice_cnname] => comp1
            [invoice_shippertax] => 
            [invoice_consigneetax] => 
            [invoice_totalcharge_all] => 1000
            [hs_code] => 
            [invoice_unitcharge] => 0
            [invoice_totalcharge] => 0
            [invoice_totalWeight] => 4
            [invoice_currencycode] => USD
        )

    [3] => Array
        (
            [invoice_quantity] => 3
            [invoice_weight] => 3
            [invoice_enname] => comp1
            [invoice_cnname] => comp1
            [invoice_shippertax] => 
            [invoice_consigneetax] => 
            [invoice_totalcharge_all] => 1000
            [hs_code] => 
            [invoice_unitcharge] => 0
            [invoice_totalcharge] => 0
            [invoice_totalWeight] => 9
            [invoice_currencycode] => USD
        )

)
2016-05-14T14:03:34+08:00 INFO (6): 
2016-05-14 14:03:34:
result:Array
(
    [1] => Array
        (
            [invoice_enname] => cc
            [invoice_cnname] => cc
            [invoice_quantity] => 1
            [unit_code] => PCE
            [invoice_unitcharge] => 1
            [invoice_weight] => 1
            [sku] => 1
            [hs_code] => 
            [invoice_note] => 
            [invoice_url] => 
            [invoice_totalcharge] => 1
            [invoice_totalWeight] => 1
            [invoice_currencycode] => USD
        )

)
2016-05-14T14:04:28+08:00 INFO (6): 
2016-05-14 14:04:28:
result:Array
(
    [1] => Array
        (
            [invoice_quantity] => 1
            [invoice_weight] => 1
            [invoice_length] => 
            [invoice_width] => 
            [invoice_height] => 
            [invoice_enname] => fdas
            [invoice_cnname] => fdas
            [invoice_shippertax] => fdas
            [invoice_consigneetax] => fdas
            [invoice_totalcharge_all] => 23211
            [hs_code] => 
            [invoice_unitcharge] => 0
            [invoice_totalcharge] => 0
            [invoice_totalWeight] => 1
            [invoice_currencycode] => USD
        )

)
2016-05-14T14:05:19+08:00 INFO (6): 
2016-05-14 14:05:19:
result:Array
(
    [1] => Array
        (
            [invoice_cnname] => comp1
            [invoice_enname] => comp1
            [invoice_totalcharge_all] => 1000
            [invoice_quantity] => 1
            [invoice_weight] => 1
            [invoice_unitcharge] => 0
            [invoice_totalcharge] => 0
            [invoice_totalWeight] => 1
            [invoice_currencycode] => USD
        )

    [2] => Array
        (
            [invoice_quantity] => 2
            [invoice_weight] => 2
            [invoice_enname] => comp1
            [invoice_cnname] => comp1
            [invoice_shippertax] => 
            [invoice_consigneetax] => 
            [invoice_totalcharge_all] => 1000
            [hs_code] => 
            [invoice_unitcharge] => 0
            [invoice_totalcharge] => 0
            [invoice_totalWeight] => 4
            [invoice_currencycode] => USD
        )

)
2016-05-14T14:05:19+08:00 INFO (6): 
2016-05-14 14:05:19:
result:Array
(
    [1] => Array
        (
            [invoice_cnname] => comp1
            [invoice_enname] => comp1
            [invoice_totalcharge_all] => 1000
            [invoice_quantity] => 1
            [invoice_weight] => 1
            [invoice_unitcharge] => 0
            [invoice_totalcharge] => 0
            [invoice_totalWeight] => 1
            [invoice_currencycode] => USD
        )

    [2] => Array
        (
            [invoice_quantity] => 2
            [invoice_weight] => 2
            [invoice_enname] => comp1
            [invoice_cnname] => comp1
            [invoice_shippertax] => 
            [invoice_consigneetax] => 
            [invoice_totalcharge_all] => 1000
            [hs_code] => 
            [invoice_unitcharge] => 0
            [invoice_totalcharge] => 0
            [invoice_totalWeight] => 4
            [invoice_currencycode] => USD
        )

)
2016-05-14T14:05:19+08:00 INFO (6): 
2016-05-14 14:05:19:
result:Array
(
    [1] => Array
        (
            [invoice_cnname] => comp1
            [invoice_enname] => comp1
            [invoice_totalcharge_all] => 1000
            [invoice_quantity] => 1
            [invoice_weight] => 1
            [invoice_unitcharge] => 0
            [invoice_totalcharge] => 0
            [invoice_totalWeight] => 1
            [invoice_currencycode] => USD
        )

    [2] => Array
        (
            [invoice_quantity] => 2
            [invoice_weight] => 2
            [invoice_enname] => comp1
            [invoice_cnname] => comp1
            [invoice_shippertax] => 
            [invoice_consigneetax] => 
            [invoice_totalcharge_all] => 1000
            [hs_code] => 
            [invoice_unitcharge] => 0
            [invoice_totalcharge] => 0
            [invoice_totalWeight] => 4
            [invoice_currencycode] => USD
        )

    [3] => Array
        (
            [invoice_quantity] => 3
            [invoice_weight] => 3
            [invoice_enname] => comp1
            [invoice_cnname] => comp1
            [invoice_shippertax] => 
            [invoice_consigneetax] => 
            [invoice_totalcharge_all] => 1000
            [hs_code] => 
            [invoice_unitcharge] => 0
            [invoice_totalcharge] => 0
            [invoice_totalWeight] => 9
            [invoice_currencycode] => USD
        )

)
2016-05-14T14:05:19+08:00 INFO (6): 
2016-05-14 14:05:19:
result:Array
(
    [1] => Array
        (
            [invoice_cnname] => comp1
            [invoice_enname] => comp1
            [invoice_totalcharge_all] => 1000
            [invoice_quantity] => 1
            [invoice_weight] => 1
            [invoice_unitcharge] => 0
            [invoice_totalcharge] => 0
            [invoice_totalWeight] => 1
            [invoice_currencycode] => USD
        )

    [2] => Array
        (
            [invoice_quantity] => 2
            [invoice_weight] => 2
            [invoice_enname] => comp1
            [invoice_cnname] => comp1
            [invoice_shippertax] => 
            [invoice_consigneetax] => 
            [invoice_totalcharge_all] => 1000
            [hs_code] => 
            [invoice_unitcharge] => 0
            [invoice_totalcharge] => 0
            [invoice_totalWeight] => 4
            [invoice_currencycode] => USD
        )

    [3] => Array
        (
            [invoice_quantity] => 3
            [invoice_weight] => 3
            [invoice_enname] => comp1
            [invoice_cnname] => comp1
            [invoice_shippertax] => 
            [invoice_consigneetax] => 
            [invoice_totalcharge_all] => 1000
            [hs_code] => 
            [invoice_unitcharge] => 0
            [invoice_totalcharge] => 0
            [invoice_totalWeight] => 9
            [invoice_currencycode] => USD
        )

)
2016-05-14T14:05:19+08:00 INFO (6): 
2016-05-14 14:05:19:
result:Array
(
    [1] => Array
        (
            [invoice_cnname] => comp1
            [invoice_enname] => comp1
            [invoice_totalcharge_all] => 1000
            [invoice_quantity] => 1
            [invoice_weight] => 1
            [invoice_unitcharge] => 0
            [invoice_totalcharge] => 0
            [invoice_totalWeight] => 1
            [invoice_currencycode] => USD
        )

    [2] => Array
        (
            [invoice_quantity] => 2
            [invoice_weight] => 2
            [invoice_enname] => comp1
            [invoice_cnname] => comp1
            [invoice_shippertax] => 
            [invoice_consigneetax] => 
            [invoice_totalcharge_all] => 1000
            [hs_code] => 
            [invoice_unitcharge] => 0
            [invoice_totalcharge] => 0
            [invoice_totalWeight] => 4
            [invoice_currencycode] => USD
        )

    [3] => Array
        (
            [invoice_quantity] => 3
            [invoice_weight] => 3
            [invoice_enname] => comp1
            [invoice_cnname] => comp1
            [invoice_shippertax] => 
            [invoice_consigneetax] => 
            [invoice_totalcharge_all] => 1000
            [hs_code] => 
            [invoice_unitcharge] => 0
            [invoice_totalcharge] => 0
            [invoice_totalWeight] => 9
            [invoice_currencycode] => USD
        )

)
2016-05-14T14:05:47+08:00 INFO (6): 
2016-05-14 14:05:47:
result:Array
(
    [1] => Array
        (
            [invoice_enname] => fdsa
            [invoice_cnname] => fdas
            [hs_code] => fdsa
            [invoice_quantity] => 1
            [invoice_unitcharge] => 1
            [invoice_weight] => 1
            [invoice_totalcharge] => 1
            [invoice_totalWeight] => 1
            [invoice_currencycode] => USD
        )

)
2016-05-14T14:08:05+08:00 INFO (6): 
2016-05-14 14:08:05:
result:Array
(
    [1] => Array
        (
            [invoice_cnname] => comp1
            [invoice_enname] => comp1
            [invoice_totalcharge_all] => 1000
            [invoice_quantity] => 1
            [invoice_weight] => 1
            [invoice_unitcharge] => 0
            [invoice_totalcharge] => 0
            [invoice_totalWeight] => 1
            [invoice_currencycode] => USD
        )

    [2] => Array
        (
            [invoice_quantity] => 2
            [invoice_weight] => 2
            [invoice_enname] => comp1
            [invoice_cnname] => comp1
            [invoice_shippertax] => 
            [invoice_consigneetax] => 
            [invoice_totalcharge_all] => 1000
            [hs_code] => 
            [invoice_unitcharge] => 0
            [invoice_totalcharge] => 0
            [invoice_totalWeight] => 4
            [invoice_currencycode] => USD
        )

)
2016-05-14T14:08:05+08:00 INFO (6): 
2016-05-14 14:08:05:
result:Array
(
    [1] => Array
        (
            [invoice_cnname] => comp1
            [invoice_enname] => comp1
            [invoice_totalcharge_all] => 1000
            [invoice_quantity] => 1
            [invoice_weight] => 1
            [invoice_unitcharge] => 0
            [invoice_totalcharge] => 0
            [invoice_totalWeight] => 1
            [invoice_currencycode] => USD
        )

    [2] => Array
        (
            [invoice_quantity] => 2
            [invoice_weight] => 2
            [invoice_enname] => comp1
            [invoice_cnname] => comp1
            [invoice_shippertax] => 
            [invoice_consigneetax] => 
            [invoice_totalcharge_all] => 1000
            [hs_code] => 
            [invoice_unitcharge] => 0
            [invoice_totalcharge] => 0
            [invoice_totalWeight] => 4
            [invoice_currencycode] => USD
        )

)
2016-05-14T14:08:06+08:00 INFO (6): 
2016-05-14 14:08:06:
result:Array
(
    [1] => Array
        (
            [invoice_cnname] => comp1
            [invoice_enname] => comp1
            [invoice_totalcharge_all] => 1000
            [invoice_quantity] => 1
            [invoice_weight] => 1
            [invoice_unitcharge] => 0
            [invoice_totalcharge] => 0
            [invoice_totalWeight] => 1
            [invoice_currencycode] => USD
        )

    [2] => Array
        (
            [invoice_quantity] => 2
            [invoice_weight] => 2
            [invoice_enname] => comp1
            [invoice_cnname] => comp1
            [invoice_shippertax] => 
            [invoice_consigneetax] => 
            [invoice_totalcharge_all] => 1000
            [hs_code] => 
            [invoice_unitcharge] => 0
            [invoice_totalcharge] => 0
            [invoice_totalWeight] => 4
            [invoice_currencycode] => USD
        )

    [3] => Array
        (
            [invoice_quantity] => 3
            [invoice_weight] => 3
            [invoice_enname] => comp1
            [invoice_cnname] => comp1
            [invoice_shippertax] => 
            [invoice_consigneetax] => 
            [invoice_totalcharge_all] => 1000
            [hs_code] => 
            [invoice_unitcharge] => 0
            [invoice_totalcharge] => 0
            [invoice_totalWeight] => 9
            [invoice_currencycode] => USD
        )

)
2016-05-14T14:08:06+08:00 INFO (6): 
2016-05-14 14:08:06:
result:Array
(
    [1] => Array
        (
            [invoice_cnname] => comp1
            [invoice_enname] => comp1
            [invoice_totalcharge_all] => 1000
            [invoice_quantity] => 1
            [invoice_weight] => 1
            [invoice_unitcharge] => 0
            [invoice_totalcharge] => 0
            [invoice_totalWeight] => 1
            [invoice_currencycode] => USD
        )

    [2] => Array
        (
            [invoice_quantity] => 2
            [invoice_weight] => 2
            [invoice_enname] => comp1
            [invoice_cnname] => comp1
            [invoice_shippertax] => 
            [invoice_consigneetax] => 
            [invoice_totalcharge_all] => 1000
            [hs_code] => 
            [invoice_unitcharge] => 0
            [invoice_totalcharge] => 0
            [invoice_totalWeight] => 4
            [invoice_currencycode] => USD
        )

    [3] => Array
        (
            [invoice_quantity] => 3
            [invoice_weight] => 3
            [invoice_enname] => comp1
            [invoice_cnname] => comp1
            [invoice_shippertax] => 
            [invoice_consigneetax] => 
            [invoice_totalcharge_all] => 1000
            [hs_code] => 
            [invoice_unitcharge] => 0
            [invoice_totalcharge] => 0
            [invoice_totalWeight] => 9
            [invoice_currencycode] => USD
        )

)
2016-05-14T14:08:06+08:00 INFO (6): 
2016-05-14 14:08:06:
result:Array
(
    [1] => Array
        (
            [invoice_cnname] => comp1
            [invoice_enname] => comp1
            [invoice_totalcharge_all] => 1000
            [invoice_quantity] => 1
            [invoice_weight] => 1
            [invoice_unitcharge] => 0
            [invoice_totalcharge] => 0
            [invoice_totalWeight] => 1
            [invoice_currencycode] => USD
        )

    [2] => Array
        (
            [invoice_quantity] => 2
            [invoice_weight] => 2
            [invoice_enname] => comp1
            [invoice_cnname] => comp1
            [invoice_shippertax] => 
            [invoice_consigneetax] => 
            [invoice_totalcharge_all] => 1000
            [hs_code] => 
            [invoice_unitcharge] => 0
            [invoice_totalcharge] => 0
            [invoice_totalWeight] => 4
            [invoice_currencycode] => USD
        )

    [3] => Array
        (
            [invoice_quantity] => 3
            [invoice_weight] => 3
            [invoice_enname] => comp1
            [invoice_cnname] => comp1
            [invoice_shippertax] => 
            [invoice_consigneetax] => 
            [invoice_totalcharge_all] => 1000
            [hs_code] => 
            [invoice_unitcharge] => 0
            [invoice_totalcharge] => 0
            [invoice_totalWeight] => 9
            [invoice_currencycode] => USD
        )

)
