2016-05-06T15:06:03+08:00 INFO (6): 
2016-05-06 15:06:03:
result:Array
(
    [1] => Array
        (
            [invoice_enname] => 
            [invoice_cnname] => 
            [invoice_quantity] => 
            [unit_code] => PCE
            [invoice_unitcharge] => 
            [invoice_weight] => 
            [sku] => 
            [hs_code] => 
            [invoice_note] => 
            [invoice_url] => 
            [invoice_totalcharge] => 0
            [invoice_totalWeight] => 0
            [invoice_currencycode] => USD
        )

    [2] => Array
        (
            [invoice_enname] => computer
            [invoice_cnname] => 笔记本
            [invoice_quantity] => 10
            [unit_code] => PCE
            [invoice_unitcharge] => 2000
            [invoice_weight] => 10
            [sku] => 100
            [hs_code] => 
            [invoice_note] => 
            [invoice_url] => 
            [invoice_totalcharge] => 20000
            [invoice_totalWeight] => 100
            [invoice_currencycode] => USD
        )

)
2016-05-06T15:06:03+08:00 INFO (6): 
2016-05-06 15:06:03:
result:Array
(
    [1] => Array
        (
            [invoice_enname] => 
            [invoice_cnname] => 
            [invoice_quantity] => 
            [unit_code] => PCE
            [invoice_unitcharge] => 
            [invoice_weight] => 
            [sku] => 
            [hs_code] => 
            [invoice_note] => 
            [invoice_url] => 
            [invoice_totalcharge] => 0
            [invoice_totalWeight] => 0
            [invoice_currencycode] => USD
        )

    [2] => Array
        (
            [invoice_enname] => computer
            [invoice_cnname] => 笔记本
            [invoice_quantity] => 10
            [unit_code] => PCE
            [invoice_unitcharge] => 2000
            [invoice_weight] => 10
            [sku] => 100
            [hs_code] => 
            [invoice_note] => 
            [invoice_url] => 
            [invoice_totalcharge] => 20000
            [invoice_totalWeight] => 100
            [invoice_currencycode] => USD
        )

)
2016-05-06T15:26:08+08:00 INFO (6): 
2016-05-06 15:26:08:
result:Array
(
    [1] => Array
        (
            [invoice_enname] => computer
            [invoice_cnname] => 笔记本
            [invoice_quantity] => 10
            [unit_code] => PCE
            [invoice_unitcharge] => 2000
            [invoice_weight] => 10
            [sku] => 100
            [hs_code] => 
            [invoice_note] => 
            [invoice_url] => 
            [invoice_totalcharge] => 20000
            [invoice_totalWeight] => 100
            [invoice_currencycode] => USD
        )

)
2016-05-06T15:35:03+08:00 INFO (6): 
2016-05-06 15:35:03:
result:Array
(
    [1] => Array
        (
            [invoice_enname] => computer
            [invoice_cnname] => 笔记本
            [invoice_quantity] => 10
            [unit_code] => PCE
            [invoice_unitcharge] => 2000
            [invoice_weight] => 
            [sku] => 100
            [hs_code] => 
            [invoice_note] => 
            [invoice_url] => 
            [invoice_totalcharge] => 20000
            [invoice_totalWeight] => 0
            [invoice_currencycode] => USD
        )

)
2016-05-06T15:44:58+08:00 INFO (6): 
2016-05-06 15:44:58:
result:Array
(
    [1] => Array
        (
            [invoice_enname] => computer
            [invoice_cnname] => 笔记本
            [invoice_quantity] => 10
            [unit_code] => PCE
            [invoice_unitcharge] => 2000
            [invoice_weight] => 
            [sku] => 100
            [hs_code] => 
            [invoice_note] => 
            [invoice_url] => 
            [invoice_totalcharge] => 20000
            [invoice_totalWeight] => 0
            [invoice_currencycode] => USD
        )

)
2016-05-06T16:16:19+08:00 INFO (6): 
2016-05-06 16:16:19:
result:Array
(
    [1] => Array
        (
            [invoice_enname] => 
            [invoice_cnname] => 
            [invoice_quantity] => 
            [unit_code] => PCE
            [invoice_unitcharge] => 
            [invoice_weight] => 
            [sku] => 
            [hs_code] => 
            [invoice_note] => 
            [invoice_url] => 
            [invoice_totalcharge] => 0
            [invoice_totalWeight] => 0
            [invoice_currencycode] => USD
        )

)
2016-05-06T16:17:47+08:00 INFO (6): 
2016-05-06 16:17:47:
result:Array
(
    [1] => Array
        (
            [invoice_enname] => 
            [invoice_cnname] => 
            [invoice_quantity] => 
            [unit_code] => PCE
            [invoice_unitcharge] => 
            [invoice_weight] => 
            [sku] => 
            [hs_code] => 
            [invoice_note] => 
            [invoice_url] => 
            [invoice_totalcharge] => 0
            [invoice_totalWeight] => 0
            [invoice_currencycode] => USD
        )

)
2016-05-06T16:17:57+08:00 INFO (6): 
2016-05-06 16:17:57:
result:Array
(
    [1] => Array
        (
            [invoice_enname] => 
            [invoice_cnname] => 
            [invoice_quantity] => 
            [unit_code] => PCE
            [invoice_unitcharge] => 
            [invoice_weight] => 
            [sku] => 
            [hs_code] => 
            [invoice_note] => 
            [invoice_url] => 
            [invoice_totalcharge] => 0
            [invoice_totalWeight] => 0
            [invoice_currencycode] => USD
        )

)
2016-05-06T17:07:41+08:00 INFO (6): 
2016-05-06 17:07:41:
result:Array
(
    [1] => Array
        (
            [invoice_enname] => 
            [invoice_cnname] => 
            [invoice_quantity] => 
            [unit_code] => PCE
            [invoice_unitcharge] => 
            [invoice_weight] => 
            [sku] => 
            [hs_code] => 
            [invoice_note] => 
            [invoice_url] => 
            [invoice_totalcharge] => 0
            [invoice_totalWeight] => 0
            [invoice_currencycode] => USD
        )

)
