2016-04-28T13:42:23+08:00 INFO (6): 
2016-04-28 13:42:23:
result:Array
(
    [1] => Array
        (
            [invoice_enname] => FDDFFGFGG
            [invoice_cnname] => 手机壳
            [invoice_quantity] => 1
            [unit_code] => PCE
            [invoice_unitcharge] => 12
            [invoice_weight] => 1
            [sku] => hyhyhy01234564564
            [hs_code] => 2332132132
            [invoice_note] => 
            [invoice_url] => 
            [invoice_totalcharge] => 12
            [invoice_totalWeight] => 1
            [invoice_currencycode] => USD
        )

)
2016-04-28T13:46:31+08:00 INFO (6): 
2016-04-28 13:46:31:
result:Array
(
    [1] => Array
        (
            [invoice_enname] => FDDFFGFGG
            [invoice_cnname] => 手机壳
            [invoice_quantity] => 1
            [unit_code] => PCE
            [invoice_unitcharge] => 12
            [invoice_weight] => 1
            [sku] => hyhyhy01234564564
            [hs_code] => 2332132132
            [invoice_note] => 
            [invoice_url] => 
            [invoice_totalcharge] => 12
            [invoice_totalWeight] => 1
            [invoice_currencycode] => USD
        )

)
2016-04-28T14:00:43+08:00 INFO (6): 
2016-04-28 14:00:43:
result:Array
(
    [1] => Array
        (
            [invoice_enname] => FDDFFGFGG
            [invoice_cnname] => 手机壳
            [invoice_quantity] => 1
            [unit_code] => PCE
            [invoice_unitcharge] => 12
            [invoice_weight] => 1
            [sku] => hyhyhy01234564564
            [hs_code] => 2332132132
            [invoice_note] => 
            [invoice_url] => 
            [invoice_totalcharge] => 12
            [invoice_totalWeight] => 1
            [invoice_currencycode] => USD
        )

)
2016-04-28T14:08:25+08:00 INFO (6): 
2016-04-28 14:08:25:
result:Array
(
    [1] => Array
        (
            [invoice_enname] => FDDFFGFGG
            [invoice_cnname] => 手机壳
            [invoice_quantity] => 1
            [unit_code] => PCE
            [invoice_unitcharge] => 12
            [invoice_weight] => 1
            [sku] => hyhyhy01234564564gdfg
            [hs_code] => 2332132132
            [invoice_note] => 
            [invoice_url] => 
            [invoice_totalcharge] => 12
            [invoice_totalWeight] => 1
            [invoice_currencycode] => USD
        )

)
2016-04-28T14:24:40+08:00 INFO (6): 
2016-04-28 14:24:40:
result:Array
(
    [1] => Array
        (
            [invoice_enname] => FDDFFGFGG
            [invoice_cnname] => 手机壳
            [invoice_quantity] => 1
            [unit_code] => PCE
            [invoice_unitcharge] => 12
            [invoice_weight] => 1
            [sku] => hyhyhy0123dfdsf4564564gdfg
            [hs_code] => 2332132132
            [invoice_note] => 
            [invoice_url] => 
            [invoice_totalcharge] => 12
            [invoice_totalWeight] => 1
            [invoice_currencycode] => USD
        )

)
2016-04-28T14:26:10+08:00 INFO (6): 
2016-04-28 14:26:10:
result:Array
(
    [1] => Array
        (
            [invoice_enname] => FDDFFGFGG
            [invoice_cnname] => 手机壳
            [invoice_quantity] => 1
            [unit_code] => PCE
            [invoice_unitcharge] => 12
            [invoice_weight] => 1
            [sku] => hyhyhy0123dfdsf4564564gdfg
            [hs_code] => 2332132132
            [invoice_note] => 
            [invoice_url] => 
            [invoice_totalcharge] => 12
            [invoice_totalWeight] => 1
            [invoice_currencycode] => USD
        )

)
2016-04-28T14:39:20+08:00 INFO (6): 
2016-04-28 14:39:20:
result:Array
(
    [1] => Array
        (
            [invoice_enname] => FDDFFGFGG
            [invoice_cnname] => 手机壳
            [invoice_quantity] => 1
            [unit_code] => PCE
            [invoice_unitcharge] => 12
            [invoice_weight] => 1
            [sku] => hdfdsf4564564gdfg
            [hs_code] => 2332132132
            [invoice_note] => 
            [invoice_url] => 
            [invoice_totalcharge] => 12
            [invoice_totalWeight] => 1
            [invoice_currencycode] => USD
        )

)
2016-04-28T14:39:40+08:00 INFO (6): 
2016-04-28 14:39:40:
result:Array
(
    [1] => Array
        (
            [invoice_enname] => FDDFFGFGG
            [invoice_cnname] => 手机壳
            [invoice_quantity] => 1
            [unit_code] => PCE
            [invoice_unitcharge] => 12
            [invoice_weight] => 1
            [sku] => hdfdsf4564564gdfg
            [hs_code] => 2332132132
            [invoice_note] => 
            [invoice_url] => 
            [invoice_totalcharge] => 12
            [invoice_totalWeight] => 1
            [invoice_currencycode] => USD
        )

)
2016-04-28T14:41:35+08:00 INFO (6): 
2016-04-28 14:41:35:
result:Array
(
    [1] => Array
        (
            [invoice_enname] => FDDFFGFGG
            [invoice_cnname] => 手机壳
            [invoice_quantity] => 1
            [unit_code] => PCE
            [invoice_unitcharge] => 12
            [invoice_weight] => 1
            [sku] => hdfdsf4564564gdfg
            [hs_code] => 2332132132
            [invoice_note] => 
            [invoice_url] => 
            [invoice_totalcharge] => 12
            [invoice_totalWeight] => 1
            [invoice_currencycode] => USD
        )

)
2016-04-28T15:28:09+08:00 INFO (6): 
2016-04-28 15:28:09:
result:Array
(
    [1] => Array
        (
            [invoice_enname] => tt
            [invoice_cnname] => tt
            [invoice_quantity] => 2
            [unit_code] => PCE
            [invoice_unitcharge] => 10
            [invoice_weight] => 2
            [sku] => HUHUHUHU1120
            [hs_code] => 2
            [invoice_note] => 2
            [invoice_url] => fghgf
            [invoice_totalcharge] => 20
            [invoice_totalWeight] => 4
            [invoice_currencycode] => USD
        )

)
2016-04-28T20:56:06+08:00 INFO (6): 
2016-04-28 20:56:06:
result:Array
(
    [1] => Array
        (
            [invoice_enname] => iphone
            [invoice_cnname] => 苹果手机
            [invoice_quantity] => 1
            [unit_code] => PCE
            [invoice_unitcharge] => 999
            [invoice_weight] => 0.5
            [invoice_sku] => SKU00000001
            [hs_code] => 
            [invoice_note] => 
            [invoice_url] => 
            [invoice_totalcharge] => 999
            [invoice_totalWeight] => 0.5
            [invoice_currencycode] => USD
        )

)
2016-04-28T21:02:05+08:00 INFO (6): 
2016-04-28 21:02:05:
result:Array
(
    [1] => Array
        (
            [invoice_enname] => iphone
            [invoice_cnname] => 苹果手机
            [invoice_quantity] => 1
            [unit_code] => PCE
            [invoice_unitcharge] => 999
            [invoice_weight] => 0.5
            [invoice_sku] => SKU00000001
            [hs_code] => 
            [invoice_note] => 
            [invoice_url] => 
            [invoice_totalcharge] => 999
            [invoice_totalWeight] => 0.5
            [invoice_currencycode] => USD
        )

)
2016-04-28T21:10:41+08:00 INFO (6): 
2016-04-28 21:10:41:
result:Array
(
    [1] => Array
        (
            [invoice_enname] => iphone111
            [invoice_cnname] => 苹果手机111
            [invoice_quantity] => 1
            [unit_code] => PCE
            [invoice_unitcharge] => 999
            [invoice_weight] => 0.5
            [invoice_sku] => SKU00000002
            [hs_code] => 
            [invoice_note] => 
            [invoice_url] => 
            [invoice_totalcharge] => 999
            [invoice_totalWeight] => 0.5
            [invoice_currencycode] => USD
        )

)
2016-04-28T21:16:25+08:00 INFO (6): 
2016-04-28 21:16:25:
result:Array
(
    [1] => Array
        (
            [invoice_enname] => iphone222
            [invoice_cnname] => 苹果手机222
            [invoice_quantity] => 1
            [unit_code] => PCE
            [invoice_unitcharge] => 999
            [invoice_weight] => 0.5
            [invoice_sku] => SKU00000003
            [hs_code] => 
            [invoice_note] => 
            [invoice_url] => 
            [invoice_totalcharge] => 999
            [invoice_totalWeight] => 0.5
            [invoice_currencycode] => USD
        )

)
2016-04-28T21:18:09+08:00 INFO (6): 
2016-04-28 21:18:09:
result:Array
(
    [1] => Array
        (
            [invoice_enname] => iphone333
            [invoice_cnname] => 苹果手机333
            [invoice_quantity] => 1
            [unit_code] => PCE
            [invoice_unitcharge] => 999
            [invoice_weight] => 0.5
            [invoice_sku] => SKU00000004
            [hs_code] => 
            [invoice_note] => 
            [invoice_url] => 
            [invoice_totalcharge] => 999
            [invoice_totalWeight] => 0.5
            [invoice_currencycode] => USD
        )

)
2016-04-28T21:23:03+08:00 INFO (6): 
2016-04-28 21:23:03:
result:Array
(
    [1] => Array
        (
            [invoice_enname] => iphone444
            [invoice_cnname] => 苹果手机444
            [invoice_quantity] => 1
            [unit_code] => PCE
            [invoice_unitcharge] => 999
            [invoice_weight] => 0.5
            [invoice_sku] => SKU00000005
            [hs_code] => 
            [invoice_note] => 
            [invoice_url] => 
            [invoice_totalcharge] => 999
            [invoice_totalWeight] => 0.5
            [invoice_currencycode] => USD
        )

)
2016-04-28T21:54:45+08:00 INFO (6): 
2016-04-28 21:54:45:
result:Array
(
    [1] => Array
        (
            [invoice_enname] => iphone555
            [invoice_cnname] => 苹果手机555
            [invoice_quantity] => 1
            [unit_code] => PCE
            [invoice_unitcharge] => 999
            [invoice_weight] => 0.5
            [invoice_sku] => SKU00000006
            [hs_code] => 
            [invoice_note] => 
            [invoice_url] => 
            [invoice_totalcharge] => 999
            [invoice_totalWeight] => 0.5
            [invoice_currencycode] => USD
        )

)
2016-04-28T21:58:48+08:00 INFO (6): 
2016-04-28 21:58:48:
result:Array
(
    [1] => Array
        (
            [invoice_enname] => iphone555
            [invoice_cnname] => 苹果手机555
            [invoice_quantity] => 1
            [unit_code] => PCE
            [invoice_unitcharge] => 999
            [invoice_weight] => 0.5
            [invoice_sku] => SKU00000006
            [hs_code] => 
            [invoice_note] => 
            [invoice_url] => 
            [invoice_totalcharge] => 999
            [invoice_totalWeight] => 0.5
            [invoice_currencycode] => USD
        )

)
2016-04-28T21:59:58+08:00 INFO (6): 
2016-04-28 21:59:58:
result:Array
(
    [1] => Array
        (
            [invoice_enname] => iphone555
            [invoice_cnname] => 苹果手机555
            [invoice_quantity] => 1
            [unit_code] => PCE
            [invoice_unitcharge] => 999
            [invoice_weight] => 0.5
            [invoice_sku] => SKU00000006
            [hs_code] => 
            [invoice_note] => 
            [invoice_url] => 
            [invoice_totalcharge] => 999
            [invoice_totalWeight] => 0.5
            [invoice_currencycode] => USD
        )

)
2016-04-28T22:05:16+08:00 INFO (6): 
2016-04-28 22:05:16:
result:Array
(
    [1] => Array
        (
            [invoice_enname] => iphone555
            [invoice_cnname] => 苹果手机555
            [invoice_quantity] => 1
            [unit_code] => PCE
            [invoice_unitcharge] => 999
            [invoice_weight] => 0.5
            [invoice_sku] => SKU00000006
            [hs_code] => 
            [invoice_note] => 
            [invoice_url] => 
            [invoice_totalcharge] => 999
            [invoice_totalWeight] => 0.5
            [invoice_currencycode] => USD
        )

)
2016-04-28T22:06:21+08:00 INFO (6): 
2016-04-28 22:06:21:
result:Array
(
    [1] => Array
        (
            [invoice_enname] => iphone555
            [invoice_cnname] => 苹果手机555
            [invoice_quantity] => 1
            [unit_code] => PCE
            [invoice_unitcharge] => 999
            [invoice_weight] => 0.5
            [invoice_sku] => SKU00000006
            [hs_code] => 
            [invoice_note] => 
            [invoice_url] => 
            [invoice_totalcharge] => 999
            [invoice_totalWeight] => 0.5
            [invoice_currencycode] => USD
        )

)
2016-04-28T22:41:35+08:00 INFO (6): 
2016-04-28 22:41:35:
result:Array
(
    [1] => Array
        (
            [invoice_enname] => iphone777
            [invoice_cnname] => 苹果手机777
            [invoice_quantity] => 1
            [unit_code] => PCE
            [invoice_unitcharge] => 999
            [invoice_weight] => 0.5
            [sku] => SKU00000007
            [hs_code] => 
            [invoice_note] => 
            [invoice_url] => 
            [invoice_totalcharge] => 999
            [invoice_totalWeight] => 0.5
            [invoice_currencycode] => USD
        )

)
2016-04-28T22:53:46+08:00 INFO (6): 
2016-04-28 22:53:46:
result:Array
(
    [1] => Array
        (
            [invoice_enname] => iphone777
            [invoice_cnname] => 苹果手机777
            [invoice_quantity] => 1
            [unit_code] => PCE
            [invoice_unitcharge] => 999
            [invoice_weight] => 0.5
            [sku] => SKU00000007
            [hs_code] => 
            [invoice_note] => 
            [invoice_url] => 
            [invoice_totalcharge] => 999
            [invoice_totalWeight] => 0.5
            [invoice_currencycode] => USD
        )

)
2016-04-28T22:54:51+08:00 INFO (6): 
2016-04-28 22:54:51:
result:Array
(
    [1] => Array
        (
            [invoice_enname] => iphone777
            [invoice_cnname] => 苹果手机777
            [invoice_quantity] => 1
            [unit_code] => PCE
            [invoice_unitcharge] => 999
            [invoice_weight] => 0.5
            [sku] => SKU00000007
            [hs_code] => 
            [invoice_note] => 
            [invoice_url] => 
            [invoice_totalcharge] => 999
            [invoice_totalWeight] => 0.5
            [invoice_currencycode] => USD
        )

)
2016-04-28T23:20:12+08:00 INFO (6): 
2016-04-28 23:20:12:
result:Array
(
    [1] => Array
        (
            [invoice_enname] => iphone888
            [invoice_cnname] => 苹果手机888
            [invoice_quantity] => 1
            [unit_code] => PCE
            [invoice_unitcharge] => 999
            [invoice_weight] => 0.5
            [sku] => SKU00000008
            [hs_code] => 
            [invoice_note] => 
            [invoice_url] => 
            [invoice_totalcharge] => 999
            [invoice_totalWeight] => 0.5
            [invoice_currencycode] => USD
        )

)
2016-04-28T23:46:17+08:00 INFO (6): 
2016-04-28 23:46:17:
result:Array
(
    [1] => Array
        (
            [invoice_enname] => iphone999
            [invoice_cnname] => 苹果手机999
            [invoice_quantity] => 1
            [unit_code] => PCE
            [invoice_unitcharge] => 999
            [invoice_weight] => 0.5
            [sku] => SKU00000009
            [hs_code] => 
            [invoice_note] => 
            [invoice_url] => 
            [invoice_totalcharge] => 999
            [invoice_totalWeight] => 0.5
            [invoice_currencycode] => USD
        )

)
2016-04-28T23:59:56+08:00 INFO (6): 
2016-04-28 23:59:56:
result:Array
(
    [1] => Array
        (
            [invoice_enname] => iphone12121221
            [invoice_cnname] => 苹果手机999
            [invoice_quantity] => 1
            [unit_code] => PCE
            [invoice_unitcharge] => 999
            [invoice_weight] => 0.5
            [sku] => SKU00000121212
            [hs_code] => 
            [invoice_note] => 
            [invoice_url] => 
            [invoice_totalcharge] => 999
            [invoice_totalWeight] => 0.5
            [invoice_currencycode] => USD
        )

)
