2016-05-05T10:46:16+08:00 INFO (6): 
2016-05-05 10:46:16:
result:Array
(
    [1] => Array
        (
            [invoice_enname] => 
            [invoice_cnname] => 
            [invoice_quantity] => 
            [unit_code] => PCE
            [invoice_unitcharge] => 
            [invoice_weight] => 
            [sku] => 
            [hs_code] => 
            [invoice_note] => 
            [invoice_url] => 
            [invoice_totalcharge] => 0
            [invoice_totalWeight] => 0
            [invoice_currencycode] => USD
        )

)
2016-05-05T10:46:36+08:00 INFO (6): 
2016-05-05 10:46:36:
result:Array
(
    [1] => Array
        (
            [invoice_enname] => 
            [invoice_cnname] => 
            [invoice_quantity] => 
            [unit_code] => PCE
            [invoice_unitcharge] => 
            [invoice_weight] => 
            [sku] => 
            [hs_code] => 
            [invoice_note] => 
            [invoice_url] => 
            [invoice_totalcharge] => 0
            [invoice_totalWeight] => 0
            [invoice_currencycode] => USD
        )

)
