2014-07-22T10:53:31+08:00 INFO (6): 
2014-07-22 10:53:31:
Array
(
    [AllPort] => Array
        (
            [Active] => 1
            [UserName] => CargoServicesChina
            [PassWord] => CargoServicesChina#1
            [BindTo] => 213.121.174.108
            [Wsdl] => https://213.121.174.108/AllportWebService/AllportWebService.asmx?wsdl
        )

    [Sino] => Array
        (
            [active] => 1
            [appToken] => cargo
            [appKey] => 123456
            [wsdl] => http://59.60.9.3:8082/WolfLite_Cargo/services/WmsForOmsWebService?wsdl
        )

    [3part] => Array
        (
            [active] => 1
            [appToken] => ec
            [appKey] => ec
            [timeout] => 1
            [wsdl] => http://www.3wms.com/default/svc/wsdl?wsdl
            [wsdl-file] => http://www.3wms.com/default/svc/wsdl-file?wsdl
        )

)
2014-07-22T14:40:02+08:00 INFO (6): 
2014-07-22 14:40:02:
Array
(
    [AllPort] => Array
        (
            [Active] => 1
            [UserName] => CargoServicesChina
            [PassWord] => CargoServicesChina#1
            [BindTo] => 213.121.174.108
            [Wsdl] => https://213.121.174.108/AllportWebService/AllportWebService.asmx?wsdl
        )

    [Sino] => Array
        (
            [active] => 1
            [appToken] => cargo
            [appKey] => 123456
            [wsdl] => http://59.60.9.3:8082/WolfLite_Cargo/services/WmsForOmsWebService?wsdl
        )

    [3part] => Array
        (
            [active] => 1
            [appToken] => ec
            [appKey] => ec
            [timeout] => 1
            [wsdl] => http://www.3wms.com/default/svc/wsdl?wsdl
            [wsdl-file] => http://www.3wms.com/default/svc/wsdl-file?wsdl
        )

)
2014-07-22T14:41:04+08:00 INFO (6): 
2014-07-22 14:41:04:
Array
(
    [AllPort] => Array
        (
            [Active] => 1
            [UserName] => CargoServicesChina
            [PassWord] => CargoServicesChina#1
            [BindTo] => 213.121.174.108
            [Wsdl] => https://213.121.174.108/AllportWebService/AllportWebService.asmx?wsdl
        )

    [Sino] => Array
        (
            [active] => 1
            [appToken] => cargo
            [appKey] => 123456
            [wsdl] => http://59.60.9.3:8082/WolfLite_Cargo/services/WmsForOmsWebService?wsdl
        )

    [3part] => Array
        (
            [active] => 1
            [appToken] => ec
            [appKey] => ec
            [timeout] => 1
            [wsdl] => http://www.ruston-wms.com/default/svc/wsdl?wsdl
            [wsdl-file] => http://www.ruston-wms.com/default/svc/wsdl-file?wsdl
        )

)
2014-07-22T14:42:18+08:00 INFO (6): 
2014-07-22 14:42:18:
Array
(
    [AllPort] => Array
        (
            [Active] => 1
            [UserName] => CargoServicesChina
            [PassWord] => CargoServicesChina#1
            [BindTo] => 213.121.174.108
            [Wsdl] => https://213.121.174.108/AllportWebService/AllportWebService.asmx?wsdl
        )

    [Sino] => Array
        (
            [active] => 1
            [appToken] => cargo
            [appKey] => 123456
            [wsdl] => http://59.60.9.3:8082/WolfLite_Cargo/services/WmsForOmsWebService?wsdl
        )

    [3part] => Array
        (
            [active] => 1
            [appToken] => ec
            [appKey] => ec
            [timeout] => 1
            [wsdl] => http://www.ruston-wms.com/default/svc/wsdl?wsdl
            [wsdl-file] => http://www.ruston-wms.com/default/svc/wsdl-file?wsdl
        )

)
2014-07-22T14:44:26+08:00 INFO (6): 
2014-07-22 14:44:26:
Array
(
    [AllPort] => Array
        (
            [Active] => 1
            [UserName] => CargoServicesChina
            [PassWord] => CargoServicesChina#1
            [BindTo] => 213.121.174.108
            [Wsdl] => https://213.121.174.108/AllportWebService/AllportWebService.asmx?wsdl
        )

    [Sino] => Array
        (
            [active] => 1
            [appToken] => cargo
            [appKey] => 123456
            [wsdl] => http://59.60.9.3:8082/WolfLite_Cargo/services/WmsForOmsWebService?wsdl
        )

    [3part] => Array
        (
            [active] => 1
            [appToken] => ec
            [appKey] => ec
            [timeout] => 1
            [wsdl] => http://www.ruston-wms.com/default/svc/wsdl?wsdl
            [wsdl-file] => http://www.ruston-wms.com/default/svc/wsdl-file?wsdl
        )

)
2014-07-22T14:56:00+08:00 INFO (6): 
2014-07-22 14:56:00:
Array
(
    [AllPort] => Array
        (
            [Active] => 1
            [UserName] => CargoServicesChina
            [PassWord] => CargoServicesChina#1
            [BindTo] => 213.121.174.108
            [Wsdl] => https://213.121.174.108/AllportWebService/AllportWebService.asmx?wsdl
        )

    [Sino] => Array
        (
            [active] => 1
            [appToken] => cargo
            [appKey] => 123456
            [wsdl] => http://59.60.9.3:8082/WolfLite_Cargo/services/WmsForOmsWebService?wsdl
        )

    [3part] => Array
        (
            [active] => 1
            [appToken] => ec
            [appKey] => ec
            [timeout] => 1
            [wsdl] => http://www.ruston-wms.com/default/svc/wsdl?wsdl
            [wsdl-file] => http://www.ruston-wms.com/default/svc/wsdl-file?wsdl
        )

)
2014-07-22T14:56:29+08:00 INFO (6): 
2014-07-22 14:56:29:
Array
(
    [AllPort] => Array
        (
            [Active] => 1
            [UserName] => CargoServicesChina
            [PassWord] => CargoServicesChina#1
            [BindTo] => 213.121.174.108
            [Wsdl] => https://213.121.174.108/AllportWebService/AllportWebService.asmx?wsdl
        )

    [Sino] => Array
        (
            [active] => 1
            [appToken] => cargo
            [appKey] => 123456
            [wsdl] => http://59.60.9.3:8082/WolfLite_Cargo/services/WmsForOmsWebService?wsdl
        )

    [3part] => Array
        (
            [active] => 1
            [appToken] => ec
            [appKey] => ec
            [timeout] => 1
            [wsdl] => http://www.ruston-wms.com/default/svc/wsdl?wsdl
            [wsdl-file] => http://www.ruston-wms.com/default/svc/wsdl-file?wsdl
        )

)
2014-07-22T15:26:58+08:00 INFO (6): 
2014-07-22 15:26:58:
Array
(
    [AllPort] => Array
        (
            [Active] => 1
            [UserName] => CargoServicesChina
            [PassWord] => CargoServicesChina#1
            [BindTo] => 213.121.174.108
            [Wsdl] => https://213.121.174.108/AllportWebService/AllportWebService.asmx?wsdl
        )

    [Sino] => Array
        (
            [active] => 1
            [appToken] => cargo
            [appKey] => 123456
            [wsdl] => http://59.60.9.3:8082/WolfLite_Cargo/services/WmsForOmsWebService?wsdl
        )

    [3part] => Array
        (
            [active] => 1
            [appToken] => ec
            [appKey] => ec
            [timeout] => 1
            [wsdl] => http://www.ruston-wms.com/default/svc/wsdl?wsdl
            [wsdl-file] => http://www.ruston-wms.com/default/svc/wsdl-file?wsdl
        )

)
2014-07-22T15:27:33+08:00 INFO (6): 
2014-07-22 15:27:33:
Array
(
    [AllPort] => Array
        (
            [Active] => 1
            [UserName] => CargoServicesChina
            [PassWord] => CargoServicesChina#1
            [BindTo] => 213.121.174.108
            [Wsdl] => https://213.121.174.108/AllportWebService/AllportWebService.asmx?wsdl
        )

    [Sino] => Array
        (
            [active] => 1
            [appToken] => cargo
            [appKey] => 123456
            [wsdl] => http://59.60.9.3:8082/WolfLite_Cargo/services/WmsForOmsWebService?wsdl
        )

    [3part] => Array
        (
            [active] => 1
            [appToken] => ec
            [appKey] => ec
            [timeout] => 1
            [wsdl] => http://www.ruston-wms.com/default/svc/wsdl?wsdl
            [wsdl-file] => http://www.ruston-wms.com/default/svc/wsdl-file?wsdl
        )

)
2014-07-22T15:27:33+08:00 INFO (6): 
2014-07-22 15:27:33:
Array
(
    [AllPort] => Array
        (
            [Active] => 1
            [UserName] => CargoServicesChina
            [PassWord] => CargoServicesChina#1
            [BindTo] => 213.121.174.108
            [Wsdl] => https://213.121.174.108/AllportWebService/AllportWebService.asmx?wsdl
        )

    [Sino] => Array
        (
            [active] => 1
            [appToken] => cargo
            [appKey] => 123456
            [wsdl] => http://59.60.9.3:8082/WolfLite_Cargo/services/WmsForOmsWebService?wsdl
        )

    [3part] => Array
        (
            [active] => 1
            [appToken] => ec
            [appKey] => ec
            [timeout] => 1
            [wsdl] => http://www.ruston-wms.com/default/svc/wsdl?wsdl
            [wsdl-file] => http://www.ruston-wms.com/default/svc/wsdl-file?wsdl
        )

)
2014-07-22T15:27:33+08:00 INFO (6): 
2014-07-22 15:27:33:
Array
(
    [AllPort] => Array
        (
            [Active] => 1
            [UserName] => CargoServicesChina
            [PassWord] => CargoServicesChina#1
            [BindTo] => 213.121.174.108
            [Wsdl] => https://213.121.174.108/AllportWebService/AllportWebService.asmx?wsdl
        )

    [Sino] => Array
        (
            [active] => 1
            [appToken] => cargo
            [appKey] => 123456
            [wsdl] => http://59.60.9.3:8082/WolfLite_Cargo/services/WmsForOmsWebService?wsdl
        )

    [3part] => Array
        (
            [active] => 1
            [appToken] => ec
            [appKey] => ec
            [timeout] => 1
            [wsdl] => http://www.ruston-wms.com/default/svc/wsdl?wsdl
            [wsdl-file] => http://www.ruston-wms.com/default/svc/wsdl-file?wsdl
        )

)
2014-07-22T16:18:19+08:00 INFO (6): 
2014-07-22 16:18:19:
Array
(
    [AllPort] => Array
        (
            [Active] => 1
            [UserName] => CargoServicesChina
            [PassWord] => CargoServicesChina#1
            [BindTo] => 213.121.174.108
            [Wsdl] => https://213.121.174.108/AllportWebService/AllportWebService.asmx?wsdl
        )

    [Sino] => Array
        (
            [active] => 1
            [appToken] => cargo
            [appKey] => 123456
            [wsdl] => http://59.60.9.3:8082/WolfLite_Cargo/services/WmsForOmsWebService?wsdl
        )

    [3part] => Array
        (
            [active] => 1
            [appToken] => ec
            [appKey] => ec
            [timeout] => 1
            [wsdl] => http://www.ruston-wms.com/default/svc/wsdl?wsdl
            [wsdl-file] => http://www.ruston-wms.com/default/svc/wsdl-file?wsdl
        )

)
2014-07-22T16:18:40+08:00 INFO (6): 
2014-07-22 16:18:40:
Array
(
    [AllPort] => Array
        (
            [Active] => 1
            [UserName] => CargoServicesChina
            [PassWord] => CargoServicesChina#1
            [BindTo] => 213.121.174.108
            [Wsdl] => https://213.121.174.108/AllportWebService/AllportWebService.asmx?wsdl
        )

    [Sino] => Array
        (
            [active] => 1
            [appToken] => cargo
            [appKey] => 123456
            [wsdl] => http://59.60.9.3:8082/WolfLite_Cargo/services/WmsForOmsWebService?wsdl
        )

    [3part] => Array
        (
            [active] => 1
            [appToken] => ec
            [appKey] => ec
            [timeout] => 1
            [wsdl] => http://www.ruston-wms.com/default/svc/wsdl?wsdl
            [wsdl-file] => http://www.ruston-wms.com/default/svc/wsdl-file?wsdl
        )

)
2014-07-22T16:20:12+08:00 INFO (6): 
2014-07-22 16:20:12:
Array
(
    [AllPort] => Array
        (
            [Active] => 1
            [UserName] => CargoServicesChina
            [PassWord] => CargoServicesChina#1
            [BindTo] => 213.121.174.108
            [Wsdl] => https://213.121.174.108/AllportWebService/AllportWebService.asmx?wsdl
        )

    [Sino] => Array
        (
            [active] => 1
            [appToken] => cargo
            [appKey] => 123456
            [wsdl] => http://59.60.9.3:8082/WolfLite_Cargo/services/WmsForOmsWebService?wsdl
        )

    [3part] => Array
        (
            [active] => 1
            [appToken] => ec
            [appKey] => ec
            [timeout] => 1
            [wsdl] => http://www.ruston-wms.com/default/svc/wsdl?wsdl
            [wsdl-file] => http://www.ruston-wms.com/default/svc/wsdl-file?wsdl
        )

)
2014-07-22T16:59:10+08:00 INFO (6): 
2014-07-22 16:59:10:
Array
(
    [AllPort] => Array
        (
            [Active] => 1
            [UserName] => CargoServicesChina
            [PassWord] => CargoServicesChina#1
            [BindTo] => 213.121.174.108
            [Wsdl] => https://213.121.174.108/AllportWebService/AllportWebService.asmx?wsdl
        )

    [Sino] => Array
        (
            [active] => 1
            [appToken] => cargo
            [appKey] => 123456
            [wsdl] => http://59.60.9.3:8082/WolfLite_Cargo/services/WmsForOmsWebService?wsdl
        )

    [3part] => Array
        (
            [active] => 1
            [appToken] => ec
            [appKey] => ec
            [timeout] => 1
            [wsdl] => http://www.ruston-wms.com/default/svc/wsdl?wsdl
            [wsdl-file] => http://www.ruston-wms.com/default/svc/wsdl-file?wsdl
        )

)
2014-08-29T11:47:36+08:00 INFO (6): 
2014-08-29 11:47:36:
Array
(
    [AllPort] => Array
        (
            [Active] => 1
            [UserName] => CargoServicesChina
            [PassWord] => CargoServicesChina#1
            [BindTo] => 213.121.174.108
            [Wsdl] => https://213.121.174.108/AllportWebService/AllportWebService.asmx?wsdl
        )

    [Sino] => Array
        (
            [active] => 1
            [appToken] => cargo
            [appKey] => 123456
            [wsdl] => http://59.60.9.3:8082/WolfLite_Cargo/services/WmsForOmsWebService?wsdl
        )

    [3part] => Array
        (
            [active] => 1
            [appToken] => ec
            [appKey] => ec
            [timeout] => 1
            [wsdl] => http://www.ruston-wms.com/default/svc/wsdl?wsdl
            [wsdl-file] => http://www.ruston-wms.com/default/svc/wsdl-file?wsdl
        )

)
