2016-04-28T21:45:35+08:00 INFO (6): 
2016-04-28 21:45:35:
此次请求，无需要同步订单！2016-04-28 21:45:35
2016-04-28T21:45:35+08:00 INFO (6): 
2016-04-28 21:45:35:
此次请求，无需要同步订单！2016-04-28 21:45:35
2016-04-28T21:45:35+08:00 INFO (6): 
2016-04-28 21:45:35:
此次请求，无需要同步订单！2016-04-28 21:45:35
2016-04-28T21:45:35+08:00 INFO (6): 
2016-04-28 21:45:35:
此次请求，无需要同步订单！2016-04-28 21:45:35
2016-04-28T21:45:35+08:00 INFO (6): 
2016-04-28 21:45:35:
此次请求，无需要同步订单！2016-04-28 21:45:35
2016-04-28T21:45:35+08:00 INFO (6): 
2016-04-28 21:45:35:
此次请求，无需要同步订单！2016-04-28 21:45:35
2016-04-28T21:45:35+08:00 INFO (6): 
2016-04-28 21:45:35:
此次请求，无需要同步订单！2016-04-28 21:45:35
2016-04-28T21:45:35+08:00 INFO (6): 
2016-04-28 21:45:35:
此次请求，无需要同步订单！2016-04-28 21:45:35
2016-04-28T21:45:36+08:00 INFO (6): 
2016-04-28 21:45:36:
此次请求，无需要同步订单！2016-04-28 21:45:35
2016-04-28T22:12:06+08:00 INFO (6): 
2016-04-28 22:12:06:
此次请求，无需要同步订单！2016-04-28 22:12:06
2016-04-28T22:12:06+08:00 INFO (6): 
2016-04-28 22:12:06:
此次请求，无需要同步订单！2016-04-28 22:12:06
2016-04-28T22:12:06+08:00 INFO (6): 
2016-04-28 22:12:06:
此次请求，无需要同步订单！2016-04-28 22:12:06
2016-04-28T22:12:06+08:00 INFO (6): 
2016-04-28 22:12:06:
此次请求，无需要同步订单！2016-04-28 22:12:06
2016-04-28T22:12:06+08:00 INFO (6): 
2016-04-28 22:12:06:
此次请求，无需要同步订单！2016-04-28 22:12:06
2016-04-28T22:12:06+08:00 INFO (6): 
2016-04-28 22:12:06:
此次请求，无需要同步订单！2016-04-28 22:12:06
2016-04-28T22:12:06+08:00 INFO (6): 
2016-04-28 22:12:06:
此次请求，无需要同步订单！2016-04-28 22:12:06
2016-04-28T22:12:06+08:00 INFO (6): 
2016-04-28 22:12:06:
此次请求，无需要同步订单！2016-04-28 22:12:06
2016-04-28T22:12:06+08:00 INFO (6): 
2016-04-28 22:12:06:
此次请求，无需要同步订单！2016-04-28 22:12:06
2016-04-28T22:12:06+08:00 INFO (6): 
2016-04-28 22:12:06:
此次请求，无需要同步订单！2016-04-28 22:12:06
2016-04-28T22:57:10+08:00 INFO (6): 
2016-04-28 22:57:10:
此次请求，无需要同步订单！2016-04-28 22:57:10
2016-04-28T22:57:10+08:00 INFO (6): 
2016-04-28 22:57:10:
此次请求，无需要同步订单！2016-04-28 22:57:10
2016-04-28T22:57:10+08:00 INFO (6): 
2016-04-28 22:57:10:
此次请求，无需要同步订单！2016-04-28 22:57:10
2016-04-28T22:57:10+08:00 INFO (6): 
2016-04-28 22:57:10:
此次请求，无需要同步订单！2016-04-28 22:57:10
2016-04-28T22:57:10+08:00 INFO (6): 
2016-04-28 22:57:10:
此次请求，无需要同步订单！2016-04-28 22:57:10
2016-04-28T22:57:10+08:00 INFO (6): 
2016-04-28 22:57:10:
此次请求，无需要同步订单！2016-04-28 22:57:10
2016-04-28T22:57:10+08:00 INFO (6): 
2016-04-28 22:57:10:
此次请求，无需要同步订单！2016-04-28 22:57:10
2016-04-28T22:57:10+08:00 INFO (6): 
2016-04-28 22:57:10:
此次请求，无需要同步订单！2016-04-28 22:57:10
2016-04-28T22:57:10+08:00 INFO (6): 
2016-04-28 22:57:10:
此次请求，无需要同步订单！2016-04-28 22:57:10
2016-04-28T22:57:10+08:00 INFO (6): 
2016-04-28 22:57:10:
此次请求，无需要同步订单！2016-04-28 22:57:10
2016-04-28T23:01:16+08:00 INFO (6): 
2016-04-28 23:01:16:
此次请求，无需要同步订单！2016-04-28 23:01:16
2016-04-28T23:01:16+08:00 INFO (6): 
2016-04-28 23:01:16:
此次请求，无需要同步订单！2016-04-28 23:01:16
2016-04-28T23:01:16+08:00 INFO (6): 
2016-04-28 23:01:16:
此次请求，无需要同步订单！2016-04-28 23:01:16
2016-04-28T23:01:16+08:00 INFO (6): 
2016-04-28 23:01:16:
此次请求，无需要同步订单！2016-04-28 23:01:16
2016-04-28T23:01:16+08:00 INFO (6): 
2016-04-28 23:01:16:
此次请求，无需要同步订单！2016-04-28 23:01:16
2016-04-28T23:01:16+08:00 INFO (6): 
2016-04-28 23:01:16:
此次请求，无需要同步订单！2016-04-28 23:01:16
2016-04-28T23:01:16+08:00 INFO (6): 
2016-04-28 23:01:16:
此次请求，无需要同步订单！2016-04-28 23:01:16
2016-04-28T23:01:16+08:00 INFO (6): 
2016-04-28 23:01:16:
此次请求，无需要同步订单！2016-04-28 23:01:16
2016-04-28T23:01:16+08:00 INFO (6): 
2016-04-28 23:01:16:
此次请求，无需要同步订单！2016-04-28 23:01:16
2016-04-28T23:01:16+08:00 INFO (6): 
2016-04-28 23:01:16:
此次请求，无需要同步订单！2016-04-28 23:01:16
2016-04-28T23:09:12+08:00 INFO (6): 
2016-04-28 23:09:12:
此次请求，无需要同步订单！2016-04-28 23:09:12
2016-04-28T23:09:12+08:00 INFO (6): 
2016-04-28 23:09:12:
此次请求，无需要同步订单！2016-04-28 23:09:12
2016-04-28T23:09:12+08:00 INFO (6): 
2016-04-28 23:09:12:
此次请求，无需要同步订单！2016-04-28 23:09:12
2016-04-28T23:09:12+08:00 INFO (6): 
2016-04-28 23:09:12:
此次请求，无需要同步订单！2016-04-28 23:09:12
2016-04-28T23:09:12+08:00 INFO (6): 
2016-04-28 23:09:12:
此次请求，无需要同步订单！2016-04-28 23:09:12
2016-04-28T23:09:12+08:00 INFO (6): 
2016-04-28 23:09:12:
此次请求，无需要同步订单！2016-04-28 23:09:12
2016-04-28T23:09:12+08:00 INFO (6): 
2016-04-28 23:09:12:
此次请求，无需要同步订单！2016-04-28 23:09:12
2016-04-28T23:09:12+08:00 INFO (6): 
2016-04-28 23:09:12:
此次请求，无需要同步订单！2016-04-28 23:09:12
2016-04-28T23:09:12+08:00 INFO (6): 
2016-04-28 23:09:12:
此次请求，无需要同步订单！2016-04-28 23:09:12
2016-04-28T23:09:12+08:00 INFO (6): 
2016-04-28 23:09:12:
此次请求，无需要同步订单！2016-04-28 23:09:12
2016-04-28T23:13:07+08:00 INFO (6): 
2016-04-28 23:13:07:
此次请求，无需要同步订单！2016-04-28 23:13:07
2016-04-28T23:13:07+08:00 INFO (6): 
2016-04-28 23:13:07:
此次请求，无需要同步订单！2016-04-28 23:13:07
2016-04-28T23:13:07+08:00 INFO (6): 
2016-04-28 23:13:07:
此次请求，无需要同步订单！2016-04-28 23:13:07
2016-04-28T23:13:07+08:00 INFO (6): 
2016-04-28 23:13:07:
此次请求，无需要同步订单！2016-04-28 23:13:07
2016-04-28T23:13:07+08:00 INFO (6): 
2016-04-28 23:13:07:
此次请求，无需要同步订单！2016-04-28 23:13:07
2016-04-28T23:13:07+08:00 INFO (6): 
2016-04-28 23:13:07:
此次请求，无需要同步订单！2016-04-28 23:13:07
2016-04-28T23:13:07+08:00 INFO (6): 
2016-04-28 23:13:07:
此次请求，无需要同步订单！2016-04-28 23:13:07
2016-04-28T23:13:07+08:00 INFO (6): 
2016-04-28 23:13:07:
此次请求，无需要同步订单！2016-04-28 23:13:07
2016-04-28T23:13:07+08:00 INFO (6): 
2016-04-28 23:13:07:
此次请求，无需要同步订单！2016-04-28 23:13:07
2016-04-28T23:13:07+08:00 INFO (6): 
2016-04-28 23:13:07:
此次请求，无需要同步订单！2016-04-28 23:13:07
2016-04-28T23:13:07+08:00 INFO (6): 
2016-04-28 23:13:07:
此次请求，无需要同步订单！2016-04-28 23:13:07
2016-04-28T23:14:38+08:00 INFO (6): 
2016-04-28 23:14:38:
此次请求，无需要同步订单！2016-04-28 23:14:38
2016-04-28T23:14:38+08:00 INFO (6): 
2016-04-28 23:14:38:
此次请求，无需要同步订单！2016-04-28 23:14:38
2016-04-28T23:14:38+08:00 INFO (6): 
2016-04-28 23:14:38:
此次请求，无需要同步订单！2016-04-28 23:14:38
2016-04-28T23:14:38+08:00 INFO (6): 
2016-04-28 23:14:38:
此次请求，无需要同步订单！2016-04-28 23:14:38
2016-04-28T23:14:38+08:00 INFO (6): 
2016-04-28 23:14:38:
此次请求，无需要同步订单！2016-04-28 23:14:38
2016-04-28T23:14:38+08:00 INFO (6): 
2016-04-28 23:14:38:
此次请求，无需要同步订单！2016-04-28 23:14:38
2016-04-28T23:14:38+08:00 INFO (6): 
2016-04-28 23:14:38:
此次请求，无需要同步订单！2016-04-28 23:14:38
2016-04-28T23:14:38+08:00 INFO (6): 
2016-04-28 23:14:38:
此次请求，无需要同步订单！2016-04-28 23:14:38
2016-04-28T23:14:38+08:00 INFO (6): 
2016-04-28 23:14:38:
此次请求，无需要同步订单！2016-04-28 23:14:38
2016-04-28T23:14:38+08:00 INFO (6): 
2016-04-28 23:14:38:
此次请求，无需要同步订单！2016-04-28 23:14:38
2016-04-28T23:16:14+08:00 INFO (6): 
2016-04-28 23:16:14:
此次请求，无需要同步订单！2016-04-28 23:16:14
2016-04-28T23:16:14+08:00 INFO (6): 
2016-04-28 23:16:14:
此次请求，无需要同步订单！2016-04-28 23:16:14
2016-04-28T23:16:14+08:00 INFO (6): 
2016-04-28 23:16:14:
此次请求，无需要同步订单！2016-04-28 23:16:14
2016-04-28T23:16:14+08:00 INFO (6): 
2016-04-28 23:16:14:
此次请求，无需要同步订单！2016-04-28 23:16:14
2016-04-28T23:16:14+08:00 INFO (6): 
2016-04-28 23:16:14:
此次请求，无需要同步订单！2016-04-28 23:16:14
2016-04-28T23:16:14+08:00 INFO (6): 
2016-04-28 23:16:14:
此次请求，无需要同步订单！2016-04-28 23:16:14
2016-04-28T23:16:14+08:00 INFO (6): 
2016-04-28 23:16:14:
此次请求，无需要同步订单！2016-04-28 23:16:14
2016-04-28T23:16:14+08:00 INFO (6): 
2016-04-28 23:16:14:
此次请求，无需要同步订单！2016-04-28 23:16:14
2016-04-28T23:16:14+08:00 INFO (6): 
2016-04-28 23:16:14:
此次请求，无需要同步订单！2016-04-28 23:16:14
2016-04-28T23:16:14+08:00 INFO (6): 
2016-04-28 23:16:14:
此次请求，无需要同步订单！2016-04-28 23:16:14
2016-04-28T23:16:14+08:00 INFO (6): 
2016-04-28 23:16:14:
此次请求，无需要同步订单！2016-04-28 23:16:14
2016-04-28T23:17:34+08:00 INFO (6): 
2016-04-28 23:17:34:
此次请求，无需要同步订单！2016-04-28 23:17:34
2016-04-28T23:17:34+08:00 INFO (6): 
2016-04-28 23:17:34:
此次请求，无需要同步订单！2016-04-28 23:17:34
2016-04-28T23:17:34+08:00 INFO (6): 
2016-04-28 23:17:34:
此次请求，无需要同步订单！2016-04-28 23:17:34
2016-04-28T23:17:34+08:00 INFO (6): 
2016-04-28 23:17:34:
此次请求，无需要同步订单！2016-04-28 23:17:34
2016-04-28T23:17:34+08:00 INFO (6): 
2016-04-28 23:17:34:
此次请求，无需要同步订单！2016-04-28 23:17:34
2016-04-28T23:17:34+08:00 INFO (6): 
2016-04-28 23:17:34:
此次请求，无需要同步订单！2016-04-28 23:17:34
2016-04-28T23:17:34+08:00 INFO (6): 
2016-04-28 23:17:34:
此次请求，无需要同步订单！2016-04-28 23:17:34
2016-04-28T23:17:34+08:00 INFO (6): 
2016-04-28 23:17:34:
此次请求，无需要同步订单！2016-04-28 23:17:34
2016-04-28T23:17:34+08:00 INFO (6): 
2016-04-28 23:17:34:
此次请求，无需要同步订单！2016-04-28 23:17:34
2016-04-28T23:17:34+08:00 INFO (6): 
2016-04-28 23:17:34:
此次请求，无需要同步订单！2016-04-28 23:17:34
2016-04-28T23:23:23+08:00 INFO (6): 
2016-04-28 23:23:23:
此次请求，无需要同步订单！2016-04-28 23:23:23
2016-04-28T23:23:23+08:00 INFO (6): 
2016-04-28 23:23:23:
此次请求，无需要同步订单！2016-04-28 23:23:23
2016-04-28T23:23:23+08:00 INFO (6): 
2016-04-28 23:23:23:
此次请求，无需要同步订单！2016-04-28 23:23:23
2016-04-28T23:23:23+08:00 INFO (6): 
2016-04-28 23:23:23:
此次请求，无需要同步订单！2016-04-28 23:23:23
2016-04-28T23:23:23+08:00 INFO (6): 
2016-04-28 23:23:23:
此次请求，无需要同步订单！2016-04-28 23:23:23
2016-04-28T23:23:23+08:00 INFO (6): 
2016-04-28 23:23:23:
此次请求，无需要同步订单！2016-04-28 23:23:23
2016-04-28T23:23:23+08:00 INFO (6): 
2016-04-28 23:23:23:
此次请求，无需要同步订单！2016-04-28 23:23:23
2016-04-28T23:23:23+08:00 INFO (6): 
2016-04-28 23:23:23:
此次请求，无需要同步订单！2016-04-28 23:23:23
2016-04-28T23:23:23+08:00 INFO (6): 
2016-04-28 23:23:23:
此次请求，无需要同步订单！2016-04-28 23:23:23
2016-04-28T23:23:23+08:00 INFO (6): 
2016-04-28 23:23:23:
此次请求，无需要同步订单！2016-04-28 23:23:23
2016-04-28T23:46:52+08:00 INFO (6): 
2016-04-28 23:46:52:
此次请求，无需要同步订单！2016-04-28 23:46:52
2016-04-28T23:46:52+08:00 INFO (6): 
2016-04-28 23:46:52:
此次请求，无需要同步订单！2016-04-28 23:46:52
2016-04-28T23:46:52+08:00 INFO (6): 
2016-04-28 23:46:52:
此次请求，无需要同步订单！2016-04-28 23:46:52
2016-04-28T23:46:52+08:00 INFO (6): 
2016-04-28 23:46:52:
此次请求，无需要同步订单！2016-04-28 23:46:52
2016-04-28T23:46:52+08:00 INFO (6): 
2016-04-28 23:46:52:
此次请求，无需要同步订单！2016-04-28 23:46:52
2016-04-28T23:46:52+08:00 INFO (6): 
2016-04-28 23:46:52:
此次请求，无需要同步订单！2016-04-28 23:46:52
2016-04-28T23:46:52+08:00 INFO (6): 
2016-04-28 23:46:52:
此次请求，无需要同步订单！2016-04-28 23:46:52
2016-04-28T23:46:52+08:00 INFO (6): 
2016-04-28 23:46:52:
此次请求，无需要同步订单！2016-04-28 23:46:52
2016-04-28T23:46:52+08:00 INFO (6): 
2016-04-28 23:46:52:
此次请求，无需要同步订单！2016-04-28 23:46:52
2016-04-28T23:46:52+08:00 INFO (6): 
2016-04-28 23:46:52:
此次请求，无需要同步订单！2016-04-28 23:46:52
2016-04-28T23:46:53+08:00 INFO (6): 
2016-04-28 23:46:53:
同步未知异常，订单号：YT161181200015异常信息：SQLSTATE[HY093]: Invalid parameter number: no parameters were bound
2016-04-28T23:50:32+08:00 INFO (6): 
2016-04-28 23:50:32:
此次请求，无需要同步订单！2016-04-28 23:50:32
2016-04-28T23:50:32+08:00 INFO (6): 
2016-04-28 23:50:32:
此次请求，无需要同步订单！2016-04-28 23:50:32
2016-04-28T23:50:32+08:00 INFO (6): 
2016-04-28 23:50:32:
此次请求，无需要同步订单！2016-04-28 23:50:32
2016-04-28T23:50:32+08:00 INFO (6): 
2016-04-28 23:50:32:
此次请求，无需要同步订单！2016-04-28 23:50:32
2016-04-28T23:50:32+08:00 INFO (6): 
2016-04-28 23:50:32:
此次请求，无需要同步订单！2016-04-28 23:50:32
2016-04-28T23:50:32+08:00 INFO (6): 
2016-04-28 23:50:32:
此次请求，无需要同步订单！2016-04-28 23:50:32
2016-04-28T23:50:32+08:00 INFO (6): 
2016-04-28 23:50:32:
此次请求，无需要同步订单！2016-04-28 23:50:32
2016-04-28T23:50:32+08:00 INFO (6): 
2016-04-28 23:50:32:
此次请求，无需要同步订单！2016-04-28 23:50:32
2016-04-28T23:50:32+08:00 INFO (6): 
2016-04-28 23:50:32:
此次请求，无需要同步订单！2016-04-28 23:50:32
2016-04-28T23:50:32+08:00 INFO (6): 
2016-04-28 23:50:32:
此次请求，无需要同步订单！2016-04-28 23:50:32
2016-04-28T23:50:32+08:00 INFO (6): 
2016-04-28 23:50:32:
同步未知异常，订单号：YT161181200015异常信息：SQLSTATE[HY093]: Invalid parameter number: no parameters were bound
2016-04-28T23:50:59+08:00 INFO (6): 
2016-04-28 23:50:59:
此次请求，无需要同步订单！2016-04-28 23:50:59
2016-04-28T23:50:59+08:00 INFO (6): 
2016-04-28 23:50:59:
此次请求，无需要同步订单！2016-04-28 23:50:59
2016-04-28T23:50:59+08:00 INFO (6): 
2016-04-28 23:50:59:
此次请求，无需要同步订单！2016-04-28 23:50:59
2016-04-28T23:50:59+08:00 INFO (6): 
2016-04-28 23:50:59:
此次请求，无需要同步订单！2016-04-28 23:50:59
2016-04-28T23:50:59+08:00 INFO (6): 
2016-04-28 23:50:59:
此次请求，无需要同步订单！2016-04-28 23:50:59
2016-04-28T23:50:59+08:00 INFO (6): 
2016-04-28 23:50:59:
此次请求，无需要同步订单！2016-04-28 23:50:59
2016-04-28T23:50:59+08:00 INFO (6): 
2016-04-28 23:50:59:
此次请求，无需要同步订单！2016-04-28 23:50:59
2016-04-28T23:50:59+08:00 INFO (6): 
2016-04-28 23:50:59:
此次请求，无需要同步订单！2016-04-28 23:50:59
2016-04-28T23:51:00+08:00 INFO (6): 
2016-04-28 23:51:00:
此次请求，无需要同步订单！2016-04-28 23:50:59
2016-04-28T23:51:00+08:00 INFO (6): 
2016-04-28 23:51:00:
此次请求，无需要同步订单！2016-04-28 23:51:00
2016-04-28T23:51:00+08:00 INFO (6): 
2016-04-28 23:51:00:
同步未知异常，订单号：YT161181200015异常信息：SQLSTATE[HY093]: Invalid parameter number: no parameters were bound
2016-04-28T23:51:33+08:00 INFO (6): 
2016-04-28 23:51:33:
此次请求，无需要同步订单！2016-04-28 23:51:33
2016-04-28T23:51:33+08:00 INFO (6): 
2016-04-28 23:51:33:
此次请求，无需要同步订单！2016-04-28 23:51:33
2016-04-28T23:51:33+08:00 INFO (6): 
2016-04-28 23:51:33:
此次请求，无需要同步订单！2016-04-28 23:51:33
2016-04-28T23:51:33+08:00 INFO (6): 
2016-04-28 23:51:33:
此次请求，无需要同步订单！2016-04-28 23:51:33
2016-04-28T23:51:33+08:00 INFO (6): 
2016-04-28 23:51:33:
此次请求，无需要同步订单！2016-04-28 23:51:33
2016-04-28T23:51:33+08:00 INFO (6): 
2016-04-28 23:51:33:
此次请求，无需要同步订单！2016-04-28 23:51:33
2016-04-28T23:51:33+08:00 INFO (6): 
2016-04-28 23:51:33:
此次请求，无需要同步订单！2016-04-28 23:51:33
2016-04-28T23:51:33+08:00 INFO (6): 
2016-04-28 23:51:33:
此次请求，无需要同步订单！2016-04-28 23:51:33
2016-04-28T23:51:33+08:00 INFO (6): 
2016-04-28 23:51:33:
此次请求，无需要同步订单！2016-04-28 23:51:33
2016-04-28T23:51:33+08:00 INFO (6): 
2016-04-28 23:51:33:
此次请求，无需要同步订单！2016-04-28 23:51:33
2016-04-28T23:51:33+08:00 INFO (6): 
2016-04-28 23:51:33:
同步未知异常，订单号：YT161181200015异常信息：SQLSTATE[HY093]: Invalid parameter number: no parameters were bound
2016-04-28T23:53:32+08:00 INFO (6): 
2016-04-28 23:53:32:
此次请求，无需要同步订单！2016-04-28 23:53:32
2016-04-28T23:53:32+08:00 INFO (6): 
2016-04-28 23:53:32:
此次请求，无需要同步订单！2016-04-28 23:53:32
2016-04-28T23:53:32+08:00 INFO (6): 
2016-04-28 23:53:32:
此次请求，无需要同步订单！2016-04-28 23:53:32
2016-04-28T23:53:32+08:00 INFO (6): 
2016-04-28 23:53:32:
此次请求，无需要同步订单！2016-04-28 23:53:32
2016-04-28T23:53:32+08:00 INFO (6): 
2016-04-28 23:53:32:
此次请求，无需要同步订单！2016-04-28 23:53:32
2016-04-28T23:53:32+08:00 INFO (6): 
2016-04-28 23:53:32:
此次请求，无需要同步订单！2016-04-28 23:53:32
2016-04-28T23:53:32+08:00 INFO (6): 
2016-04-28 23:53:32:
此次请求，无需要同步订单！2016-04-28 23:53:32
2016-04-28T23:53:32+08:00 INFO (6): 
2016-04-28 23:53:32:
此次请求，无需要同步订单！2016-04-28 23:53:32
2016-04-28T23:53:32+08:00 INFO (6): 
2016-04-28 23:53:32:
此次请求，无需要同步订单！2016-04-28 23:53:32
2016-04-28T23:53:32+08:00 INFO (6): 
2016-04-28 23:53:32:
此次请求，无需要同步订单！2016-04-28 23:53:32
2016-04-28T23:53:32+08:00 INFO (6): 
2016-04-28 23:53:32:
同步未知异常，订单号：YT161181200015异常信息：SQLSTATE[HY093]: Invalid parameter number: no parameters were bound
2016-04-28T23:54:33+08:00 INFO (6): 
2016-04-28 23:54:33:
此次请求，无需要同步订单！2016-04-28 23:54:33
2016-04-28T23:54:33+08:00 INFO (6): 
2016-04-28 23:54:33:
此次请求，无需要同步订单！2016-04-28 23:54:33
2016-04-28T23:54:33+08:00 INFO (6): 
2016-04-28 23:54:33:
此次请求，无需要同步订单！2016-04-28 23:54:33
2016-04-28T23:54:33+08:00 INFO (6): 
2016-04-28 23:54:33:
此次请求，无需要同步订单！2016-04-28 23:54:33
2016-04-28T23:54:33+08:00 INFO (6): 
2016-04-28 23:54:33:
此次请求，无需要同步订单！2016-04-28 23:54:33
2016-04-28T23:54:33+08:00 INFO (6): 
2016-04-28 23:54:33:
此次请求，无需要同步订单！2016-04-28 23:54:33
2016-04-28T23:54:33+08:00 INFO (6): 
2016-04-28 23:54:33:
此次请求，无需要同步订单！2016-04-28 23:54:33
2016-04-28T23:54:34+08:00 INFO (6): 
2016-04-28 23:54:33:
此次请求，无需要同步订单！2016-04-28 23:54:33
2016-04-28T23:54:34+08:00 INFO (6): 
2016-04-28 23:54:34:
此次请求，无需要同步订单！2016-04-28 23:54:34
2016-04-28T23:54:34+08:00 INFO (6): 
2016-04-28 23:54:34:
此次请求，无需要同步订单！2016-04-28 23:54:34
2016-04-28T23:54:34+08:00 INFO (6): 
2016-04-28 23:54:34:
同步未知异常，订单号：YT161181200015异常信息：SQLSTATE[HY093]: Invalid parameter number: no parameters were bound
2016-04-28T23:55:17+08:00 INFO (6): 
2016-04-28 23:55:17:
此次请求，无需要同步订单！2016-04-28 23:55:17
2016-04-28T23:55:17+08:00 INFO (6): 
2016-04-28 23:55:17:
此次请求，无需要同步订单！2016-04-28 23:55:17
2016-04-28T23:55:17+08:00 INFO (6): 
2016-04-28 23:55:17:
此次请求，无需要同步订单！2016-04-28 23:55:17
2016-04-28T23:55:17+08:00 INFO (6): 
2016-04-28 23:55:17:
此次请求，无需要同步订单！2016-04-28 23:55:17
2016-04-28T23:55:17+08:00 INFO (6): 
2016-04-28 23:55:17:
此次请求，无需要同步订单！2016-04-28 23:55:17
2016-04-28T23:55:17+08:00 INFO (6): 
2016-04-28 23:55:17:
此次请求，无需要同步订单！2016-04-28 23:55:17
2016-04-28T23:55:17+08:00 INFO (6): 
2016-04-28 23:55:17:
此次请求，无需要同步订单！2016-04-28 23:55:17
2016-04-28T23:55:17+08:00 INFO (6): 
2016-04-28 23:55:17:
此次请求，无需要同步订单！2016-04-28 23:55:17
2016-04-28T23:55:17+08:00 INFO (6): 
2016-04-28 23:55:17:
此次请求，无需要同步订单！2016-04-28 23:55:17
2016-04-28T23:55:17+08:00 INFO (6): 
2016-04-28 23:55:17:
此次请求，无需要同步订单！2016-04-28 23:55:17
2016-04-28T23:56:22+08:00 INFO (6): 
2016-04-28 23:56:22:
此次请求，无需要同步订单！2016-04-28 23:56:22
2016-04-28T23:56:22+08:00 INFO (6): 
2016-04-28 23:56:22:
此次请求，无需要同步订单！2016-04-28 23:56:22
2016-04-28T23:56:22+08:00 INFO (6): 
2016-04-28 23:56:22:
此次请求，无需要同步订单！2016-04-28 23:56:22
2016-04-28T23:56:22+08:00 INFO (6): 
2016-04-28 23:56:22:
此次请求，无需要同步订单！2016-04-28 23:56:22
2016-04-28T23:56:22+08:00 INFO (6): 
2016-04-28 23:56:22:
此次请求，无需要同步订单！2016-04-28 23:56:22
2016-04-28T23:56:22+08:00 INFO (6): 
2016-04-28 23:56:22:
此次请求，无需要同步订单！2016-04-28 23:56:22
2016-04-28T23:56:22+08:00 INFO (6): 
2016-04-28 23:56:22:
此次请求，无需要同步订单！2016-04-28 23:56:22
2016-04-28T23:56:22+08:00 INFO (6): 
2016-04-28 23:56:22:
此次请求，无需要同步订单！2016-04-28 23:56:22
2016-04-28T23:56:22+08:00 INFO (6): 
2016-04-28 23:56:22:
此次请求，无需要同步订单！2016-04-28 23:56:22
2016-04-28T23:56:22+08:00 INFO (6): 
2016-04-28 23:56:22:
此次请求，无需要同步订单！2016-04-28 23:56:22
2016-04-28T23:56:22+08:00 INFO (6): 
2016-04-28 23:56:22:
此次请求，无需要同步订单！2016-04-28 23:56:22
2016-04-28T23:56:40+08:00 INFO (6): 
2016-04-28 23:56:40:
此次请求，无需要同步订单！2016-04-28 23:56:40
2016-04-28T23:56:40+08:00 INFO (6): 
2016-04-28 23:56:40:
此次请求，无需要同步订单！2016-04-28 23:56:40
2016-04-28T23:56:40+08:00 INFO (6): 
2016-04-28 23:56:40:
此次请求，无需要同步订单！2016-04-28 23:56:40
2016-04-28T23:56:40+08:00 INFO (6): 
2016-04-28 23:56:40:
此次请求，无需要同步订单！2016-04-28 23:56:40
2016-04-28T23:56:40+08:00 INFO (6): 
2016-04-28 23:56:40:
此次请求，无需要同步订单！2016-04-28 23:56:40
2016-04-28T23:56:40+08:00 INFO (6): 
2016-04-28 23:56:40:
此次请求，无需要同步订单！2016-04-28 23:56:40
2016-04-28T23:56:40+08:00 INFO (6): 
2016-04-28 23:56:40:
此次请求，无需要同步订单！2016-04-28 23:56:40
2016-04-28T23:56:41+08:00 INFO (6): 
2016-04-28 23:56:41:
此次请求，无需要同步订单！2016-04-28 23:56:40
2016-04-28T23:56:41+08:00 INFO (6): 
2016-04-28 23:56:41:
此次请求，无需要同步订单！2016-04-28 23:56:41
2016-04-28T23:56:41+08:00 INFO (6): 
2016-04-28 23:56:41:
此次请求，无需要同步订单！2016-04-28 23:56:41
2016-04-28T23:58:27+08:00 INFO (6): 
2016-04-28 23:58:27:
此次请求，无需要同步订单！2016-04-28 23:58:27
2016-04-28T23:58:27+08:00 INFO (6): 
2016-04-28 23:58:27:
此次请求，无需要同步订单！2016-04-28 23:58:27
2016-04-28T23:58:27+08:00 INFO (6): 
2016-04-28 23:58:27:
此次请求，无需要同步订单！2016-04-28 23:58:27
2016-04-28T23:58:27+08:00 INFO (6): 
2016-04-28 23:58:27:
此次请求，无需要同步订单！2016-04-28 23:58:27
2016-04-28T23:58:27+08:00 INFO (6): 
2016-04-28 23:58:27:
此次请求，无需要同步订单！2016-04-28 23:58:27
2016-04-28T23:58:27+08:00 INFO (6): 
2016-04-28 23:58:27:
此次请求，无需要同步订单！2016-04-28 23:58:27
2016-04-28T23:58:27+08:00 INFO (6): 
2016-04-28 23:58:27:
此次请求，无需要同步订单！2016-04-28 23:58:27
2016-04-28T23:58:27+08:00 INFO (6): 
2016-04-28 23:58:27:
此次请求，无需要同步订单！2016-04-28 23:58:27
2016-04-28T23:58:27+08:00 INFO (6): 
2016-04-28 23:58:27:
此次请求，无需要同步订单！2016-04-28 23:58:27
2016-04-28T23:58:27+08:00 INFO (6): 
2016-04-28 23:58:27:
此次请求，无需要同步订单！2016-04-28 23:58:27
2016-04-28T23:59:10+08:00 INFO (6): 
2016-04-28 23:59:10:
此次请求，无需要同步订单！2016-04-28 23:59:10
2016-04-28T23:59:10+08:00 INFO (6): 
2016-04-28 23:59:10:
此次请求，无需要同步订单！2016-04-28 23:59:10
2016-04-28T23:59:10+08:00 INFO (6): 
2016-04-28 23:59:10:
此次请求，无需要同步订单！2016-04-28 23:59:10
2016-04-28T23:59:10+08:00 INFO (6): 
2016-04-28 23:59:10:
此次请求，无需要同步订单！2016-04-28 23:59:10
2016-04-28T23:59:10+08:00 INFO (6): 
2016-04-28 23:59:10:
此次请求，无需要同步订单！2016-04-28 23:59:10
2016-04-28T23:59:10+08:00 INFO (6): 
2016-04-28 23:59:10:
此次请求，无需要同步订单！2016-04-28 23:59:10
2016-04-28T23:59:10+08:00 INFO (6): 
2016-04-28 23:59:10:
此次请求，无需要同步订单！2016-04-28 23:59:10
2016-04-28T23:59:10+08:00 INFO (6): 
2016-04-28 23:59:10:
此次请求，无需要同步订单！2016-04-28 23:59:10
2016-04-28T23:59:10+08:00 INFO (6): 
2016-04-28 23:59:10:
此次请求，无需要同步订单！2016-04-28 23:59:10
2016-04-28T23:59:10+08:00 INFO (6): 
2016-04-28 23:59:10:
此次请求，无需要同步订单！2016-04-28 23:59:10
2016-04-28T23:59:10+08:00 INFO (6): 
2016-04-28 23:59:10:
此次请求，无需要同步订单！2016-04-28 23:59:10
2016-04-28T23:59:23+08:00 INFO (6): 
2016-04-28 23:59:23:
此次请求，无需要同步订单！2016-04-28 23:59:23
2016-04-28T23:59:23+08:00 INFO (6): 
2016-04-28 23:59:23:
此次请求，无需要同步订单！2016-04-28 23:59:23
2016-04-28T23:59:23+08:00 INFO (6): 
2016-04-28 23:59:23:
此次请求，无需要同步订单！2016-04-28 23:59:23
2016-04-28T23:59:23+08:00 INFO (6): 
2016-04-28 23:59:23:
此次请求，无需要同步订单！2016-04-28 23:59:23
2016-04-28T23:59:23+08:00 INFO (6): 
2016-04-28 23:59:23:
此次请求，无需要同步订单！2016-04-28 23:59:23
2016-04-28T23:59:23+08:00 INFO (6): 
2016-04-28 23:59:23:
此次请求，无需要同步订单！2016-04-28 23:59:23
2016-04-28T23:59:23+08:00 INFO (6): 
2016-04-28 23:59:23:
此次请求，无需要同步订单！2016-04-28 23:59:23
2016-04-28T23:59:23+08:00 INFO (6): 
2016-04-28 23:59:23:
此次请求，无需要同步订单！2016-04-28 23:59:23
2016-04-28T23:59:23+08:00 INFO (6): 
2016-04-28 23:59:23:
此次请求，无需要同步订单！2016-04-28 23:59:23
2016-04-28T23:59:23+08:00 INFO (6): 
2016-04-28 23:59:23:
此次请求，无需要同步订单！2016-04-28 23:59:23
2016-04-29T00:00:08+08:00 INFO (6): 
2016-04-29 00:00:08:
此次请求，无需要同步订单！2016-04-29 00:00:08
2016-04-29T00:00:08+08:00 INFO (6): 
2016-04-29 00:00:08:
此次请求，无需要同步订单！2016-04-29 00:00:08
2016-04-29T00:00:08+08:00 INFO (6): 
2016-04-29 00:00:08:
此次请求，无需要同步订单！2016-04-29 00:00:08
2016-04-29T00:00:08+08:00 INFO (6): 
2016-04-29 00:00:08:
此次请求，无需要同步订单！2016-04-29 00:00:08
2016-04-29T00:00:08+08:00 INFO (6): 
2016-04-29 00:00:08:
此次请求，无需要同步订单！2016-04-29 00:00:08
2016-04-29T00:00:08+08:00 INFO (6): 
2016-04-29 00:00:08:
此次请求，无需要同步订单！2016-04-29 00:00:08
2016-04-29T00:00:08+08:00 INFO (6): 
2016-04-29 00:00:08:
此次请求，无需要同步订单！2016-04-29 00:00:08
2016-04-29T00:00:08+08:00 INFO (6): 
2016-04-29 00:00:08:
此次请求，无需要同步订单！2016-04-29 00:00:08
2016-04-29T00:00:08+08:00 INFO (6): 
2016-04-29 00:00:08:
此次请求，无需要同步订单！2016-04-29 00:00:08
2016-04-29T00:00:08+08:00 INFO (6): 
2016-04-29 00:00:08:
此次请求，无需要同步订单！2016-04-29 00:00:08
2016-04-29T00:03:15+08:00 INFO (6): 
2016-04-29 00:03:15:
此次请求，无需要同步订单！2016-04-29 00:03:15
2016-04-29T00:03:15+08:00 INFO (6): 
2016-04-29 00:03:15:
此次请求，无需要同步订单！2016-04-29 00:03:15
2016-04-29T00:03:15+08:00 INFO (6): 
2016-04-29 00:03:15:
此次请求，无需要同步订单！2016-04-29 00:03:15
2016-04-29T00:03:15+08:00 INFO (6): 
2016-04-29 00:03:15:
此次请求，无需要同步订单！2016-04-29 00:03:15
2016-04-29T00:03:15+08:00 INFO (6): 
2016-04-29 00:03:15:
此次请求，无需要同步订单！2016-04-29 00:03:15
2016-04-29T00:03:15+08:00 INFO (6): 
2016-04-29 00:03:15:
此次请求，无需要同步订单！2016-04-29 00:03:15
2016-04-29T00:03:15+08:00 INFO (6): 
2016-04-29 00:03:15:
此次请求，无需要同步订单！2016-04-29 00:03:15
2016-04-29T00:03:15+08:00 INFO (6): 
2016-04-29 00:03:15:
此次请求，无需要同步订单！2016-04-29 00:03:15
2016-04-29T00:03:15+08:00 INFO (6): 
2016-04-29 00:03:15:
此次请求，无需要同步订单！2016-04-29 00:03:15
2016-04-29T00:03:15+08:00 INFO (6): 
2016-04-29 00:03:15:
此次请求，无需要同步订单！2016-04-29 00:03:15
2016-04-29T10:30:12+08:00 INFO (6): 
2016-04-29 10:30:12:
此次请求，无需要同步订单！2016-04-29 10:30:12
2016-04-29T10:30:12+08:00 INFO (6): 
2016-04-29 10:30:12:
此次请求，无需要同步订单！2016-04-29 10:30:12
2016-04-29T10:30:12+08:00 INFO (6): 
2016-04-29 10:30:12:
此次请求，无需要同步订单！2016-04-29 10:30:12
2016-04-29T10:30:12+08:00 INFO (6): 
2016-04-29 10:30:12:
此次请求，无需要同步订单！2016-04-29 10:30:12
2016-04-29T10:30:12+08:00 INFO (6): 
2016-04-29 10:30:12:
此次请求，无需要同步订单！2016-04-29 10:30:12
2016-04-29T10:30:12+08:00 INFO (6): 
2016-04-29 10:30:12:
此次请求，无需要同步订单！2016-04-29 10:30:12
2016-04-29T10:30:12+08:00 INFO (6): 
2016-04-29 10:30:12:
此次请求，无需要同步订单！2016-04-29 10:30:12
2016-04-29T10:30:12+08:00 INFO (6): 
2016-04-29 10:30:12:
此次请求，无需要同步订单！2016-04-29 10:30:12
2016-04-29T10:30:12+08:00 INFO (6): 
2016-04-29 10:30:12:
此次请求，无需要同步订单！2016-04-29 10:30:12
2016-04-29T10:30:12+08:00 INFO (6): 
2016-04-29 10:30:12:
此次请求，无需要同步订单！2016-04-29 10:30:12
2016-04-29T11:15:18+08:00 INFO (6): 
2016-04-29 11:15:18:
此次请求，无需要同步订单！2016-04-29 11:15:18
2016-04-29T11:15:18+08:00 INFO (6): 
2016-04-29 11:15:18:
此次请求，无需要同步订单！2016-04-29 11:15:18
2016-04-29T11:15:18+08:00 INFO (6): 
2016-04-29 11:15:18:
此次请求，无需要同步订单！2016-04-29 11:15:18
2016-04-29T11:15:18+08:00 INFO (6): 
2016-04-29 11:15:18:
此次请求，无需要同步订单！2016-04-29 11:15:18
2016-04-29T11:15:18+08:00 INFO (6): 
2016-04-29 11:15:18:
此次请求，无需要同步订单！2016-04-29 11:15:18
2016-04-29T11:15:18+08:00 INFO (6): 
2016-04-29 11:15:18:
此次请求，无需要同步订单！2016-04-29 11:15:18
2016-04-29T11:15:18+08:00 INFO (6): 
2016-04-29 11:15:18:
此次请求，无需要同步订单！2016-04-29 11:15:18
2016-04-29T11:15:18+08:00 INFO (6): 
2016-04-29 11:15:18:
此次请求，无需要同步订单！2016-04-29 11:15:18
2016-04-29T11:15:18+08:00 INFO (6): 
2016-04-29 11:15:18:
此次请求，无需要同步订单！2016-04-29 11:15:18
2016-04-29T11:15:18+08:00 INFO (6): 
2016-04-29 11:15:18:
此次请求，无需要同步订单！2016-04-29 11:15:18
2016-04-29T13:51:18+08:00 INFO (6): 
2016-04-29 13:51:18:
此次请求，无需要同步订单！2016-04-29 13:51:17
2016-04-29T13:51:18+08:00 INFO (6): 
2016-04-29 13:51:18:
此次请求，无需要同步订单！2016-04-29 13:51:18
2016-04-29T13:51:18+08:00 INFO (6): 
2016-04-29 13:51:18:
此次请求，无需要同步订单！2016-04-29 13:51:18
2016-04-29T13:51:18+08:00 INFO (6): 
2016-04-29 13:51:18:
此次请求，无需要同步订单！2016-04-29 13:51:18
2016-04-29T13:51:18+08:00 INFO (6): 
2016-04-29 13:51:18:
此次请求，无需要同步订单！2016-04-29 13:51:18
2016-04-29T13:51:18+08:00 INFO (6): 
2016-04-29 13:51:18:
此次请求，无需要同步订单！2016-04-29 13:51:18
2016-04-29T13:51:18+08:00 INFO (6): 
2016-04-29 13:51:18:
此次请求，无需要同步订单！2016-04-29 13:51:18
2016-04-29T13:51:18+08:00 INFO (6): 
2016-04-29 13:51:18:
此次请求，无需要同步订单！2016-04-29 13:51:18
2016-04-29T13:51:18+08:00 INFO (6): 
2016-04-29 13:51:18:
此次请求，无需要同步订单！2016-04-29 13:51:18
2016-04-29T13:51:18+08:00 INFO (6): 
2016-04-29 13:51:18:
此次请求，无需要同步订单！2016-04-29 13:51:18
2016-04-29T14:34:28+08:00 INFO (6): 
2016-04-29 14:34:28:
此次请求，无需要同步订单！2016-04-29 14:34:28
2016-04-29T14:34:29+08:00 INFO (6): 
2016-04-29 14:34:29:
此次请求，无需要同步订单！2016-04-29 14:34:29
2016-04-29T14:34:29+08:00 INFO (6): 
2016-04-29 14:34:29:
此次请求，无需要同步订单！2016-04-29 14:34:29
2016-04-29T14:34:29+08:00 INFO (6): 
2016-04-29 14:34:29:
此次请求，无需要同步订单！2016-04-29 14:34:29
2016-04-29T14:34:29+08:00 INFO (6): 
2016-04-29 14:34:29:
此次请求，无需要同步订单！2016-04-29 14:34:29
2016-04-29T14:34:29+08:00 INFO (6): 
2016-04-29 14:34:29:
此次请求，无需要同步订单！2016-04-29 14:34:29
2016-04-29T14:34:29+08:00 INFO (6): 
2016-04-29 14:34:29:
此次请求，无需要同步订单！2016-04-29 14:34:29
2016-04-29T14:34:29+08:00 INFO (6): 
2016-04-29 14:34:29:
此次请求，无需要同步订单！2016-04-29 14:34:29
2016-04-29T14:34:29+08:00 INFO (6): 
2016-04-29 14:34:29:
此次请求，无需要同步订单！2016-04-29 14:34:29
2016-04-29T14:34:29+08:00 INFO (6): 
2016-04-29 14:34:29:
此次请求，无需要同步订单！2016-04-29 14:34:29
2016-05-13T18:13:16+08:00 INFO (6): 
2016-05-13 18:13:16:
此次请求，无需要同步订单！2016-05-13 18:13:16
2016-05-13T18:13:54+08:00 INFO (6): 
2016-05-13 18:13:54:
此次请求，无需要同步订单！2016-05-13 18:13:54
2016-05-13T18:13:55+08:00 INFO (6): 
2016-05-13 18:13:55:
此次请求，无需要同步订单！2016-05-13 18:13:55
2016-05-13T18:13:55+08:00 INFO (6): 
2016-05-13 18:13:55:
此次请求，无需要同步订单！2016-05-13 18:13:55
2016-05-13T18:13:59+08:00 INFO (6): 
2016-05-13 18:13:59:
此次请求，无需要同步订单！2016-05-13 18:13:59
2016-05-13T18:13:59+08:00 INFO (6): 
2016-05-13 18:13:59:
此次请求，无需要同步订单！2016-05-13 18:13:59
2016-05-13T18:14:12+08:00 INFO (6): 
2016-05-13 18:14:12:
此次请求，无需要同步订单！2016-05-13 18:14:12
2016-05-13T18:14:21+08:00 INFO (6): 
2016-05-13 18:14:21:
此次请求，无需要同步订单！2016-05-13 18:14:21
2016-05-13T18:14:49+08:00 INFO (6): 
2016-05-13 18:14:49:
此次请求，无需要同步订单！2016-05-13 18:14:49
2016-05-13T18:14:49+08:00 INFO (6): 
2016-05-13 18:14:49:
此次请求，无需要同步订单！2016-05-13 18:14:49
2016-05-13T18:14:55+08:00 INFO (6): 
2016-05-13 18:14:55:
此次请求，无需要同步订单！2016-05-13 18:14:55
2016-05-13T18:14:59+08:00 INFO (6): 
2016-05-13 18:14:59:
此次请求，无需要同步订单！2016-05-13 18:14:59
2016-05-13T18:16:00+08:00 INFO (6): 
2016-05-13 18:16:00:
此次请求，无需要同步订单！2016-05-13 18:16:00
2016-05-13T18:16:28+08:00 INFO (6): 
2016-05-13 18:16:28:
此次请求，无需要同步订单！2016-05-13 18:16:28
2016-05-13T18:16:28+08:00 INFO (6): 
2016-05-13 18:16:28:
此次请求，无需要同步订单！2016-05-13 18:16:28
2016-05-13T18:16:32+08:00 INFO (6): 
2016-05-13 18:16:32:
此次请求，无需要同步订单！2016-05-13 18:16:32
2016-05-13T18:16:33+08:00 INFO (6): 
2016-05-13 18:16:33:
此次请求，无需要同步订单！2016-05-13 18:16:33
2016-05-13T18:16:39+08:00 INFO (6): 
2016-05-13 18:16:39:
此次请求，无需要同步订单！2016-05-13 18:16:39
2016-05-13T18:20:36+08:00 INFO (6): 
2016-05-13 18:20:36:
同步未知异常，订单号：YT161231200004异常信息：订单不存在
2016-05-13T18:20:36+08:00 INFO (6): 
2016-05-13 18:20:36:
同步未知异常，订单号：YT161231200003异常信息：订单不存在
2016-05-13T18:20:59+08:00 INFO (6): 
2016-05-13 18:20:59:
同步未知异常，订单号：YT161231200004异常信息：订单不存在
2016-05-13T18:21:01+08:00 INFO (6): 
2016-05-13 18:21:01:
同步未知异常，订单号：YT161301200006异常信息：订单不存在
2016-05-13T18:21:04+08:00 INFO (6): 
2016-05-13 18:21:04:
同步未知异常，订单号：YT161301200007异常信息：订单不存在
2016-05-13T18:21:04+08:00 INFO (6): 
2016-05-13 18:21:04:
同步未知异常，订单号：YT161311200001异常信息：订单不存在
2016-05-13T18:21:05+08:00 INFO (6): 
2016-05-13 18:21:05:
同步未知异常，订单号：YT161301200008异常信息：订单不存在
2016-05-13T18:25:02+08:00 INFO (6): 
2016-05-13 18:25:02:
同步未知异常，订单号：YT161231200003异常信息：订单不存在
2016-05-13T18:26:23+08:00 INFO (6): 
2016-05-13 18:26:23:
此次请求，无需要同步订单！2016-05-13 18:26:23
2016-05-13T18:52:03+08:00 INFO (6): 
2016-05-13 18:52:03:
同步未知异常，订单号：YT161231200003异常信息：订单不存在
2016-05-14T09:28:27+08:00 INFO (6): 
2016-05-14 09:28:27:
同步未知异常，订单号：YT161301200008异常信息：订单不存在
2016-05-14T09:28:27+08:00 INFO (6): 
2016-05-14 09:28:27:
同步未知异常，订单号：YT161301200007异常信息：订单不存在
2016-05-14T09:28:34+08:00 INFO (6): 
2016-05-14 09:28:34:
同步未知异常，订单号：YT161301200005异常信息：订单不存在
2016-05-14T09:28:34+08:00 INFO (6): 
2016-05-14 09:28:34:
同步未知异常，订单号：YT161311200001异常信息：订单不存在
2016-05-14T09:31:49+08:00 INFO (6): 
2016-05-14 09:31:49:
同步未知异常，订单号：YT161301200007异常信息：订单不存在
2016-05-14T09:31:49+08:00 INFO (6): 
2016-05-14 09:31:49:
同步未知异常，订单号：YT161331200038异常信息：订单不存在
2016-05-14T09:31:49+08:00 INFO (6): 
2016-05-14 09:31:49:
同步未知异常，订单号：YT161341200001异常信息：订单不存在
2016-05-14T09:31:49+08:00 INFO (6): 
2016-05-14 09:31:49:
同步未知异常，订单号：YT161321200005异常信息：订单不存在
2016-05-14T09:31:49+08:00 INFO (6): 
2016-05-14 09:31:49:
同步未知异常，订单号：YT161231200005异常信息：订单不存在
2016-05-14T09:31:49+08:00 INFO (6): 
2016-05-14 09:31:49:
同步未知异常，订单号：YT161321200013异常信息：订单不存在
2016-05-14T09:31:49+08:00 INFO (6): 
2016-05-14 09:31:49:
同步未知异常，订单号：YT161321200002异常信息：订单不存在
2016-05-14T09:31:49+08:00 INFO (6): 
2016-05-14 09:31:49:
同步未知异常，订单号：YT161321200001异常信息：订单不存在
2016-05-14T09:31:49+08:00 INFO (6): 
2016-05-14 09:31:49:
同步未知异常，订单号：YT161301200001异常信息：订单不存在
2016-05-14T09:31:49+08:00 INFO (6): 
2016-05-14 09:31:49:
同步未知异常，订单号：YT161331200018异常信息：订单不存在
2016-05-14T09:31:49+08:00 INFO (6): 
2016-05-14 09:31:49:
同步未知异常，订单号：YT161231200003异常信息：订单不存在
2016-05-14T09:31:49+08:00 INFO (6): 
2016-05-14 09:31:49:
同步未知异常，订单号：YT161291200003异常信息：订单不存在
2016-05-14T09:31:49+08:00 INFO (6): 
2016-05-14 09:31:49:
同步未知异常，订单号：YT161301200009异常信息：订单不存在
2016-05-14T09:31:49+08:00 INFO (6): 
2016-05-14 09:31:49:
同步未知异常，订单号：YT161291200007异常信息：订单不存在
2016-05-14T09:31:49+08:00 INFO (6): 
2016-05-14 09:31:49:
同步未知异常，订单号：YT161331200005异常信息：订单不存在
2016-05-14T09:31:49+08:00 INFO (6): 
2016-05-14 09:31:49:
同步未知异常，订单号：YT161331200014异常信息：订单不存在
2016-05-14T09:31:49+08:00 INFO (6): 
2016-05-14 09:31:49:
同步未知异常，订单号：YT161301200003异常信息：订单不存在
2016-05-14T09:31:49+08:00 INFO (6): 
2016-05-14 09:31:49:
同步未知异常，订单号：YT161331200002异常信息：订单不存在
2016-05-14T09:31:49+08:00 INFO (6): 
2016-05-14 09:31:49:
同步未知异常，订单号：YT161291200006异常信息：订单不存在
2016-05-14T09:31:49+08:00 INFO (6): 
2016-05-14 09:31:49:
同步未知异常，订单号：YT161331200008异常信息：订单不存在
2016-05-14T09:31:49+08:00 INFO (6): 
2016-05-14 09:31:49:
同步未知异常，订单号：YT161331200012异常信息：订单不存在
2016-05-14T09:31:49+08:00 INFO (6): 
2016-05-14 09:31:49:
同步未知异常，订单号：YT161291200001异常信息：订单不存在
2016-05-14T09:31:49+08:00 INFO (6): 
2016-05-14 09:31:49:
同步未知异常，订单号：YT161331200020异常信息：订单不存在
2016-05-14T09:31:49+08:00 INFO (6): 
2016-05-14 09:31:49:
同步未知异常，订单号：YT161321200011异常信息：订单不存在
2016-05-14T09:31:49+08:00 INFO (6): 
2016-05-14 09:31:49:
同步未知异常，订单号：YT161301200005异常信息：订单不存在
2016-05-14T09:31:49+08:00 INFO (6): 
2016-05-14 09:31:49:
同步未知异常，订单号：YT161291200005异常信息：订单不存在
2016-05-14T09:31:49+08:00 INFO (6): 
2016-05-14 09:31:49:
同步未知异常，订单号：YT161291200004异常信息：订单不存在
2016-05-14T09:31:49+08:00 INFO (6): 
2016-05-14 09:31:49:
同步未知异常，订单号：YT161321200001异常信息：订单不存在
2016-05-14T09:31:49+08:00 INFO (6): 
2016-05-14 09:31:49:
同步未知异常，订单号：YT161191200023异常信息：订单不存在
2016-05-14T09:31:49+08:00 INFO (6): 
2016-05-14 09:31:49:
同步未知异常，订单号：YT161321200002异常信息：订单不存在
2016-05-14T09:31:49+08:00 INFO (6): 
2016-05-14 09:31:49:
同步未知异常，订单号：YT161331200017异常信息：订单不存在
2016-05-14T09:31:49+08:00 INFO (6): 
2016-05-14 09:31:49:
同步未知异常，订单号：YT161331200015异常信息：订单不存在
2016-05-14T09:31:49+08:00 INFO (6): 
2016-05-14 09:31:49:
同步未知异常，订单号：YT161231200006异常信息：订单不存在
2016-05-14T09:31:49+08:00 INFO (6): 
2016-05-14 09:31:49:
同步未知异常，订单号：YT161331200034异常信息：订单不存在
2016-05-14T09:31:49+08:00 INFO (6): 
2016-05-14 09:31:49:
同步未知异常，订单号：YT161291200003异常信息：订单不存在
2016-05-14T09:31:49+08:00 INFO (6): 
2016-05-14 09:31:49:
同步未知异常，订单号：YT161331200038异常信息：订单不存在
2016-05-14T09:31:49+08:00 INFO (6): 
2016-05-14 09:31:49:
同步未知异常，订单号：YT161331200005异常信息：订单不存在
2016-05-14T09:31:49+08:00 INFO (6): 
2016-05-14 09:31:49:
同步未知异常，订单号：YT161301200003异常信息：订单不存在
2016-05-14T09:31:49+08:00 INFO (6): 
2016-05-14 09:31:49:
同步未知异常，订单号：YT161331200022异常信息：订单不存在
2016-05-14T09:31:49+08:00 INFO (6): 
2016-05-14 09:31:49:
同步未知异常，订单号：YT161301200008异常信息：订单不存在
2016-05-14T09:31:49+08:00 INFO (6): 
2016-05-14 09:31:49:
同步未知异常，订单号：YT161331200014异常信息：订单不存在
2016-05-14T09:31:49+08:00 INFO (6): 
2016-05-14 09:31:49:
同步未知异常，订单号：YT161301200005异常信息：订单不存在
2016-05-14T09:31:49+08:00 INFO (6): 
2016-05-14 09:31:49:
同步未知异常，订单号：YT161311200001异常信息：订单不存在
2016-05-14T09:31:49+08:00 INFO (6): 
2016-05-14 09:31:49:
同步未知异常，订单号：YT161321200001异常信息：订单不存在
2016-05-14T09:31:49+08:00 INFO (6): 
2016-05-14 09:31:49:
同步未知异常，订单号：YT161331200008异常信息：订单不存在
2016-05-14T09:31:49+08:00 INFO (6): 
2016-05-14 09:31:49:
同步未知异常，订单号：YT161331200023异常信息：订单不存在
2016-05-14T09:31:49+08:00 INFO (6): 
2016-05-14 09:31:49:
同步未知异常，订单号：YT161321200013异常信息：订单不存在
2016-05-14T09:31:49+08:00 INFO (6): 
2016-05-14 09:31:49:
同步未知异常，订单号：YT161331200017异常信息：订单不存在
2016-05-14T09:31:49+08:00 INFO (6): 
2016-05-14 09:31:49:
同步未知异常，订单号：YT161231200006异常信息：订单不存在
2016-05-14T09:31:49+08:00 INFO (6): 
2016-05-14 09:31:49:
同步未知异常，订单号：YT161341200001异常信息：订单不存在
2016-05-14T09:31:49+08:00 INFO (6): 
2016-05-14 09:31:49:
同步未知异常，订单号：YT161321200002异常信息：订单不存在
2016-05-14T09:31:49+08:00 INFO (6): 
2016-05-14 09:31:49:
同步未知异常，订单号：YT161291200007异常信息：订单不存在
2016-05-14T09:31:49+08:00 INFO (6): 
2016-05-14 09:31:49:
同步未知异常，订单号：YT161301200007异常信息：订单不存在
2016-05-14T09:31:49+08:00 INFO (6): 
2016-05-14 09:31:49:
同步未知异常，订单号：YT161301200001异常信息：订单不存在
2016-05-14T09:31:49+08:00 INFO (6): 
2016-05-14 09:31:49:
同步未知异常，订单号：YT161231200003异常信息：订单不存在
2016-05-14T09:31:49+08:00 INFO (6): 
2016-05-14 09:31:49:
同步未知异常，订单号：YT161331200012异常信息：订单不存在
2016-05-14T09:31:49+08:00 INFO (6): 
2016-05-14 09:31:49:
同步未知异常，订单号：YT161301200006异常信息：订单不存在
2016-05-14T09:31:50+08:00 INFO (6): 
2016-05-14 09:31:50:
同步未知异常，订单号：YT161321200011异常信息：订单不存在
2016-05-14T09:31:50+08:00 INFO (6): 
2016-05-14 09:31:50:
同步未知异常，订单号：YT161321200005异常信息：订单不存在
2016-05-14T09:31:50+08:00 INFO (6): 
2016-05-14 09:31:50:
同步未知异常，订单号：YT161331200039异常信息：订单不存在
2016-05-14T09:31:51+08:00 INFO (6): 
2016-05-14 09:31:51:
同步未知异常，订单号：YT161301200001异常信息：订单不存在
2016-05-14T09:31:51+08:00 INFO (6): 
2016-05-14 09:31:51:
同步未知异常，订单号：YT161301200007异常信息：订单不存在
2016-05-14T09:31:51+08:00 INFO (6): 
2016-05-14 09:31:51:
同步未知异常，订单号：YT161331200015异常信息：订单不存在
2016-05-14T09:31:51+08:00 INFO (6): 
2016-05-14 09:31:51:
同步未知异常，订单号：YT161331200013异常信息：订单不存在
2016-05-14T09:31:51+08:00 INFO (6): 
2016-05-14 09:31:51:
同步未知异常，订单号：YT161231200004异常信息：订单不存在
2016-05-14T09:31:51+08:00 INFO (6): 
2016-05-14 09:31:51:
同步未知异常，订单号：YT161291200005异常信息：订单不存在
2016-05-14T09:31:51+08:00 INFO (6): 
2016-05-14 09:31:51:
同步未知异常，订单号：YT161331200018异常信息：订单不存在
2016-05-14T09:31:51+08:00 INFO (6): 
2016-05-14 09:31:51:
同步未知异常，订单号：YT161331200034异常信息：订单不存在
2016-05-14T09:31:51+08:00 INFO (6): 
2016-05-14 09:31:51:
同步未知异常，订单号：YT161331200008异常信息：订单不存在
2016-05-14T09:31:51+08:00 INFO (6): 
2016-05-14 09:31:51:
同步未知异常，订单号：YT161321200011异常信息：订单不存在
2016-05-14T09:31:51+08:00 INFO (6): 
2016-05-14 09:31:51:
同步未知异常，订单号：YT161301200003异常信息：订单不存在
2016-05-14T09:31:51+08:00 INFO (6): 
2016-05-14 09:31:51:
同步未知异常，订单号：YT161191200023异常信息：订单不存在
2016-05-14T09:31:51+08:00 INFO (6): 
2016-05-14 09:31:51:
同步未知异常，订单号：YT161331200005异常信息：订单不存在
2016-05-14T09:31:51+08:00 INFO (6): 
2016-05-14 09:31:51:
同步未知异常，订单号：YT161321200010异常信息：订单不存在
2016-05-14T09:31:51+08:00 INFO (6): 
2016-05-14 09:31:51:
同步未知异常，订单号：YT161291200006异常信息：订单不存在
2016-05-14T09:31:51+08:00 INFO (6): 
2016-05-14 09:31:51:
同步未知异常，订单号：YT161321200003异常信息：订单不存在
2016-05-14T09:31:51+08:00 INFO (6): 
2016-05-14 09:31:51:
同步未知异常，订单号：YT161331200038异常信息：订单不存在
2016-05-14T09:31:51+08:00 INFO (6): 
2016-05-14 09:31:51:
同步未知异常，订单号：YT161331200025异常信息：订单不存在
2016-05-14T09:31:51+08:00 INFO (6): 
2016-05-14 09:31:51:
同步未知异常，订单号：YT161231200005异常信息：订单不存在
2016-05-14T09:31:51+08:00 INFO (6): 
2016-05-14 09:31:51:
同步未知异常，订单号：YT161331200014异常信息：订单不存在
2016-05-14T09:31:51+08:00 INFO (6): 
2016-05-14 09:31:51:
同步未知异常，订单号：YT161331200034异常信息：订单不存在
2016-05-14T09:31:51+08:00 INFO (6): 
2016-05-14 09:31:51:
同步未知异常，订单号：YT161321200001异常信息：订单不存在
2016-05-14T09:31:51+08:00 INFO (6): 
2016-05-14 09:31:51:
同步未知异常，订单号：YT161231200006异常信息：订单不存在
2016-05-14T09:31:51+08:00 INFO (6): 
2016-05-14 09:31:51:
同步未知异常，订单号：YT161301200005异常信息：订单不存在
2016-05-14T09:31:51+08:00 INFO (6): 
2016-05-14 09:31:51:
同步未知异常，订单号：YT161331200022异常信息：订单不存在
2016-05-14T09:31:51+08:00 INFO (6): 
2016-05-14 09:31:51:
同步未知异常，订单号：YT161331200014异常信息：订单不存在
2016-05-14T09:31:51+08:00 INFO (6): 
2016-05-14 09:31:51:
同步未知异常，订单号：YT161331200016异常信息：订单不存在
2016-05-14T09:31:51+08:00 INFO (6): 
2016-05-14 09:31:51:
同步未知异常，订单号：YT161291200003异常信息：订单不存在
2016-05-14T09:31:51+08:00 INFO (6): 
2016-05-14 09:31:51:
同步未知异常，订单号：YT161321200005异常信息：订单不存在
2016-05-14T09:31:51+08:00 INFO (6): 
2016-05-14 09:31:51:
同步未知异常，订单号：YT161301200009异常信息：订单不存在
2016-05-14T09:31:51+08:00 INFO (6): 
2016-05-14 09:31:51:
同步未知异常，订单号：YT161231200007异常信息：订单不存在
2016-05-14T09:31:51+08:00 INFO (6): 
2016-05-14 09:31:51:
同步未知异常，订单号：YT161331200005异常信息：订单不存在
2016-05-14T09:31:51+08:00 INFO (6): 
2016-05-14 09:31:51:
同步未知异常，订单号：YT161331200038异常信息：订单不存在
2016-05-14T09:31:52+08:00 INFO (6): 
2016-05-14 09:31:52:
同步未知异常，订单号：YT161291200004异常信息：订单不存在
2016-05-14T09:31:52+08:00 INFO (6): 
2016-05-14 09:31:52:
同步未知异常，订单号：YT161291200001异常信息：订单不存在
2016-05-14T09:31:52+08:00 INFO (6): 
2016-05-14 09:31:52:
同步未知异常，订单号：YT161331200018异常信息：订单不存在
2016-05-14T09:31:52+08:00 INFO (6): 
2016-05-14 09:31:52:
同步未知异常，订单号：YT161321200010异常信息：订单不存在
2016-05-14T09:31:52+08:00 INFO (6): 
2016-05-14 09:31:52:
同步未知异常，订单号：YT161331200001异常信息：订单不存在
2016-05-14T09:31:52+08:00 INFO (6): 
2016-05-14 09:31:52:
同步未知异常，订单号：YT161331200020异常信息：订单不存在
2016-05-14T09:31:52+08:00 INFO (6): 
2016-05-14 09:31:52:
同步未知异常，订单号：YT161311200001异常信息：订单不存在
2016-05-14T09:31:52+08:00 INFO (6): 
2016-05-14 09:31:52:
同步未知异常，订单号：YT161231200004异常信息：订单不存在
2016-05-14T09:31:52+08:00 INFO (6): 
2016-05-14 09:31:52:
同步未知异常，订单号：YT161321200005异常信息：订单不存在
2016-05-14T09:31:52+08:00 INFO (6): 
2016-05-14 09:31:52:
同步未知异常，订单号：YT161331200016异常信息：订单不存在
2016-05-14T09:31:52+08:00 INFO (6): 
2016-05-14 09:31:52:
同步未知异常，订单号：YT161291200003异常信息：订单不存在
2016-05-14T09:31:52+08:00 INFO (6): 
2016-05-14 09:31:52:
同步未知异常，订单号：YT161231200006异常信息：订单不存在
2016-05-14T09:31:52+08:00 INFO (6): 
2016-05-14 09:31:52:
同步未知异常，订单号：YT161291200004异常信息：订单不存在
2016-05-14T09:31:52+08:00 INFO (6): 
2016-05-14 09:31:52:
同步未知异常，订单号：YT161291200001异常信息：订单不存在
2016-05-14T09:31:52+08:00 INFO (6): 
2016-05-14 09:31:52:
同步未知异常，订单号：YT161331200001异常信息：订单不存在
2016-05-14T09:31:52+08:00 INFO (6): 
2016-05-14 09:31:52:
同步未知异常，订单号：YT161331200017异常信息：订单不存在
2016-05-14T09:31:52+08:00 INFO (6): 
2016-05-14 09:31:52:
同步未知异常，订单号：YT161331200014异常信息：订单不存在
2016-05-14T09:31:52+08:00 INFO (6): 
2016-05-14 09:31:52:
同步未知异常，订单号：YT161231200003异常信息：订单不存在
2016-05-14T09:31:52+08:00 INFO (6): 
2016-05-14 09:31:52:
同步未知异常，订单号：YT161331200008异常信息：订单不存在
2016-05-14T09:31:52+08:00 INFO (6): 
2016-05-14 09:31:52:
同步未知异常，订单号：YT161291200005异常信息：订单不存在
2016-05-14T09:31:52+08:00 INFO (6): 
2016-05-14 09:31:52:
同步未知异常，订单号：YT161291200007异常信息：订单不存在
2016-05-14T09:31:52+08:00 INFO (6): 
2016-05-14 09:31:52:
同步未知异常，订单号：YT161311200001异常信息：订单不存在
2016-05-14T09:31:52+08:00 INFO (6): 
2016-05-14 09:31:52:
同步未知异常，订单号：YT161331200038异常信息：订单不存在
2016-05-14T09:31:52+08:00 INFO (6): 
2016-05-14 09:31:52:
同步未知异常，订单号：YT161331200002异常信息：订单不存在
2016-05-14T09:31:52+08:00 INFO (6): 
2016-05-14 09:31:52:
同步未知异常，订单号：YT161331200013异常信息：订单不存在
2016-05-14T09:31:52+08:00 INFO (6): 
2016-05-14 09:31:52:
同步未知异常，订单号：YT161331200018异常信息：订单不存在
2016-05-14T09:31:52+08:00 INFO (6): 
2016-05-14 09:31:52:
同步未知异常，订单号：YT161331200005异常信息：订单不存在
2016-05-14T09:32:20+08:00 INFO (6): 
2016-05-14 09:32:20:
同步未知异常，订单号：YT161301200006异常信息：订单不存在
2016-05-14T09:32:21+08:00 INFO (6): 
2016-05-14 09:32:21:
同步未知异常，订单号：YT161331200034异常信息：订单不存在
2016-05-14T09:32:21+08:00 INFO (6): 
2016-05-14 09:32:21:
同步未知异常，订单号：YT161331200013异常信息：订单不存在
2016-05-14T09:32:21+08:00 INFO (6): 
2016-05-14 09:32:21:
同步未知异常，订单号：YT161301200005异常信息：订单不存在
2016-05-14T09:32:21+08:00 INFO (6): 
2016-05-14 09:32:21:
同步未知异常，订单号：YT161301200009异常信息：订单不存在
2016-05-14T09:32:22+08:00 INFO (6): 
2016-05-14 09:32:22:
同步未知异常，订单号：YT161321200010异常信息：订单不存在
2016-05-14T09:32:22+08:00 INFO (6): 
2016-05-14 09:32:22:
同步未知异常，订单号：YT161331200015异常信息：订单不存在
2016-05-14T09:32:22+08:00 INFO (6): 
2016-05-14 09:32:22:
同步未知异常，订单号：YT161291200006异常信息：订单不存在
2016-05-14T09:32:22+08:00 INFO (6): 
2016-05-14 09:32:22:
同步未知异常，订单号：YT161331200025异常信息：订单不存在
2016-05-14T09:32:23+08:00 INFO (6): 
2016-05-14 09:32:23:
同步未知异常，订单号：YT161231200005异常信息：订单不存在
2016-05-14T09:32:23+08:00 INFO (6): 
2016-05-14 09:32:23:
同步未知异常，订单号：YT161331200001异常信息：订单不存在
2016-05-14T09:32:23+08:00 INFO (6): 
2016-05-14 09:32:23:
同步未知异常，订单号：YT161331200008异常信息：订单不存在
2016-05-14T09:32:23+08:00 INFO (6): 
2016-05-14 09:32:23:
同步未知异常，订单号：YT161231200007异常信息：订单不存在
2016-05-14T09:32:24+08:00 INFO (6): 
2016-05-14 09:32:24:
同步未知异常，订单号：YT161331200038异常信息：订单不存在
2016-05-14T09:32:24+08:00 INFO (6): 
2016-05-14 09:32:24:
同步未知异常，订单号：YT161291200001异常信息：订单不存在
2016-05-14T09:32:24+08:00 INFO (6): 
2016-05-14 09:32:24:
同步未知异常，订单号：YT161331200023异常信息：订单不存在
2016-05-14T09:32:24+08:00 INFO (6): 
2016-05-14 09:32:24:
同步未知异常，订单号：YT161301200003异常信息：订单不存在
2016-05-14T09:32:25+08:00 INFO (6): 
2016-05-14 09:32:25:
同步未知异常，订单号：YT161321200001异常信息：订单不存在
2016-05-14T09:32:25+08:00 INFO (6): 
2016-05-14 09:32:25:
同步未知异常，订单号：YT161291200004异常信息：订单不存在
2016-05-14T09:32:25+08:00 INFO (6): 
2016-05-14 09:32:25:
同步未知异常，订单号：YT161231200004异常信息：订单不存在
2016-05-14T09:32:25+08:00 INFO (6): 
2016-05-14 09:32:25:
同步未知异常，订单号：YT161321200003异常信息：订单不存在
2016-05-14T09:32:26+08:00 INFO (6): 
2016-05-14 09:32:26:
同步未知异常，订单号：YT161231200006异常信息：订单不存在
2016-05-14T09:32:26+08:00 INFO (6): 
2016-05-14 09:32:26:
同步未知异常，订单号：YT161301200007异常信息：订单不存在
2016-05-14T09:32:26+08:00 INFO (6): 
2016-05-14 09:32:26:
同步未知异常，订单号：YT161331200014异常信息：订单不存在
2016-05-14T09:32:26+08:00 INFO (6): 
2016-05-14 09:32:26:
同步未知异常，订单号：YT161331200018异常信息：订单不存在
2016-05-14T09:32:27+08:00 INFO (6): 
2016-05-14 09:32:27:
同步未知异常，订单号：YT161321200005异常信息：订单不存在
2016-05-14T09:32:27+08:00 INFO (6): 
2016-05-14 09:32:27:
同步未知异常，订单号：YT161331200008异常信息：订单不存在
2016-05-14T09:32:27+08:00 INFO (6): 
2016-05-14 09:32:27:
同步未知异常，订单号：YT161301200003异常信息：订单不存在
2016-05-14T09:32:27+08:00 INFO (6): 
2016-05-14 09:32:27:
同步未知异常，订单号：YT161231200005异常信息：订单不存在
2016-05-14T09:32:28+08:00 INFO (6): 
2016-05-14 09:32:28:
同步未知异常，订单号：YT161331200002异常信息：订单不存在
2016-05-14T09:32:28+08:00 INFO (6): 
2016-05-14 09:32:28:
同步未知异常，订单号：YT161191200023异常信息：订单不存在
2016-05-14T09:32:28+08:00 INFO (6): 
2016-05-14 09:32:28:
同步未知异常，订单号：YT161301200005异常信息：订单不存在
2016-05-14T09:32:28+08:00 INFO (6): 
2016-05-14 09:32:28:
同步未知异常，订单号：YT161331200022异常信息：订单不存在
2016-05-14T09:32:29+08:00 INFO (6): 
2016-05-14 09:32:29:
同步未知异常，订单号：YT161231200003异常信息：订单不存在
2016-05-14T09:32:29+08:00 INFO (6): 
2016-05-14 09:32:29:
同步未知异常，订单号：YT161331200023异常信息：订单不存在
2016-05-14T09:32:29+08:00 INFO (6): 
2016-05-14 09:32:29:
同步未知异常，订单号：YT161321200002异常信息：订单不存在
2016-05-14T09:32:29+08:00 INFO (6): 
2016-05-14 09:32:29:
同步未知异常，订单号：YT161331200020异常信息：订单不存在
2016-05-14T09:32:30+08:00 INFO (6): 
2016-05-14 09:32:30:
同步未知异常，订单号：YT161301200009异常信息：订单不存在
2016-05-14T09:32:30+08:00 INFO (6): 
2016-05-14 09:32:30:
同步未知异常，订单号：YT161321200013异常信息：订单不存在
2016-05-14T09:32:30+08:00 INFO (6): 
2016-05-14 09:32:30:
同步未知异常，订单号：YT161331200039异常信息：订单不存在
2016-05-14T09:32:30+08:00 INFO (6): 
2016-05-14 09:32:30:
同步未知异常，订单号：YT161291200006异常信息：订单不存在
2016-05-14T09:32:31+08:00 INFO (6): 
2016-05-14 09:32:31:
同步未知异常，订单号：YT161331200023异常信息：订单不存在
2016-05-14T09:32:31+08:00 INFO (6): 
2016-05-14 09:32:31:
同步未知异常，订单号：YT161331200008异常信息：订单不存在
2016-05-14T09:32:31+08:00 INFO (6): 
2016-05-14 09:32:31:
同步未知异常，订单号：YT161331200013异常信息：订单不存在
2016-05-14T09:32:31+08:00 INFO (6): 
2016-05-14 09:32:31:
同步未知异常，订单号：YT161331200001异常信息：订单不存在
2016-05-14T09:32:32+08:00 INFO (6): 
2016-05-14 09:32:32:
同步未知异常，订单号：YT161291200005异常信息：订单不存在
2016-05-14T09:32:32+08:00 INFO (6): 
2016-05-14 09:32:32:
同步未知异常，订单号：YT161301200005异常信息：订单不存在
2016-05-14T09:32:32+08:00 INFO (6): 
2016-05-14 09:32:32:
同步未知异常，订单号：YT161331200017异常信息：订单不存在
2016-05-14T09:32:32+08:00 INFO (6): 
2016-05-14 09:32:32:
同步未知异常，订单号：YT161331200012异常信息：订单不存在
2016-05-14T09:32:33+08:00 INFO (6): 
2016-05-14 09:32:33:
同步未知异常，订单号：YT161301200007异常信息：订单不存在
2016-05-14T09:32:33+08:00 INFO (6): 
2016-05-14 09:32:33:
同步未知异常，订单号：YT161301200001异常信息：订单不存在
2016-05-14T09:32:33+08:00 INFO (6): 
2016-05-14 09:32:33:
同步未知异常，订单号：YT161321200013异常信息：订单不存在
2016-05-14T09:32:33+08:00 INFO (6): 
2016-05-14 09:32:33:
同步未知异常，订单号：YT161301200009异常信息：订单不存在
2016-05-14T09:32:33+08:00 INFO (6): 
2016-05-14 09:32:33:
同步未知异常，订单号：YT161331200005异常信息：订单不存在
2016-05-14T09:32:34+08:00 INFO (6): 
2016-05-14 09:32:34:
同步未知异常，订单号：YT161341200001异常信息：订单不存在
2016-05-14T09:32:34+08:00 INFO (6): 
2016-05-14 09:32:34:
同步未知异常，订单号：YT161321200002异常信息：订单不存在
2016-05-14T09:32:34+08:00 INFO (6): 
2016-05-14 09:32:34:
同步未知异常，订单号：YT161321200003异常信息：订单不存在
2016-05-14T09:32:34+08:00 INFO (6): 
2016-05-14 09:32:34:
同步未知异常，订单号：YT161301200003异常信息：订单不存在
2016-05-14T09:32:35+08:00 INFO (6): 
2016-05-14 09:32:35:
同步未知异常，订单号：YT161331200039异常信息：订单不存在
2016-05-14T09:32:35+08:00 INFO (6): 
2016-05-14 09:32:35:
同步未知异常，订单号：YT161321200011异常信息：订单不存在
2016-05-14T09:33:24+08:00 INFO (6): 
2016-05-14 09:33:24:
同步未知异常，订单号：YT161331200014异常信息：订单不存在
2016-05-14T09:33:24+08:00 INFO (6): 
2016-05-14 09:33:24:
同步未知异常，订单号：YT161331200002异常信息：订单不存在
2016-05-14T09:33:25+08:00 INFO (6): 
2016-05-14 09:33:25:
同步未知异常，订单号：YT161321200011异常信息：订单不存在
2016-05-14T09:33:25+08:00 INFO (6): 
2016-05-14 09:33:25:
同步未知异常，订单号：YT161341200001异常信息：订单不存在
2016-05-14T09:33:25+08:00 INFO (6): 
2016-05-14 09:33:25:
同步未知异常，订单号：YT161291200004异常信息：订单不存在
2016-05-14T09:33:25+08:00 INFO (6): 
2016-05-14 09:33:25:
同步未知异常，订单号：YT161231200004异常信息：订单不存在
2016-05-14T09:33:26+08:00 INFO (6): 
2016-05-14 09:33:26:
同步未知异常，订单号：YT161301200003异常信息：订单不存在
2016-05-14T09:33:26+08:00 INFO (6): 
2016-05-14 09:33:26:
同步未知异常，订单号：YT161311200001异常信息：订单不存在
2016-05-14T09:33:26+08:00 INFO (6): 
2016-05-14 09:33:26:
同步未知异常，订单号：YT161321200002异常信息：订单不存在
2016-05-14T09:33:26+08:00 INFO (6): 
2016-05-14 09:33:26:
同步未知异常，订单号：YT161231200006异常信息：订单不存在
2016-05-14T09:33:27+08:00 INFO (6): 
2016-05-14 09:33:27:
同步未知异常，订单号：YT161191200023异常信息：订单不存在
2016-05-14T09:33:27+08:00 INFO (6): 
2016-05-14 09:33:27:
同步未知异常，订单号：YT161291200006异常信息：订单不存在
2016-05-14T09:33:27+08:00 INFO (6): 
2016-05-14 09:33:27:
同步未知异常，订单号：YT161331200023异常信息：订单不存在
2016-05-14T09:33:27+08:00 INFO (6): 
2016-05-14 09:33:27:
同步未知异常，订单号：YT161331200018异常信息：订单不存在
2016-05-14T09:33:28+08:00 INFO (6): 
2016-05-14 09:33:28:
同步未知异常，订单号：YT161291200003异常信息：订单不存在
2016-05-14T09:33:28+08:00 INFO (6): 
2016-05-14 09:33:28:
同步未知异常，订单号：YT161301200009异常信息：订单不存在
2016-05-14T09:33:28+08:00 INFO (6): 
2016-05-14 09:33:28:
同步未知异常，订单号：YT161321200013异常信息：订单不存在
2016-05-14T09:33:28+08:00 INFO (6): 
2016-05-14 09:33:28:
同步未知异常，订单号：YT161231200003异常信息：订单不存在
2016-05-14T09:33:29+08:00 INFO (6): 
2016-05-14 09:33:29:
同步未知异常，订单号：YT161331200005异常信息：订单不存在
2016-05-14T09:33:29+08:00 INFO (6): 
2016-05-14 09:33:29:
同步未知异常，订单号：YT161231200007异常信息：订单不存在
2016-05-14T09:33:29+08:00 INFO (6): 
2016-05-14 09:33:29:
同步未知异常，订单号：YT161321200011异常信息：订单不存在
2016-05-14T09:33:29+08:00 INFO (6): 
2016-05-14 09:33:29:
同步未知异常，订单号：YT161331200018异常信息：订单不存在
2016-05-14T09:33:30+08:00 INFO (6): 
2016-05-14 09:33:30:
同步未知异常，订单号：YT161331200017异常信息：订单不存在
2016-05-14T09:33:30+08:00 INFO (6): 
2016-05-14 09:33:30:
同步未知异常，订单号：YT161291200003异常信息：订单不存在
2016-05-14T09:33:30+08:00 INFO (6): 
2016-05-14 09:33:30:
同步未知异常，订单号：YT161331200012异常信息：订单不存在
2016-05-14T09:33:30+08:00 INFO (6): 
2016-05-14 09:33:30:
同步未知异常，订单号：YT161331200034异常信息：订单不存在
2016-05-14T09:33:30+08:00 INFO (6): 
2016-05-14 09:33:30:
同步未知异常，订单号：YT161311200001异常信息：订单不存在
2016-05-14T09:33:30+08:00 INFO (6): 
2016-05-14 09:33:30:
同步未知异常，订单号：YT161331200016异常信息：订单不存在
2016-05-14T09:33:31+08:00 INFO (6): 
2016-05-14 09:33:31:
同步未知异常，订单号：YT161231200005异常信息：订单不存在
2016-05-14T09:33:31+08:00 INFO (6): 
2016-05-14 09:33:31:
同步未知异常，订单号：YT161331200008异常信息：订单不存在
2016-05-14T09:33:31+08:00 INFO (6): 
2016-05-14 09:33:31:
同步未知异常，订单号：YT161331200015异常信息：订单不存在
2016-05-14T09:33:31+08:00 INFO (6): 
2016-05-14 09:33:31:
同步未知异常，订单号：YT161301200001异常信息：订单不存在
2016-05-14T09:33:32+08:00 INFO (6): 
2016-05-14 09:33:32:
同步未知异常，订单号：YT161231200004异常信息：订单不存在
2016-05-14T09:33:32+08:00 INFO (6): 
2016-05-14 09:33:32:
同步未知异常，订单号：YT161321200010异常信息：订单不存在
2016-05-14T09:33:32+08:00 INFO (6): 
2016-05-14 09:33:32:
同步未知异常，订单号：YT161321200003异常信息：订单不存在
2016-05-14T09:33:32+08:00 INFO (6): 
2016-05-14 09:33:32:
同步未知异常，订单号：YT161321200013异常信息：订单不存在
2016-05-14T09:33:33+08:00 INFO (6): 
2016-05-14 09:33:33:
同步未知异常，订单号：YT161301200003异常信息：订单不存在
2016-05-14T09:33:33+08:00 INFO (6): 
2016-05-14 09:33:33:
同步未知异常，订单号：YT161231200007异常信息：订单不存在
2016-05-14T09:33:33+08:00 INFO (6): 
2016-05-14 09:33:33:
同步未知异常，订单号：YT161331200001异常信息：订单不存在
2016-05-14T09:33:33+08:00 INFO (6): 
2016-05-14 09:33:33:
同步未知异常，订单号：YT161291200004异常信息：订单不存在
2016-05-14T09:33:34+08:00 INFO (6): 
2016-05-14 09:33:34:
同步未知异常，订单号：YT161301200008异常信息：订单不存在
2016-05-14T09:33:34+08:00 INFO (6): 
2016-05-14 09:33:34:
同步未知异常，订单号：YT161331200016异常信息：订单不存在
2016-05-14T09:33:34+08:00 INFO (6): 
2016-05-14 09:33:34:
同步未知异常，订单号：YT161301200009异常信息：订单不存在
2016-05-14T09:33:34+08:00 INFO (6): 
2016-05-14 09:33:34:
同步未知异常，订单号：YT161231200004异常信息：订单不存在
2016-05-14T09:33:35+08:00 INFO (6): 
2016-05-14 09:33:35:
同步未知异常，订单号：YT161331200015异常信息：订单不存在
2016-05-14T09:33:35+08:00 INFO (6): 
2016-05-14 09:33:35:
同步未知异常，订单号：YT161331200023异常信息：订单不存在
2016-05-14T09:33:35+08:00 INFO (6): 
2016-05-14 09:33:35:
同步未知异常，订单号：YT161331200001异常信息：订单不存在
2016-05-14T09:33:35+08:00 INFO (6): 
2016-05-14 09:33:35:
同步未知异常，订单号：YT161331200012异常信息：订单不存在
2016-05-14T09:33:36+08:00 INFO (6): 
2016-05-14 09:33:36:
同步未知异常，订单号：YT161331200025异常信息：订单不存在
2016-05-14T09:33:36+08:00 INFO (6): 
2016-05-14 09:33:36:
同步未知异常，订单号：YT161331200022异常信息：订单不存在
2016-05-14T09:33:36+08:00 INFO (6): 
2016-05-14 09:33:36:
同步未知异常，订单号：YT161291200003异常信息：订单不存在
2016-05-14T09:33:36+08:00 INFO (6): 
2016-05-14 09:33:36:
同步未知异常，订单号：YT161301200003异常信息：订单不存在
2016-05-14T09:33:37+08:00 INFO (6): 
2016-05-14 09:33:37:
同步未知异常，订单号：YT161331200013异常信息：订单不存在
2016-05-14T09:33:37+08:00 INFO (6): 
2016-05-14 09:33:37:
同步未知异常，订单号：YT161331200008异常信息：订单不存在
2016-05-14T09:33:37+08:00 INFO (6): 
2016-05-14 09:33:37:
同步未知异常，订单号：YT161321200001异常信息：订单不存在
2016-05-14T09:33:37+08:00 INFO (6): 
2016-05-14 09:33:37:
同步未知异常，订单号：YT161231200007异常信息：订单不存在
2016-05-14T09:33:38+08:00 INFO (6): 
2016-05-14 09:33:38:
同步未知异常，订单号：YT161321200002异常信息：订单不存在
2016-05-14T09:33:38+08:00 INFO (6): 
2016-05-14 09:33:38:
同步未知异常，订单号：YT161331200020异常信息：订单不存在
2016-05-14T09:33:38+08:00 INFO (6): 
2016-05-14 09:33:38:
同步未知异常，订单号：YT161311200001异常信息：订单不存在
2016-05-14T09:33:38+08:00 INFO (6): 
2016-05-14 09:33:38:
同步未知异常，订单号：YT161321200013异常信息：订单不存在
2016-05-14T09:33:46+08:00 INFO (6): 
2016-05-14 09:33:46:
同步未知异常，订单号：YT161331200025异常信息：订单不存在
2016-05-14T09:33:46+08:00 INFO (6): 
2016-05-14 09:33:46:
同步未知异常，订单号：YT161291200004异常信息：订单不存在
2016-05-14T09:33:46+08:00 INFO (6): 
2016-05-14 09:33:46:
同步未知异常，订单号：YT161301200001异常信息：订单不存在
2016-05-14T09:33:46+08:00 INFO (6): 
2016-05-14 09:33:46:
同步未知异常，订单号：YT161191200023异常信息：订单不存在
2016-05-14T09:33:47+08:00 INFO (6): 
2016-05-14 09:33:47:
同步未知异常，订单号：YT161331200017异常信息：订单不存在
2016-05-14T09:33:47+08:00 INFO (6): 
2016-05-14 09:33:47:
同步未知异常，订单号：YT161231200006异常信息：订单不存在
2016-05-14T09:33:47+08:00 INFO (6): 
2016-05-14 09:33:47:
同步未知异常，订单号：YT161231200007异常信息：订单不存在
2016-05-14T09:33:47+08:00 INFO (6): 
2016-05-14 09:33:47:
同步未知异常，订单号：YT161321200003异常信息：订单不存在
2016-05-14T09:33:48+08:00 INFO (6): 
2016-05-14 09:33:48:
同步未知异常，订单号：YT161321200001异常信息：订单不存在
2016-05-14T09:33:48+08:00 INFO (6): 
2016-05-14 09:33:48:
同步未知异常，订单号：YT161301200005异常信息：订单不存在
2016-05-14T09:33:48+08:00 INFO (6): 
2016-05-14 09:33:48:
同步未知异常，订单号：YT161301200009异常信息：订单不存在
2016-05-14T09:33:48+08:00 INFO (6): 
2016-05-14 09:33:48:
同步未知异常，订单号：YT161301200006异常信息：订单不存在
2016-05-14T09:33:49+08:00 INFO (6): 
2016-05-14 09:33:49:
同步未知异常，订单号：YT161321200013异常信息：订单不存在
2016-05-14T09:33:49+08:00 INFO (6): 
2016-05-14 09:33:49:
同步未知异常，订单号：YT161231200005异常信息：订单不存在
2016-05-14T09:33:49+08:00 INFO (6): 
2016-05-14 09:33:49:
同步未知异常，订单号：YT161291200003异常信息：订单不存在
2016-05-14T09:33:49+08:00 INFO (6): 
2016-05-14 09:33:49:
同步未知异常，订单号：YT161291200005异常信息：订单不存在
2016-05-14T09:33:50+08:00 INFO (6): 
2016-05-14 09:33:50:
同步未知异常，订单号：YT161301200008异常信息：订单不存在
2016-05-14T09:33:50+08:00 INFO (6): 
2016-05-14 09:33:50:
同步未知异常，订单号：YT161331200013异常信息：订单不存在
2016-05-14T09:33:50+08:00 INFO (6): 
2016-05-14 09:33:50:
同步未知异常，订单号：YT161291200007异常信息：订单不存在
2016-05-14T09:33:50+08:00 INFO (6): 
2016-05-14 09:33:50:
同步未知异常，订单号：YT161331200005异常信息：订单不存在
2016-05-14T09:33:51+08:00 INFO (6): 
2016-05-14 09:33:51:
同步未知异常，订单号：YT161331200008异常信息：订单不存在
2016-05-14T09:33:51+08:00 INFO (6): 
2016-05-14 09:33:51:
同步未知异常，订单号：YT161231200005异常信息：订单不存在
2016-05-14T09:33:51+08:00 INFO (6): 
2016-05-14 09:33:51:
同步未知异常，订单号：YT161331200020异常信息：订单不存在
2016-05-14T09:33:51+08:00 INFO (6): 
2016-05-14 09:33:51:
同步未知异常，订单号：YT161301200006异常信息：订单不存在
2016-05-14T09:33:52+08:00 INFO (6): 
2016-05-14 09:33:52:
同步未知异常，订单号：YT161301200008异常信息：订单不存在
2016-05-14T09:33:52+08:00 INFO (6): 
2016-05-14 09:33:52:
同步未知异常，订单号：YT161301200009异常信息：订单不存在
2016-05-14T09:33:52+08:00 INFO (6): 
2016-05-14 09:33:52:
同步未知异常，订单号：YT161331200039异常信息：订单不存在
2016-05-14T09:33:52+08:00 INFO (6): 
2016-05-14 09:33:52:
同步未知异常，订单号：YT161331200023异常信息：订单不存在
2016-05-14T09:33:53+08:00 INFO (6): 
2016-05-14 09:33:53:
同步未知异常，订单号：YT161321200001异常信息：订单不存在
2016-05-14T09:33:53+08:00 INFO (6): 
2016-05-14 09:33:53:
同步未知异常，订单号：YT161331200025异常信息：订单不存在
2016-05-14T09:33:53+08:00 INFO (6): 
2016-05-14 09:33:53:
同步未知异常，订单号：YT161291200004异常信息：订单不存在
2016-05-14T09:33:53+08:00 INFO (6): 
2016-05-14 09:33:53:
同步未知异常，订单号：YT161321200002异常信息：订单不存在
2016-05-14T09:33:54+08:00 INFO (6): 
2016-05-14 09:33:54:
同步未知异常，订单号：YT161331200002异常信息：订单不存在
2016-05-14T09:33:54+08:00 INFO (6): 
2016-05-14 09:33:54:
同步未知异常，订单号：YT161331200022异常信息：订单不存在
2016-05-14T09:33:54+08:00 INFO (6): 
2016-05-14 09:33:54:
同步未知异常，订单号：YT161311200001异常信息：订单不存在
2016-05-14T09:33:54+08:00 INFO (6): 
2016-05-14 09:33:54:
同步未知异常，订单号：YT161301200005异常信息：订单不存在
2016-05-14T09:33:55+08:00 INFO (6): 
2016-05-14 09:33:55:
同步未知异常，订单号：YT161231200003异常信息：订单不存在
2016-05-14T09:33:55+08:00 INFO (6): 
2016-05-14 09:33:55:
同步未知异常，订单号：YT161331200005异常信息：订单不存在
2016-05-14T09:33:55+08:00 INFO (6): 
2016-05-14 09:33:55:
同步未知异常，订单号：YT161331200001异常信息：订单不存在
2016-05-14T09:33:55+08:00 INFO (6): 
2016-05-14 09:33:55:
同步未知异常，订单号：YT161341200001异常信息：订单不存在
2016-05-14T09:33:56+08:00 INFO (6): 
2016-05-14 09:33:56:
同步未知异常，订单号：YT161291200003异常信息：订单不存在
2016-05-14T09:33:56+08:00 INFO (6): 
2016-05-14 09:33:56:
同步未知异常，订单号：YT161331200002异常信息：订单不存在
2016-05-14T09:33:56+08:00 INFO (6): 
2016-05-14 09:33:56:
同步未知异常，订单号：YT161291200001异常信息：订单不存在
2016-05-14T09:33:56+08:00 INFO (6): 
2016-05-14 09:33:56:
同步未知异常，订单号：YT161321200011异常信息：订单不存在
2016-05-14T09:33:57+08:00 INFO (6): 
2016-05-14 09:33:57:
同步未知异常，订单号：YT161321200003异常信息：订单不存在
2016-05-14T09:33:57+08:00 INFO (6): 
2016-05-14 09:33:57:
同步未知异常，订单号：YT161331200008异常信息：订单不存在
2016-05-14T09:33:57+08:00 INFO (6): 
2016-05-14 09:33:57:
同步未知异常，订单号：YT161311200001异常信息：订单不存在
2016-05-14T09:33:57+08:00 INFO (6): 
2016-05-14 09:33:57:
同步未知异常，订单号：YT161321200002异常信息：订单不存在
2016-05-14T09:33:58+08:00 INFO (6): 
2016-05-14 09:33:58:
同步未知异常，订单号：YT161331200001异常信息：订单不存在
2016-05-14T09:33:58+08:00 INFO (6): 
2016-05-14 09:33:58:
同步未知异常，订单号：YT161301200001异常信息：订单不存在
2016-05-14T09:33:58+08:00 INFO (6): 
2016-05-14 09:33:58:
同步未知异常，订单号：YT161331200015异常信息：订单不存在
2016-05-14T09:33:58+08:00 INFO (6): 
2016-05-14 09:33:58:
同步未知异常，订单号：YT161331200039异常信息：订单不存在
2016-05-14T09:33:59+08:00 INFO (6): 
2016-05-14 09:33:59:
同步未知异常，订单号：YT161301200003异常信息：订单不存在
2016-05-14T09:33:59+08:00 INFO (6): 
2016-05-14 09:33:59:
同步未知异常，订单号：YT161331200018异常信息：订单不存在
2016-05-14T09:33:59+08:00 INFO (6): 
2016-05-14 09:33:59:
同步未知异常，订单号：YT161321200013异常信息：订单不存在
2016-05-14T09:33:59+08:00 INFO (6): 
2016-05-14 09:33:59:
同步未知异常，订单号：YT161301200009异常信息：订单不存在
2016-05-14T09:34:00+08:00 INFO (6): 
2016-05-14 09:34:00:
同步未知异常，订单号：YT161331200023异常信息：订单不存在
2016-05-14T09:34:00+08:00 INFO (6): 
2016-05-14 09:34:00:
同步未知异常，订单号：YT161331200022异常信息：订单不存在
2016-05-14T09:34:00+08:00 INFO (6): 
2016-05-14 09:34:00:
同步未知异常，订单号：YT161231200004异常信息：订单不存在
2016-05-14T09:34:00+08:00 INFO (6): 
2016-05-14 09:34:00:
同步未知异常，订单号：YT161321200010异常信息：订单不存在
2016-05-14T13:35:47+08:00 INFO (6): 
2016-05-14 13:35:47:
同步未知异常，订单号：YT161331200020异常信息：订单不存在
2016-05-14T13:35:47+08:00 INFO (6): 
2016-05-14 13:35:47:
同步未知异常，订单号：YT161291200003异常信息：订单不存在
2016-05-14T13:35:47+08:00 INFO (6): 
2016-05-14 13:35:47:
同步未知异常，订单号：YT161331200002异常信息：订单不存在
2016-05-14T13:35:47+08:00 INFO (6): 
2016-05-14 13:35:47:
同步未知异常，订单号：YT161341200001异常信息：订单不存在
2016-05-14T13:35:47+08:00 INFO (6): 
2016-05-14 13:35:47:
同步未知异常，订单号：YT161331200013异常信息：订单不存在
2016-05-14T13:35:47+08:00 INFO (6): 
2016-05-14 13:35:47:
同步未知异常，订单号：YT161331200018异常信息：订单不存在
2016-05-14T13:35:47+08:00 INFO (6): 
2016-05-14 13:35:47:
同步未知异常，订单号：YT161331200001异常信息：订单不存在
2016-05-14T13:35:47+08:00 INFO (6): 
2016-05-14 13:35:47:
同步未知异常，订单号：YT161231200004异常信息：订单不存在
2016-05-14T13:35:47+08:00 INFO (6): 
2016-05-14 13:35:47:
同步未知异常，订单号：YT161301200003异常信息：订单不存在
2016-05-14T13:35:47+08:00 INFO (6): 
2016-05-14 13:35:47:
同步未知异常，订单号：YT161321200003异常信息：订单不存在
2016-05-14T13:35:47+08:00 INFO (6): 
2016-05-14 13:35:47:
同步未知异常，订单号：YT161321200013异常信息：订单不存在
2016-05-14T13:35:47+08:00 INFO (6): 
2016-05-14 13:35:47:
同步未知异常，订单号：YT161301200009异常信息：订单不存在
2016-05-14T13:35:47+08:00 INFO (6): 
2016-05-14 13:35:47:
同步未知异常，订单号：YT161321200011异常信息：订单不存在
2016-05-14T13:35:47+08:00 INFO (6): 
2016-05-14 13:35:47:
同步未知异常，订单号：YT161331200034异常信息：订单不存在
2016-05-14T13:35:47+08:00 INFO (6): 
2016-05-14 13:35:47:
同步未知异常，订单号：YT161321200001异常信息：订单不存在
2016-05-14T13:35:47+08:00 INFO (6): 
2016-05-14 13:35:47:
同步未知异常，订单号：YT161291200001异常信息：订单不存在
2016-05-14T13:35:47+08:00 INFO (6): 
2016-05-14 13:35:47:
同步未知异常，订单号：YT161191200023异常信息：订单不存在
2016-05-14T13:35:47+08:00 INFO (6): 
2016-05-14 13:35:47:
同步未知异常，订单号：YT161321200010异常信息：订单不存在
2016-05-14T13:35:47+08:00 INFO (6): 
2016-05-14 13:35:47:
同步未知异常，订单号：YT161291200004异常信息：订单不存在
2016-05-14T13:35:47+08:00 INFO (6): 
2016-05-14 13:35:47:
同步未知异常，订单号：YT161301200001异常信息：订单不存在
2016-05-14T13:35:47+08:00 INFO (6): 
2016-05-14 13:35:47:
同步未知异常，订单号：YT161331200016异常信息：订单不存在
2016-05-14T13:35:47+08:00 INFO (6): 
2016-05-14 13:35:47:
同步未知异常，订单号：YT161291200003异常信息：订单不存在
2016-05-14T13:35:47+08:00 INFO (6): 
2016-05-14 13:35:47:
同步未知异常，订单号：YT161331200014异常信息：订单不存在
2016-05-14T13:35:47+08:00 INFO (6): 
2016-05-14 13:35:47:
同步未知异常，订单号：YT161291200006异常信息：订单不存在
2016-05-14T13:35:47+08:00 INFO (6): 
2016-05-14 13:35:47:
同步未知异常，订单号：YT161301200005异常信息：订单不存在
2016-05-14T13:35:47+08:00 INFO (6): 
2016-05-14 13:35:47:
同步未知异常，订单号：YT161301200001异常信息：订单不存在
2016-05-14T13:35:47+08:00 INFO (6): 
2016-05-14 13:35:47:
同步未知异常，订单号：YT161321200003异常信息：订单不存在
2016-05-14T13:35:47+08:00 INFO (6): 
2016-05-14 13:35:47:
同步未知异常，订单号：YT161291200001异常信息：订单不存在
2016-05-14T13:35:47+08:00 INFO (6): 
2016-05-14 13:35:47:
同步未知异常，订单号：YT161331200001异常信息：订单不存在
2016-05-14T13:35:47+08:00 INFO (6): 
2016-05-14 13:35:47:
同步未知异常，订单号：YT161331200002异常信息：订单不存在
2016-05-14T13:35:47+08:00 INFO (6): 
2016-05-14 13:35:47:
同步未知异常，订单号：YT161331200039异常信息：订单不存在
2016-05-14T13:35:47+08:00 INFO (6): 
2016-05-14 13:35:47:
同步未知异常，订单号：YT161331200038异常信息：订单不存在
2016-05-14T13:35:47+08:00 INFO (6): 
2016-05-14 13:35:47:
同步未知异常，订单号：YT161331200018异常信息：订单不存在
2016-05-14T13:35:47+08:00 INFO (6): 
2016-05-14 13:35:47:
同步未知异常，订单号：YT161331200023异常信息：订单不存在
2016-05-14T13:35:47+08:00 INFO (6): 
2016-05-14 13:35:47:
同步未知异常，订单号：YT161321200013异常信息：订单不存在
2016-05-14T13:35:47+08:00 INFO (6): 
2016-05-14 13:35:47:
同步未知异常，订单号：YT161301200003异常信息：订单不存在
2016-05-14T13:35:47+08:00 INFO (6): 
2016-05-14 13:35:47:
同步未知异常，订单号：YT161301200007异常信息：订单不存在
2016-05-14T13:35:47+08:00 INFO (6): 
2016-05-14 13:35:47:
同步未知异常，订单号：YT161321200002异常信息：订单不存在
2016-05-14T13:35:47+08:00 INFO (6): 
2016-05-14 13:35:47:
同步未知异常，订单号：YT161321200010异常信息：订单不存在
2016-05-14T13:35:47+08:00 INFO (6): 
2016-05-14 13:35:47:
同步未知异常，订单号：YT161331200005异常信息：订单不存在
2016-05-14T13:35:47+08:00 INFO (6): 
2016-05-14 13:35:47:
同步未知异常，订单号：YT161331200017异常信息：订单不存在
2016-05-14T13:35:47+08:00 INFO (6): 
2016-05-14 13:35:47:
同步未知异常，订单号：YT161301200005异常信息：订单不存在
2016-05-14T13:35:47+08:00 INFO (6): 
2016-05-14 13:35:47:
同步未知异常，订单号：YT161291200007异常信息：订单不存在
2016-05-14T13:35:47+08:00 INFO (6): 
2016-05-14 13:35:47:
同步未知异常，订单号：YT161321200001异常信息：订单不存在
2016-05-14T13:35:47+08:00 INFO (6): 
2016-05-14 13:35:47:
同步未知异常，订单号：YT161331200022异常信息：订单不存在
2016-05-14T13:35:47+08:00 INFO (6): 
2016-05-14 13:35:47:
同步未知异常，订单号：YT161291200004异常信息：订单不存在
2016-05-14T13:35:47+08:00 INFO (6): 
2016-05-14 13:35:47:
同步未知异常，订单号：YT161301200008异常信息：订单不存在
2016-05-14T13:35:47+08:00 INFO (6): 
2016-05-14 13:35:47:
同步未知异常，订单号：YT161321200010异常信息：订单不存在
2016-05-14T13:35:47+08:00 INFO (6): 
2016-05-14 13:35:47:
同步未知异常，订单号：YT161331200016异常信息：订单不存在
2016-05-14T13:35:47+08:00 INFO (6): 
2016-05-14 13:35:47:
同步未知异常，订单号：YT161231200003异常信息：订单不存在
2016-05-14T13:35:47+08:00 INFO (6): 
2016-05-14 13:35:47:
同步未知异常，订单号：YT161331200001异常信息：订单不存在
2016-05-14T13:35:47+08:00 INFO (6): 
2016-05-14 13:35:47:
同步未知异常，订单号：YT161231200004异常信息：订单不存在
2016-05-14T13:35:47+08:00 INFO (6): 
2016-05-14 13:35:47:
同步未知异常，订单号：YT161341200001异常信息：订单不存在
2016-05-14T13:35:47+08:00 INFO (6): 
2016-05-14 13:35:47:
同步未知异常，订单号：YT161291200003异常信息：订单不存在
2016-05-14T13:35:47+08:00 INFO (6): 
2016-05-14 13:35:47:
同步未知异常，订单号：YT161331200014异常信息：订单不存在
2016-05-14T13:35:47+08:00 INFO (6): 
2016-05-14 13:35:47:
同步未知异常，订单号：YT161331200034异常信息：订单不存在
2016-05-14T13:35:47+08:00 INFO (6): 
2016-05-14 13:35:47:
同步未知异常，订单号：YT161321200011异常信息：订单不存在
2016-05-14T13:35:47+08:00 INFO (6): 
2016-05-14 13:35:47:
同步未知异常，订单号：YT161331200005异常信息：订单不存在
2016-05-14T13:35:47+08:00 INFO (6): 
2016-05-14 13:35:47:
同步未知异常，订单号：YT161331200008异常信息：订单不存在
2016-05-14T13:35:47+08:00 INFO (6): 
2016-05-14 13:35:47:
同步未知异常，订单号：YT161321200013异常信息：订单不存在
