2014-07-22T16:15:06+08:00 INFO (6): 
2014-07-22 16:15:06:
Array
(
    [ask] => Failure
    [message] => 数据验证失败
    [Error] => Array
        (
            [errMessage] => 数据验证失败
            [errCode] => 0
        )

    [product_sku] => EA140722161505
)
2014-07-22T16:17:10+08:00 INFO (6): 
2014-07-22 16:17:10:
Array
(
    [ask] => Failure
    [message] => 数据验证失败
    [Error] => Array
        (
            [errMessage] => 数据验证失败
            [errCode] => 0
        )

    [err] => Array
        (
            [0] => SKU:[EA140722161710] 上传图片不可多于 8张
        )

    [product_sku] => EA140722161710
)
2014-07-22T16:18:11+08:00 INFO (6): 
2014-07-22 16:18:11:
Array
(
    [ask] => Failure
    [message] => 数据验证失败
    [Error] => Array
        (
            [errMessage] => 数据验证失败
            [errCode] => 0
        )

    [err] => Array
        (
            [0] => SKU:[EA140722161811] 上传图片不可多于 8张
        )

    [product_sku] => EA140722161811
)
2014-07-22T16:18:19+08:00 INFO (6): 
2014-07-22 16:18:19:
Array
(
    [ask] => Failure
    [message] => WMS系统错误,Errors:customer_code not exists
    [Error] => Array
        (
            [errMessage] => WMS系统错误,Errors:customer_code not exists
            [errCode] => 0
        )

    [err] => Array
        (
        )

    [product_sku] => EA140722161819
)
2014-07-22T16:18:40+08:00 INFO (6): 
2014-07-22 16:18:40:
Array
(
    [ask] => Success
    [message] => Success
    [err] => Array
        (
        )

    [product_sku] => EA140722161840
)
2014-07-22T16:20:13+08:00 INFO (6): 
2014-07-22 16:20:13:
Array
(
    [ask] => Success
    [message] => Success
    [err] => Array
        (
        )

    [product_sku] => EA140722162012
)
2014-07-22T16:21:39+08:00 INFO (6): 
2014-07-22 16:21:39:
Array
(
    [ask] => Failure
    [message] => SKU:EA140509201610不存在
    [order_code] => 100002-140722-0004
    [Error] => Array
        (
            [errMessage] => SKU:EA140509201610不存在
            [errCode] => 0
        )

)
2014-07-22T16:23:34+08:00 INFO (6): 
2014-07-22 16:23:34:
Array
(
    [ask] => Failure
    [message] => SKU:EA140509201610不存在
    [order_code] => 100002-140722-0005
    [Error] => Array
        (
            [errMessage] => SKU:EA140509201610不存在
            [errCode] => 0
        )

    [err] => Array
        (
        )

)
2014-07-22T16:25:32+08:00 INFO (6): 
2014-07-22 16:25:32:
Array
(
    [ask] => Failure
    [message] => SKU:EA140509201610不存在
    [order_code] => 100002-140722-0006
    [Error] => Array
        (
            [errMessage] => SKU:EA140509201610不存在
            [errCode] => 0
        )

    [err] => Array
        (
        )

)
2014-07-22T16:26:02+08:00 INFO (6): 
2014-07-22 16:26:02:
Array
(
    [ask] => Failure
    [message] => SKU:EA140509201610不存在
    [order_code] => 100002-140722-0007
    [Error] => Array
        (
            [errMessage] => SKU:EA140509201610不存在
            [errCode] => 0
        )

    [err] => Array
        (
        )

)
2014-07-22T16:28:38+08:00 INFO (6): 
2014-07-22 16:28:38:
Array
(
    [ask] => Failure
    [message] => SKU:EA140509201610不存在
    [order_code] => 100002-140722-0008
    [Error] => Array
        (
            [errMessage] => SKU:EA140509201610不存在
            [errCode] => 0
        )

    [err] => Array
        (
        )

)
2014-07-22T16:29:05+08:00 INFO (6): 
2014-07-22 16:29:05:
Array
(
    [ask] => Failure
    [message] => 1
    [Error] => Array
        (
            [errMessage] => 1
            [errCode] => 0
        )

    [err] => Array
        (
        )

)
2014-07-22T16:31:45+08:00 INFO (6): 
2014-07-22 16:31:45:
Array
(
    [ask] => Failure
    [message] => 参数 items 必填
    [order_code] => 100002-140722-0009
    [Error] => Array
        (
            [errMessage] => 参数 items 必填
            [errCode] => 0
        )

    [err] => Array
        (
            [0] => SKU:EA140509201610不存在
        )

)
2014-07-22T16:33:11+08:00 INFO (6): 
2014-07-22 16:33:11:
Array
(
    [ask] => Failure
    [message] => 数据验证失败
    [order_code] => 100002-140722-0010
    [Error] => Array
        (
            [errMessage] => 数据验证失败
            [errCode] => 0
        )

    [err] => Array
        (
            [0] => 电话号码只能为数字，且长度不可超过11位
        )

)
2014-07-22T16:33:44+08:00 INFO (6): 
2014-07-22 16:33:44:
Array
(
    [ask] => Success
    [message] => Success
    [order_code] => 100002-140722-0011
    [err] => Array
        (
        )

)
2014-07-22T16:59:10+08:00 INFO (6): 
2014-07-22 16:59:10:
Array
(
    [ask] => Success
    [message] => Success
    [err] => Array
        (
        )

    [product_sku] => EA140722165909
)
