2014-07-22T16:15:06+08:00 INFO (6): 
2014-07-22 16:15:06:
Array
(
    [product_sku] => EA140722161505
    [reference_no] => EA140722161505
    [product_title] => EA140722161505
    [product_weight] => 0.35
    [product_length] => 29.70
    [product_width] => 21.00
    [product_height] => 4
    [contain_battery] => 0
    [product_declared_value] => 10
    [product_declared_name] => EA140722161505
    [cat_lang] => en
    [cat_id_level0] => 400001
    [cat_id_level1] => 500013
    [cat_id_level2] => 600109
    [verify] => 1
    [images] => Array
        (
            [0] => http://www.ruston-oms.com/default/system/view-img?pa_id=3415
            [1] => http://www.ruston-oms.com/default/system/view-img?pa_id=3415
            [2] => http://www.ruston-oms.com/default/system/view-img?pa_id=3415
            [3] => http://www.ruston-oms.com/default/system/view-img?pa_id=3415
            [4] => http://www.ruston-oms.com/default/system/view-img?pa_id=3415
            [5] => http://www.ruston-oms.com/default/system/view-img?pa_id=3415
            [6] => http://www.ruston-oms.com/default/system/view-img?pa_id=3415
            [7] => http://www.ruston-oms.com/default/system/view-img?pa_id=3415
            [8] => http://www.ruston-oms.com/default/system/view-img?pa_id=3415
            [9] => http://www.ruston-oms.com/default/system/view-img?pa_id=3415
        )

)
2014-07-22T16:17:10+08:00 INFO (6): 
2014-07-22 16:17:10:
Array
(
    [product_sku] => EA140722161710
    [reference_no] => EA140722161710
    [product_title] => EA140722161710
    [product_weight] => 0.35
    [product_length] => 29.70
    [product_width] => 21.00
    [product_height] => 4
    [contain_battery] => 0
    [product_declared_value] => 10
    [product_declared_name] => EA140722161710
    [cat_lang] => en
    [cat_id_level0] => 400001
    [cat_id_level1] => 500013
    [cat_id_level2] => 600109
    [verify] => 1
    [images] => Array
        (
            [0] => http://www.ruston-oms.com/default/system/view-img?pa_id=3415
            [1] => http://www.ruston-oms.com/default/system/view-img?pa_id=3415
            [2] => http://www.ruston-oms.com/default/system/view-img?pa_id=3415
            [3] => http://www.ruston-oms.com/default/system/view-img?pa_id=3415
            [4] => http://www.ruston-oms.com/default/system/view-img?pa_id=3415
            [5] => http://www.ruston-oms.com/default/system/view-img?pa_id=3415
            [6] => http://www.ruston-oms.com/default/system/view-img?pa_id=3415
            [7] => http://www.ruston-oms.com/default/system/view-img?pa_id=3415
            [8] => http://www.ruston-oms.com/default/system/view-img?pa_id=3415
            [9] => http://www.ruston-oms.com/default/system/view-img?pa_id=3415
        )

)
2014-07-22T16:18:11+08:00 INFO (6): 
2014-07-22 16:18:11:
Array
(
    [product_sku] => EA140722161811
    [reference_no] => EA140722161811
    [product_title] => EA140722161811
    [product_weight] => 0.35
    [product_length] => 29.70
    [product_width] => 21.00
    [product_height] => 4
    [contain_battery] => 0
    [product_declared_value] => 10
    [product_declared_name] => EA140722161811
    [cat_lang] => en
    [cat_id_level0] => 400001
    [cat_id_level1] => 500013
    [cat_id_level2] => 600109
    [verify] => 1
    [images] => Array
        (
            [0] => http://www.ruston-oms.com/default/system/view-img?pa_id=3415
            [1] => http://www.ruston-oms.com/default/system/view-img?pa_id=3415
            [2] => http://www.ruston-oms.com/default/system/view-img?pa_id=3415
            [3] => http://www.ruston-oms.com/default/system/view-img?pa_id=3415
            [4] => http://www.ruston-oms.com/default/system/view-img?pa_id=3415
            [5] => http://www.ruston-oms.com/default/system/view-img?pa_id=3415
            [6] => http://www.ruston-oms.com/default/system/view-img?pa_id=3415
            [7] => http://www.ruston-oms.com/default/system/view-img?pa_id=3415
            [8] => http://www.ruston-oms.com/default/system/view-img?pa_id=3415
            [9] => http://www.ruston-oms.com/default/system/view-img?pa_id=3415
        )

)
2014-07-22T16:18:19+08:00 INFO (6): 
2014-07-22 16:18:19:
Array
(
    [product_sku] => EA140722161819
    [reference_no] => EA140722161819
    [product_title] => EA140722161819
    [product_weight] => 0.35
    [product_length] => 29.70
    [product_width] => 21.00
    [product_height] => 4
    [contain_battery] => 0
    [product_declared_value] => 10
    [product_declared_name] => EA140722161819
    [cat_lang] => en
    [cat_id_level0] => 400001
    [cat_id_level1] => 500013
    [cat_id_level2] => 600109
    [verify] => 1
    [images] => Array
        (
            [0] => http://www.ruston-oms.com/default/system/view-img?pa_id=3415
            [1] => http://www.ruston-oms.com/default/system/view-img?pa_id=3415
            [2] => http://www.ruston-oms.com/default/system/view-img?pa_id=3415
            [3] => http://www.ruston-oms.com/default/system/view-img?pa_id=3415
        )

)
2014-07-22T16:18:40+08:00 INFO (6): 
2014-07-22 16:18:40:
Array
(
    [product_sku] => EA140722161840
    [reference_no] => EA140722161840
    [product_title] => EA140722161840
    [product_weight] => 0.35
    [product_length] => 29.70
    [product_width] => 21.00
    [product_height] => 4
    [contain_battery] => 0
    [product_declared_value] => 10
    [product_declared_name] => EA140722161840
    [cat_lang] => en
    [cat_id_level0] => 400001
    [cat_id_level1] => 500013
    [cat_id_level2] => 600109
    [verify] => 1
    [images] => Array
        (
            [0] => http://www.ruston-oms.com/default/system/view-img?pa_id=3415
            [1] => http://www.ruston-oms.com/default/system/view-img?pa_id=3415
            [2] => http://www.ruston-oms.com/default/system/view-img?pa_id=3415
            [3] => http://www.ruston-oms.com/default/system/view-img?pa_id=3415
        )

)
2014-07-22T16:20:12+08:00 INFO (6): 
2014-07-22 16:20:12:
Array
(
    [product_sku] => EA140722162012
    [reference_no] => EA140722162012
    [product_title] => EA140722162012
    [product_weight] => 0.35
    [product_length] => 29.70
    [product_width] => 21.00
    [product_height] => 4
    [contain_battery] => 0
    [product_declared_value] => 10
    [product_declared_name] => EA140722162012
    [cat_lang] => en
    [cat_id_level0] => 400001
    [cat_id_level1] => 500013
    [cat_id_level2] => 600109
    [verify] => 1
    [images] => Array
        (
            [0] => http://www.ruston-oms.com/default/system/view-img?pa_id=3472
            [1] => http://www.ruston-oms.com/default/system/view-img?pa_id=3472
            [2] => http://www.ruston-oms.com/default/system/view-img?pa_id=3472
            [3] => http://www.ruston-oms.com/default/system/view-img?pa_id=3472
        )

)
2014-07-22T16:21:39+08:00 INFO (6): 
2014-07-22 16:21:39:
Array
(
    [platform] => OTHER
    [warehouse_code] => HRBW
    [shipping_method] => F4
    [reference_no] => ref_1406017299
    [order_desc] => 订单描述
    [country_code] => RU
    [province] => province
    [city] => city
    [address1] => address1
    [address2] => address2
    [address3] => address3
    [zipcode] => 142970
    [doorplate] => doorplate
    [name] => name
    [phone] => phone
    [email] => email
    [parcelDeclaredValue] => 10.5
    [items] => Array
        (
            [0] => Array
                (
                    [product_sku] => EA140509201610
                    [quantity] => 1
                )

        )

)
2014-07-22T16:23:34+08:00 INFO (6): 
2014-07-22 16:23:34:
Array
(
    [platform] => OTHER
    [warehouse_code] => HRBW
    [shipping_method] => F4
    [reference_no] => ref_1406017414
    [order_desc] => 订单描述
    [country_code] => RU
    [province] => province
    [city] => city
    [address1] => address1
    [address2] => address2
    [address3] => address3
    [zipcode] => 142970
    [doorplate] => doorplate
    [name] => name
    [phone] => phone
    [email] => email
    [parcelDeclaredValue] => 10.5
    [items] => Array
        (
            [0] => Array
                (
                    [product_sku] => EA140509201610
                    [quantity] => 1
                )

        )

)
2014-07-22T16:25:32+08:00 INFO (6): 
2014-07-22 16:25:32:
Array
(
    [platform] => OTHER
    [warehouse_code] => HRBW
    [shipping_method] => F4
    [reference_no] => ref_1406017532
    [order_desc] => 订单描述
    [country_code] => RU
    [province] => province
    [city] => city
    [address1] => address1
    [address2] => address2
    [address3] => address3
    [zipcode] => 142970
    [doorplate] => doorplate
    [name] => name
    [phone] => phone
    [email] => email
    [parcelDeclaredValue] => 10.5
    [items] => Array
        (
            [0] => Array
                (
                    [product_sku] => EA140509201610
                    [quantity] => 1
                )

        )

)
2014-07-22T16:26:02+08:00 INFO (6): 
2014-07-22 16:26:02:
Array
(
    [platform] => OTHER
    [warehouse_code] => HRBW
    [shipping_method] => F4
    [reference_no] => ref_1406017562
    [order_desc] => 订单描述
    [country_code] => RU
    [province] => province
    [city] => city
    [address1] => address1
    [address2] => address2
    [address3] => address3
    [zipcode] => 142970
    [doorplate] => doorplate
    [name] => name
    [phone] => phone
    [email] => email
    [parcelDeclaredValue] => 10.5
    [items] => Array
        (
            [0] => Array
                (
                    [product_sku] => EA140509201610
                    [quantity] => 1
                )

        )

)
2014-07-22T16:28:38+08:00 INFO (6): 
2014-07-22 16:28:38:
Array
(
    [platform] => OTHER
    [warehouse_code] => HRBW
    [shipping_method] => F4
    [reference_no] => ref_1406017718
    [order_desc] => 订单描述
    [country_code] => RU
    [province] => province
    [city] => city
    [address1] => address1
    [address2] => address2
    [address3] => address3
    [zipcode] => 142970
    [doorplate] => doorplate
    [name] => name
    [phone] => phone
    [email] => email
    [parcelDeclaredValue] => 10.5
    [items] => Array
        (
            [0] => Array
                (
                    [product_sku] => EA140509201610
                    [quantity] => 1
                )

        )

)
2014-07-22T16:29:05+08:00 INFO (6): 
2014-07-22 16:29:05:
Array
(
    [platform] => OTHER
    [warehouse_code] => HRBW
    [shipping_method] => F4
    [reference_no] => ref_1406017745
    [order_desc] => 订单描述
    [country_code] => RU
    [province] => province
    [city] => city
    [address1] => address1
    [address2] => address2
    [address3] => address3
    [zipcode] => 142970
    [doorplate] => doorplate
    [name] => name
    [phone] => phone
    [email] => email
    [parcelDeclaredValue] => 10.5
    [items] => Array
        (
            [0] => Array
                (
                    [product_sku] => EA140509201610
                    [quantity] => 1
                )

        )

)
2014-07-22T16:31:45+08:00 INFO (6): 
2014-07-22 16:31:45:
Array
(
    [platform] => OTHER
    [warehouse_code] => HRBW
    [shipping_method] => F4
    [reference_no] => ref_1406017904
    [order_desc] => 订单描述
    [country_code] => RU
    [province] => province
    [city] => city
    [address1] => address1
    [address2] => address2
    [address3] => address3
    [zipcode] => 142970
    [doorplate] => doorplate
    [name] => name
    [phone] => phone
    [email] => email
    [parcelDeclaredValue] => 10.5
    [items] => Array
        (
            [0] => Array
                (
                    [product_sku] => EA140509201610
                    [quantity] => 1
                )

        )

)
2014-07-22T16:33:11+08:00 INFO (6): 
2014-07-22 16:33:11:
Array
(
    [platform] => OTHER
    [warehouse_code] => HRBW
    [shipping_method] => F4
    [reference_no] => ref_1406017991
    [order_desc] => 订单描述
    [country_code] => RU
    [province] => province
    [city] => city
    [address1] => address1
    [address2] => address2
    [address3] => address3
    [zipcode] => 142970
    [doorplate] => doorplate
    [name] => name
    [phone] => phone
    [email] => email
    [parcelDeclaredValue] => 10.5
    [items] => Array
        (
            [0] => Array
                (
                    [product_sku] => DD
                    [quantity] => 1
                )

        )

)
2014-07-22T16:33:44+08:00 INFO (6): 
2014-07-22 16:33:44:
Array
(
    [platform] => OTHER
    [warehouse_code] => HRBW
    [shipping_method] => F4
    [reference_no] => ref_1406018024
    [order_desc] => 订单描述
    [country_code] => RU
    [province] => province
    [city] => city
    [address1] => address1
    [address2] => address2
    [address3] => address3
    [zipcode] => 142970
    [doorplate] => doorplate
    [name] => name
    [phone] => phone
    [email] => email
    [parcelDeclaredValue] => 10.5
    [items] => Array
        (
            [0] => Array
                (
                    [product_sku] => DD
                    [quantity] => 1
                )

        )

)
2014-07-22T16:59:10+08:00 INFO (6): 
2014-07-22 16:59:10:
Array
(
    [product_sku] => EA140722165909
    [reference_no] => EA140722165909
    [product_title] => EA140722165909
    [product_weight] => 0.35
    [product_length] => 29.70
    [product_width] => 21.00
    [product_height] => 4
    [contain_battery] => 0
    [product_declared_value] => 10
    [product_declared_name] => EA140722165909
    [cat_lang] => en
    [cat_id_level0] => 400001
    [cat_id_level1] => 500013
    [cat_id_level2] => 600109
    [verify] => 1
    [images] => Array
        (
            [0] => http://www.ruston-oms.com/default/system/view-img?pa_id=3472
            [1] => http://www.ruston-oms.com/default/system/view-img?pa_id=3472
            [2] => http://www.ruston-oms.com/default/system/view-img?pa_id=3472
            [3] => http://www.ruston-oms.com/default/system/view-img?pa_id=3472
        )

)
