2016-04-27T16:59:30+08:00 INFO (6): 
2016-04-27 16:59:30:
订单数据不合法
2016-04-27T17:30:51+08:00 INFO (6): 
2016-04-27 17:30:51:
SQLSTATE[23000]: Integrity constraint violation: 1048 Column 'shipper_hawbcode' cannot be null
2016-04-27T17:32:36+08:00 INFO (6): 
2016-04-27 17:32:36:

2016-04-28T13:42:24+08:00 INFO (6): 
2016-04-28 13:42:24:
换号失败。订单不存在
2016-04-28T13:46:32+08:00 INFO (6): 
2016-04-28 13:46:32:
换号失败。订单不存在111
2016-04-28T20:56:06+08:00 INFO (6): 
2016-04-28 20:56:06:
换号失败。无法获取到 [EQ_SPLNL] 对应的API服务
2016-04-28T21:54:45+08:00 INFO (6): 
2016-04-28 21:54:45:
换号失败。无法获取到 [SAICHENG] 对应的API服务
2016-04-28T21:58:49+08:00 INFO (6): 
2016-04-28 21:58:49:
换号失败。无法获取到 [SAICHENG] 对应的API服务
2016-04-28T22:00:00+08:00 INFO (6): 
2016-04-28 22:00:00:
换号失败。无法获取到 [SAICHENG] 对应的API服务
2016-04-28T22:05:16+08:00 INFO (6): 
2016-04-28 22:05:16:
换号失败。无法获取到 [SAICHENG] 对应的API服务
2016-04-28T22:53:47+08:00 INFO (6): 
2016-04-28 22:53:47:
订单数据不合法
2016-05-05T10:46:16+08:00 INFO (6): 
2016-05-05 10:46:16:
订单数据不合法
2016-05-05T10:46:36+08:00 INFO (6): 
2016-05-05 10:46:36:
订单数据不合法
2016-05-06T14:38:20+08:00 INFO (6): 
2016-05-06 14:38:20:
订单状态不合法
2016-05-06T15:02:03+08:00 INFO (6): 
2016-05-06 15:02:03:
订单状态不合法
2016-05-06T15:06:04+08:00 INFO (6): 
2016-05-06 15:06:04:
订单数据不合法
2016-05-06T15:26:09+08:00 INFO (6): 
2016-05-06 15:26:09:
订单数据不合法
2016-05-06T15:44:58+08:00 INFO (6): 
2016-05-06 15:44:58:
订单数据不合法
2016-05-06T16:16:19+08:00 INFO (6): 
2016-05-06 16:16:19:
订单数据不合法
2016-05-06T16:17:48+08:00 INFO (6): 
2016-05-06 16:17:48:
订单数据不合法
2016-05-06T16:17:57+08:00 INFO (6): 
2016-05-06 16:17:57:
订单数据不合法
2016-05-06T17:07:42+08:00 INFO (6): 
2016-05-06 17:07:42:
订单数据不合法
2016-05-09T10:08:21+08:00 INFO (6): 
2016-05-09 10:08:21:
订单数据不合法
2016-05-09T10:13:08+08:00 INFO (6): 
2016-05-09 10:13:08:
订单数据不合法
2016-05-09T10:23:07+08:00 INFO (6): 
2016-05-09 10:23:07:
订单数据不合法
2016-05-09T10:24:02+08:00 INFO (6): 
2016-05-09 10:24:02:
订单数据不合法
2016-05-09T10:24:26+08:00 INFO (6): 
2016-05-09 10:24:26:
订单数据不合法
2016-05-09T10:25:16+08:00 INFO (6): 
2016-05-09 10:25:16:
订单数据不合法
2016-05-09T10:25:39+08:00 INFO (6): 
2016-05-09 10:25:39:
订单数据不合法
2016-05-09T10:29:51+08:00 INFO (6): 
2016-05-09 10:29:51:
订单数据不合法
2016-05-09T10:40:18+08:00 INFO (6): 
2016-05-09 10:40:18:
订单数据不合法
2016-05-09T10:41:08+08:00 INFO (6): 
2016-05-09 10:41:08:
订单数据不合法
2016-05-09T10:41:53+08:00 INFO (6): 
2016-05-09 10:41:53:
订单数据不合法
2016-05-09T10:43:03+08:00 INFO (6): 
2016-05-09 10:43:03:
订单数据不合法
2016-05-09T10:44:15+08:00 INFO (6): 
2016-05-09 10:44:15:
订单数据不合法
2016-05-09T10:46:49+08:00 INFO (6): 
2016-05-09 10:46:49:
订单数据不合法
2016-05-09T10:48:01+08:00 INFO (6): 
2016-05-09 10:48:01:
订单数据不合法
2016-05-09T10:48:53+08:00 INFO (6): 
2016-05-09 10:48:53:
订单数据不合法
2016-05-09T10:49:24+08:00 INFO (6): 
2016-05-09 10:49:24:
订单数据不合法
2016-05-09T10:49:53+08:00 INFO (6): 
2016-05-09 10:49:53:
订单数据不合法
2016-05-09T10:59:50+08:00 INFO (6): 
2016-05-09 10:59:50:
订单数据不合法
2016-05-09T11:26:51+08:00 INFO (6): 
2016-05-09 11:26:51:
订单数据不合法
2016-05-09T15:10:56+08:00 INFO (6): 
2016-05-09 15:10:56:
订单数据不合法
2016-05-09T15:10:58+08:00 INFO (6): 
2016-05-09 15:10:58:
订单数据不合法
2016-05-09T15:11:01+08:00 INFO (6): 
2016-05-09 15:11:01:
订单数据不合法
2016-05-09T15:11:02+08:00 INFO (6): 
2016-05-09 15:11:02:
订单数据不合法
2016-05-09T15:11:07+08:00 INFO (6): 
2016-05-09 15:11:07:
订单数据不合法
2016-05-09T15:11:08+08:00 INFO (6): 
2016-05-09 15:11:08:
订单数据不合法
2016-05-09T15:11:10+08:00 INFO (6): 
2016-05-09 15:11:10:
订单数据不合法
2016-05-09T15:11:10+08:00 INFO (6): 
2016-05-09 15:11:10:
订单数据不合法
2016-05-09T15:18:30+08:00 INFO (6): 
2016-05-09 15:18:30:
订单数据不合法
2016-05-09T15:20:49+08:00 INFO (6): 
2016-05-09 15:20:49:
订单数据不合法
2016-05-09T15:31:03+08:00 INFO (6): 
2016-05-09 15:31:03:
订单数据不合法
2016-05-09T15:41:07+08:00 INFO (6): 
2016-05-09 15:41:07:
订单数据不合法
2016-05-09T15:51:09+08:00 INFO (6): 
2016-05-09 15:51:09:
订单数据不合法
2016-05-09T15:53:21+08:00 INFO (6): 
2016-05-09 15:53:21:
订单数据不合法
2016-05-09T15:58:30+08:00 INFO (6): 
2016-05-09 15:58:30:
订单数据不合法
2016-05-09T16:10:33+08:00 INFO (6): 
2016-05-09 16:10:33:
订单数据不合法
2016-05-09T16:16:27+08:00 INFO (6): 
2016-05-09 16:16:27:
订单数据不合法
2016-05-09T16:19:03+08:00 INFO (6): 
2016-05-09 16:19:03:
订单数据不合法
2016-05-09T16:47:39+08:00 INFO (6): 
2016-05-09 16:47:39:
订单数据不合法
2016-05-09T16:48:28+08:00 INFO (6): 
2016-05-09 16:48:28:
订单数据不合法
2016-05-09T16:52:23+08:00 INFO (6): 
2016-05-09 16:52:23:
订单数据不合法
2016-05-09T16:54:25+08:00 INFO (6): 
2016-05-09 16:54:25:
订单数据不合法
2016-05-09T16:54:34+08:00 INFO (6): 
2016-05-09 16:54:34:
订单数据不合法
2016-05-09T16:56:02+08:00 INFO (6): 
2016-05-09 16:56:02:
订单数据不合法
2016-05-09T16:57:16+08:00 INFO (6): 
2016-05-09 16:57:16:
SQLSTATE[42S22]: Column not found: 1054 Unknown column 'invoice_totalcharge_all' in 'field list'
2016-05-09T16:58:30+08:00 INFO (6): 
2016-05-09 16:58:30:
SQLSTATE[42S22]: Column not found: 1054 Unknown column 'invoice_totalcharge_all' in 'field list'
2016-05-09T16:59:25+08:00 INFO (6): 
2016-05-09 16:59:25:
SQLSTATE[42S22]: Column not found: 1054 Unknown column 'invoice_totalcharge_all' in 'field list'
2016-05-09T16:59:50+08:00 INFO (6): 
2016-05-09 16:59:50:
SQLSTATE[42S22]: Column not found: 1054 Unknown column 'invoice_totalcharge_all' in 'field list'
2016-05-09T17:46:26+08:00 INFO (6): 
2016-05-09 17:46:26:
订单数据不合法
2016-05-09T17:46:32+08:00 INFO (6): 
2016-05-09 17:46:32:
订单数据不合法
2016-05-09T17:47:50+08:00 INFO (6): 
2016-05-09 17:47:50:
订单数据不合法
2016-05-09T17:53:55+08:00 INFO (6): 
2016-05-09 17:53:55:
订单数据不合法
2016-05-09T18:40:39+08:00 INFO (6): 
2016-05-09 18:40:39:
订单数据不合法
2016-05-09T18:40:52+08:00 INFO (6): 
2016-05-09 18:40:52:
订单数据不合法
2016-05-09T18:55:05+08:00 INFO (6): 
2016-05-09 18:55:05:
订单数据不合法
2016-05-09T18:55:24+08:00 INFO (6): 
2016-05-09 18:55:24:
订单数据不合法
2016-05-10T11:12:57+08:00 INFO (6): 
2016-05-10 11:12:57:
订单数据不合法
2016-05-10T11:44:46+08:00 INFO (6): 
2016-05-10 11:44:46:
订单数据不合法
2016-05-10T13:30:33+08:00 INFO (6): 
2016-05-10 13:30:33:
订单数据不合法
2016-05-11T13:25:29+08:00 INFO (6): 
2016-05-11 13:25:29:
订单数据不合法
2016-05-12T09:38:04+08:00 INFO (6): 
2016-05-12 09:38:04:
订单数据不合法
2016-05-12T09:39:14+08:00 INFO (6): 
2016-05-12 09:39:14:
订单数据不合法
2016-05-12T09:49:24+08:00 INFO (6): 
2016-05-12 09:49:24:
订单数据不合法
2016-05-12T09:49:35+08:00 INFO (6): 
2016-05-12 09:49:35:
订单数据不合法
2016-05-12T09:50:02+08:00 INFO (6): 
2016-05-12 09:50:02:
订单数据不合法
2016-05-12T10:20:55+08:00 INFO (6): 
2016-05-12 10:20:55:
订单数据不合法
2016-05-12T10:23:18+08:00 INFO (6): 
2016-05-12 10:23:18:
订单数据不合法
2016-05-12T10:32:10+08:00 INFO (6): 
2016-05-12 10:32:10:
订单数据不合法
2016-05-12T10:35:17+08:00 INFO (6): 
2016-05-12 10:35:17:
订单数据不合法
2016-05-12T11:44:15+08:00 INFO (6): 
2016-05-12 11:44:15:
订单数据不合法
2016-05-12T11:45:49+08:00 INFO (6): 
2016-05-12 11:45:49:
订单数据不合法
2016-05-12T12:56:15+08:00 INFO (6): 
2016-05-12 12:56:15:
订单数据不合法
2016-05-12T12:56:24+08:00 INFO (6): 
2016-05-12 12:56:24:
订单数据不合法
2016-05-13T10:56:38+08:00 INFO (6): 
2016-05-13 10:56:38:
订单数据不合法
2016-05-13T16:41:15+08:00 INFO (6): 
2016-05-13 16:41:15:
订单数据不合法
2016-05-13T16:41:28+08:00 INFO (6): 
2016-05-13 16:41:28:
订单数据不合法
2016-05-13T16:41:35+08:00 INFO (6): 
2016-05-13 16:41:35:
订单数据不合法
2016-05-13T16:42:26+08:00 INFO (6): 
2016-05-13 16:42:26:
订单数据不合法
2016-05-13T16:42:41+08:00 INFO (6): 
2016-05-13 16:42:41:
订单数据不合法
2016-05-13T16:44:06+08:00 INFO (6): 
2016-05-13 16:44:06:
订单数据不合法
2016-05-13T16:44:30+08:00 INFO (6): 
2016-05-13 16:44:30:
订单数据不合法
2016-05-14T10:20:23+08:00 INFO (6): 
2016-05-14 10:20:23:
订单数据不合法
